Execution time: 27958002069
0-th run
Pass: 1270, Fail: 715, Error: 0
{randoop.jodatime.RandoopTest4.test426=PASS, randoop.jodatime.RandoopTest4.test423=PASS, randoop.jodatime.RandoopTest0.test17=PASS, randoop.jodatime.RandoopTest4.test162=FAILURE, randoop.jodatime.RandoopTest0.test15=PASS, randoop.jodatime.RandoopTest0.test40=PASS, randoop.jodatime.RandoopTest2.test9=PASS, randoop.jodatime.RandoopTest0.test41=PASS, randoop.jodatime.RandoopTest0.test19=PASS, randoop.jodatime.RandoopTest0.test39=PASS, randoop.jodatime.RandoopTest0.test46=PASS, randoop.jodatime.RandoopTest0.test67=PASS, randoop.jodatime.RandoopTest1.test4=FAILURE, randoop.jodatime.RandoopTest2.test189=PASS, randoop.jodatime.RandoopTest2.test159=FAILURE, randoop.jodatime.RandoopTest0.test58=PASS, randoop.jodatime.RandoopTest2.test53=FAILURE, randoop.jodatime.RandoopTest2.test66=PASS, randoop.jodatime.RandoopTest1.test486=FAILURE, randoop.jodatime.RandoopTest1.test453=PASS, randoop.jodatime.RandoopTest0.test113=FAILURE, randoop.jodatime.RandoopTest4.test312=PASS, randoop.jodatime.RandoopTest2.test199=PASS, randoop.jodatime.RandoopTest2.test69=PASS, randoop.jodatime.RandoopTest1.test313=PASS, randoop.jodatime.RandoopTest0.test71=FAILURE, randoop.jodatime.RandoopTest4.test18=FAILURE, randoop.jodatime.RandoopTest1.test471=PASS, randoop.jodatime.RandoopTest1.test41=PASS, randoop.jodatime.RandoopTest1.test114=PASS, randoop.jodatime.RandoopTest1.test160=FAILURE, randoop.jodatime.RandoopTest4.test391=PASS, randoop.jodatime.RandoopTest3.test1=FAILURE, randoop.jodatime.RandoopTest0.test274=PASS, randoop.jodatime.RandoopTest1.test311=PASS, randoop.jodatime.RandoopTest0.test416=FAILURE, randoop.jodatime.RandoopTest2.test239=PASS, randoop.jodatime.RandoopTest0.test204=PASS, randoop.jodatime.RandoopTest1.test167=PASS, randoop.jodatime.RandoopTest2.test193=FAILURE, randoop.jodatime.RandoopTest1.test108=FAILURE, randoop.jodatime.RandoopTest2.test216=FAILURE, randoop.jodatime.RandoopTest0.test293=FAILURE, randoop.jodatime.RandoopTest2.test381=PASS, randoop.jodatime.RandoopTest1.test220=PASS, randoop.jodatime.RandoopTest0.test408=FAILURE, randoop.jodatime.RandoopTest0.test320=FAILURE, randoop.jodatime.RandoopTest2.test218=PASS, randoop.jodatime.RandoopTest1.test58=PASS, randoop.jodatime.RandoopTest0.test445=PASS, randoop.jodatime.RandoopTest3.test164=PASS, randoop.jodatime.RandoopTest1.test277=PASS, randoop.jodatime.RandoopTest0.test197=PASS, randoop.jodatime.RandoopTest0.test432=FAILURE, randoop.jodatime.RandoopTest4.test1=PASS, randoop.jodatime.RandoopTest1.test45=FAILURE, randoop.jodatime.RandoopTest1.test154=FAILURE, randoop.jodatime.RandoopTest0.test192=FAILURE, randoop.jodatime.RandoopTest0.test213=PASS, randoop.jodatime.RandoopTest1.test253=PASS, randoop.jodatime.RandoopTest1.test22=FAILURE, randoop.jodatime.RandoopTest5.test134=FAILURE, randoop.jodatime.RandoopTest1.test20=PASS, randoop.jodatime.RandoopTest3.test135=PASS, randoop.jodatime.RandoopTest4.test431=PASS, randoop.jodatime.RandoopTest0.test402=FAILURE, randoop.jodatime.RandoopTest3.test445=FAILURE, randoop.jodatime.RandoopTest1.test26=PASS, randoop.jodatime.RandoopTest0.test165=FAILURE, randoop.jodatime.RandoopTest4.test494=PASS, randoop.jodatime.RandoopTest0.test489=FAILURE, randoop.jodatime.RandoopTest4.test309=PASS, randoop.jodatime.RandoopTest1.test155=FAILURE, randoop.jodatime.RandoopTest4.test439=FAILURE, randoop.jodatime.RandoopTest0.test456=PASS, randoop.jodatime.RandoopTest4.test22=FAILURE, randoop.jodatime.RandoopTest1.test24=FAILURE, randoop.jodatime.RandoopTest4.test428=PASS, randoop.jodatime.RandoopTest4.test398=PASS, randoop.jodatime.RandoopTest1.test317=PASS, randoop.jodatime.RandoopTest1.test162=PASS, randoop.jodatime.RandoopTest0.test352=PASS, randoop.jodatime.RandoopTest2.test372=PASS, randoop.jodatime.RandoopTest0.test335=PASS, randoop.jodatime.RandoopTest1.test339=PASS, randoop.jodatime.RandoopTest4.test476=FAILURE, randoop.jodatime.RandoopTest0.test386=FAILURE, randoop.jodatime.RandoopTest4.test458=PASS, randoop.jodatime.RandoopTest0.test112=PASS, randoop.jodatime.RandoopTest0.test154=PASS, randoop.jodatime.RandoopTest0.test182=FAILURE, randoop.jodatime.RandoopTest0.test272=PASS, randoop.jodatime.RandoopTest0.test436=PASS, randoop.jodatime.RandoopTest0.test363=PASS, randoop.jodatime.RandoopTest0.test172=FAILURE, randoop.jodatime.RandoopTest1.test264=PASS, randoop.jodatime.RandoopTest0.test84=PASS, randoop.jodatime.RandoopTest1.test18=PASS, randoop.jodatime.RandoopTest0.test141=FAILURE, randoop.jodatime.RandoopTest0.test349=PASS, randoop.jodatime.RandoopTest0.test499=FAILURE, randoop.jodatime.RandoopTest1.test43=PASS, randoop.jodatime.RandoopTest4.test380=PASS, randoop.jodatime.RandoopTest4.test385=PASS, randoop.jodatime.RandoopTest0.test441=PASS, randoop.jodatime.RandoopTest4.test452=FAILURE, randoop.jodatime.RandoopTest4.test455=FAILURE, randoop.jodatime.RandoopTest4.test324=PASS, randoop.jodatime.RandoopTest1.test225=FAILURE, randoop.jodatime.RandoopTest1.test82=FAILURE, randoop.jodatime.RandoopTest1.test119=FAILURE, randoop.jodatime.RandoopTest1.test283=FAILURE, randoop.jodatime.RandoopTest1.test216=FAILURE, randoop.jodatime.RandoopTest1.test38=FAILURE, randoop.jodatime.RandoopTest0.test105=PASS, randoop.jodatime.RandoopTest4.test487=FAILURE, randoop.jodatime.RandoopTest1.test70=FAILURE, randoop.jodatime.RandoopTest1.test124=FAILURE, randoop.jodatime.RandoopTest1.test260=FAILURE, randoop.jodatime.RandoopTest1.test262=FAILURE, randoop.jodatime.RandoopTest0.test451=PASS, randoop.jodatime.RandoopTest0.test269=PASS, randoop.jodatime.RandoopTest1.test149=FAILURE, randoop.jodatime.RandoopTest1.test56=FAILURE, randoop.jodatime.RandoopTest0.test414=PASS, randoop.jodatime.RandoopTest1.test19=PASS, randoop.jodatime.RandoopTest0.test404=FAILURE, randoop.jodatime.RandoopTest1.test55=PASS, randoop.jodatime.RandoopTest0.test216=PASS, randoop.jodatime.RandoopTest0.test122=PASS, randoop.jodatime.RandoopTest4.test447=FAILURE, randoop.jodatime.RandoopTest0.test115=PASS, randoop.jodatime.RandoopTest4.test415=FAILURE, randoop.jodatime.RandoopTest2.test206=FAILURE, randoop.jodatime.RandoopTest1.test196=FAILURE, randoop.jodatime.RandoopTest4.test67=PASS, randoop.jodatime.RandoopTest0.test406=PASS, randoop.jodatime.RandoopTest1.test85=PASS, randoop.jodatime.RandoopTest4.test413=FAILURE, randoop.jodatime.RandoopTest4.test474=FAILURE, randoop.jodatime.RandoopTest0.test467=FAILURE, randoop.jodatime.RandoopTest0.test110=FAILURE, randoop.jodatime.RandoopTest4.test376=FAILURE, randoop.jodatime.RandoopTest1.test388=PASS, randoop.jodatime.RandoopTest4.test465=FAILURE, randoop.jodatime.RandoopTest0.test468=FAILURE, randoop.jodatime.RandoopTest1.test103=FAILURE, randoop.jodatime.RandoopTest0.test476=FAILURE, randoop.jodatime.RandoopTest4.test211=PASS, randoop.jodatime.RandoopTest0.test280=PASS, randoop.jodatime.RandoopTest1.test64=PASS, randoop.jodatime.RandoopTest1.test241=PASS, randoop.jodatime.RandoopTest4.test374=FAILURE, randoop.jodatime.RandoopTest1.test168=FAILURE, randoop.jodatime.RandoopTest4.test441=PASS, randoop.jodatime.RandoopTest0.test421=FAILURE, randoop.jodatime.RandoopTest4.test378=PASS, randoop.jodatime.RandoopTest4.test405=PASS, randoop.jodatime.RandoopTest0.test148=PASS, randoop.jodatime.RandoopTest5.test136=FAILURE, randoop.jodatime.RandoopTest4.test498=PASS, randoop.jodatime.RandoopTest0.test295=PASS, randoop.jodatime.RandoopTest1.test73=FAILURE, randoop.jodatime.RandoopTest1.test202=PASS, randoop.jodatime.RandoopTest0.test453=PASS, randoop.jodatime.RandoopTest0.test369=FAILURE, randoop.jodatime.RandoopTest2.test283=FAILURE, randoop.jodatime.RandoopTest5.test35=FAILURE, randoop.jodatime.RandoopTest0.test87=PASS, randoop.jodatime.RandoopTest2.test23=PASS, randoop.jodatime.RandoopTest0.test177=PASS, randoop.jodatime.RandoopTest0.test127=PASS, randoop.jodatime.RandoopTest1.test62=FAILURE, randoop.jodatime.RandoopTest0.test396=PASS, randoop.jodatime.RandoopTest4.test279=FAILURE, randoop.jodatime.RandoopTest0.test306=FAILURE, randoop.jodatime.RandoopTest0.test400=FAILURE, randoop.jodatime.RandoopTest0.test410=PASS, randoop.jodatime.RandoopTest0.test485=PASS, randoop.jodatime.RandoopTest2.test196=FAILURE, randoop.jodatime.RandoopTest1.test110=FAILURE, randoop.jodatime.RandoopTest0.test218=PASS, randoop.jodatime.RandoopTest0.test246=FAILURE, randoop.jodatime.RandoopTest0.test160=PASS, randoop.jodatime.RandoopTest2.test194=FAILURE, randoop.jodatime.RandoopTest2.test207=FAILURE, randoop.jodatime.RandoopTest4.test464=FAILURE, randoop.jodatime.RandoopTest1.test247=PASS, randoop.jodatime.RandoopTest1.test487=PASS, randoop.jodatime.RandoopTest0.test282=FAILURE, randoop.jodatime.RandoopTest2.test202=FAILURE, randoop.jodatime.RandoopTest2.test212=FAILURE, randoop.jodatime.RandoopTest4.test444=PASS, randoop.jodatime.RandoopTest1.test233=PASS, randoop.jodatime.RandoopTest2.test198=FAILURE, randoop.jodatime.RandoopTest4.test60=PASS, randoop.jodatime.RandoopTest2.test287=PASS, randoop.jodatime.RandoopTest2.test200=FAILURE, randoop.jodatime.RandoopTest1.test59=FAILURE, randoop.jodatime.RandoopTest4.test86=FAILURE, randoop.jodatime.RandoopTest4.test470=FAILURE, randoop.jodatime.RandoopTest1.test137=PASS, randoop.jodatime.RandoopTest0.test78=PASS, randoop.jodatime.RandoopTest0.test323=PASS, randoop.jodatime.RandoopTest1.test51=PASS, randoop.jodatime.RandoopTest3.test54=FAILURE, randoop.jodatime.RandoopTest1.test99=FAILURE, randoop.jodatime.RandoopTest2.test211=PASS, randoop.jodatime.RandoopTest4.test496=FAILURE, randoop.jodatime.RandoopTest1.test74=FAILURE, randoop.jodatime.RandoopTest4.test443=FAILURE, randoop.jodatime.RandoopTest3.test153=PASS, randoop.jodatime.RandoopTest2.test213=PASS, randoop.jodatime.RandoopTest3.test10=PASS, randoop.jodatime.RandoopTest3.test421=PASS, randoop.jodatime.RandoopTest1.test267=FAILURE, randoop.jodatime.RandoopTest0.test346=FAILURE, randoop.jodatime.RandoopTest1.test109=FAILURE, randoop.jodatime.RandoopTest2.test221=PASS, randoop.jodatime.RandoopTest1.test92=FAILURE, randoop.jodatime.RandoopTest2.test220=PASS, randoop.jodatime.RandoopTest2.test201=PASS, randoop.jodatime.RandoopTest0.test175=PASS, randoop.jodatime.RandoopTest1.test172=PASS, randoop.jodatime.RandoopTest0.test98=PASS, randoop.jodatime.RandoopTest1.test251=FAILURE, randoop.jodatime.RandoopTest1.test280=FAILURE, randoop.jodatime.RandoopTest1.test146=FAILURE, randoop.jodatime.RandoopTest1.test254=PASS, randoop.jodatime.RandoopTest1.test207=FAILURE, randoop.jodatime.RandoopTest1.test91=FAILURE, randoop.jodatime.RandoopTest4.test176=FAILURE, randoop.jodatime.RandoopTest1.test173=FAILURE, randoop.jodatime.RandoopTest1.test193=FAILURE, randoop.jodatime.RandoopTest1.test222=FAILURE, randoop.jodatime.RandoopTest1.test144=FAILURE, randoop.jodatime.RandoopTest4.test254=FAILURE, randoop.jodatime.RandoopTest4.test418=FAILURE, randoop.jodatime.RandoopTest4.test395=FAILURE, randoop.jodatime.RandoopTest1.test258=PASS, randoop.jodatime.RandoopTest1.test250=FAILURE, randoop.jodatime.RandoopTest4.test448=FAILURE, randoop.jodatime.RandoopTest4.test435=PASS, randoop.jodatime.RandoopTest0.test491=PASS, randoop.jodatime.RandoopTest0.test248=PASS, randoop.jodatime.RandoopTest4.test421=PASS, randoop.jodatime.RandoopTest0.test208=FAILURE, randoop.jodatime.RandoopTest0.test484=FAILURE, randoop.jodatime.RandoopTest4.test169=FAILURE, randoop.jodatime.RandoopTest1.test279=PASS, randoop.jodatime.RandoopTest0.test482=FAILURE, randoop.jodatime.RandoopTest0.test497=FAILURE, randoop.jodatime.RandoopTest4.test185=PASS, randoop.jodatime.RandoopTest4.test384=FAILURE, randoop.jodatime.RandoopTest1.test106=PASS, randoop.jodatime.RandoopTest4.test268=PASS, randoop.jodatime.RandoopTest4.test437=FAILURE, randoop.jodatime.RandoopTest4.test401=FAILURE, randoop.jodatime.RandoopTest1.test165=PASS, randoop.jodatime.RandoopTest4.test467=PASS, randoop.jodatime.RandoopTest1.test236=PASS, randoop.jodatime.RandoopTest4.test372=PASS, randoop.jodatime.RandoopTest0.test475=PASS, randoop.jodatime.RandoopTest1.test176=PASS, randoop.jodatime.RandoopTest0.test478=FAILURE, randoop.jodatime.RandoopTest1.test257=PASS, randoop.jodatime.RandoopTest0.test375=PASS, randoop.jodatime.RandoopTest1.test131=PASS, randoop.jodatime.RandoopTest1.test217=PASS, randoop.jodatime.RandoopTest0.test325=FAILURE, randoop.jodatime.RandoopTest3.test98=FAILURE, randoop.jodatime.RandoopTest0.test189=PASS, randoop.jodatime.RandoopTest1.test238=PASS, randoop.jodatime.RandoopTest1.test248=PASS, randoop.jodatime.RandoopTest0.test347=FAILURE, randoop.jodatime.RandoopTest4.test450=PASS, randoop.jodatime.RandoopTest1.test271=PASS, randoop.jodatime.RandoopTest1.test230=PASS, randoop.jodatime.RandoopTest1.test135=PASS, randoop.jodatime.RandoopTest1.test101=PASS, randoop.jodatime.RandoopTest4.test408=FAILURE, randoop.jodatime.RandoopTest1.test199=PASS, randoop.jodatime.RandoopTest1.test170=PASS, randoop.jodatime.RandoopTest4.test389=PASS, randoop.jodatime.RandoopTest0.test354=PASS, randoop.jodatime.RandoopTest0.test144=FAILURE, randoop.jodatime.RandoopTest2.test178=FAILURE, randoop.jodatime.RandoopTest0.test383=PASS, randoop.jodatime.RandoopTest0.test135=PASS, randoop.jodatime.RandoopTest1.test122=PASS, randoop.jodatime.RandoopTest0.test150=PASS, randoop.jodatime.RandoopTest0.test278=PASS, randoop.jodatime.RandoopTest1.test240=FAILURE, randoop.jodatime.RandoopTest0.test304=PASS, randoop.jodatime.RandoopTest2.test170=PASS, randoop.jodatime.RandoopTest0.test117=PASS, randoop.jodatime.RandoopTest1.test282=PASS, randoop.jodatime.RandoopTest0.test287=PASS, randoop.jodatime.RandoopTest0.test91=PASS, randoop.jodatime.RandoopTest0.test107=PASS, randoop.jodatime.RandoopTest4.test284=PASS, randoop.jodatime.RandoopTest0.test360=PASS, randoop.jodatime.RandoopTest0.test238=PASS, randoop.jodatime.RandoopTest0.test74=PASS, randoop.jodatime.RandoopTest0.test412=PASS, randoop.jodatime.RandoopTest0.test418=FAILURE, randoop.jodatime.RandoopTest0.test429=PASS, randoop.jodatime.RandoopTest0.test495=PASS, randoop.jodatime.RandoopTest0.test309=PASS, randoop.jodatime.RandoopTest2.test148=FAILURE, randoop.jodatime.RandoopTest0.test390=PASS, randoop.jodatime.RandoopTest0.test260=PASS, randoop.jodatime.RandoopTest0.test263=PASS, randoop.jodatime.RandoopTest4.test481=PASS, randoop.jodatime.RandoopTest0.test443=PASS, randoop.jodatime.RandoopTest0.test302=PASS, randoop.jodatime.RandoopTest3.test5=FAILURE, randoop.jodatime.RandoopTest0.test437=FAILURE, randoop.jodatime.RandoopTest0.test121=PASS, randoop.jodatime.RandoopTest0.test232=PASS, randoop.jodatime.RandoopTest0.test330=PASS, randoop.jodatime.RandoopTest0.test211=PASS, randoop.jodatime.RandoopTest0.test371=PASS, randoop.jodatime.RandoopTest0.test328=PASS, randoop.jodatime.RandoopTest1.test147=FAILURE, randoop.jodatime.RandoopTest3.test283=PASS, randoop.jodatime.RandoopTest0.test338=PASS, randoop.jodatime.RandoopTest2.test140=PASS, randoop.jodatime.RandoopTest0.test381=PASS, randoop.jodatime.RandoopTest0.test315=PASS, randoop.jodatime.RandoopTest0.test266=PASS, randoop.jodatime.RandoopTest4.test91=FAILURE, randoop.jodatime.RandoopTest1.test234=PASS, randoop.jodatime.RandoopTest0.test86=FAILURE, randoop.jodatime.RandoopTest0.test472=PASS, randoop.jodatime.RandoopTest4.test106=PASS, randoop.jodatime.RandoopTest0.test358=PASS, randoop.jodatime.RandoopTest1.test15=PASS, randoop.jodatime.RandoopTest4.test451=FAILURE, randoop.jodatime.RandoopTest2.test362=PASS, randoop.jodatime.RandoopTest0.test83=PASS, randoop.jodatime.RandoopTest1.test88=PASS, randoop.jodatime.RandoopTest3.test18=PASS, randoop.jodatime.RandoopTest0.test230=PASS, randoop.jodatime.RandoopTest3.test484=PASS, randoop.jodatime.RandoopTest0.test339=PASS, randoop.jodatime.RandoopTest4.test400=FAILURE, randoop.jodatime.RandoopTest0.test479=PASS, randoop.jodatime.RandoopTest4.test357=PASS, randoop.jodatime.RandoopTest1.test8=PASS, randoop.jodatime.RandoopTest2.test24=FAILURE, randoop.jodatime.RandoopTest0.test109=PASS, randoop.jodatime.RandoopTest1.test223=FAILURE, randoop.jodatime.RandoopTest3.test226=FAILURE, randoop.jodatime.RandoopTest0.test314=PASS, randoop.jodatime.RandoopTest0.test249=PASS, randoop.jodatime.RandoopTest0.test181=PASS, randoop.jodatime.RandoopTest3.test367=PASS, randoop.jodatime.RandoopTest0.test153=PASS, randoop.jodatime.RandoopTest1.test175=FAILURE, randoop.jodatime.RandoopTest1.test128=FAILURE, randoop.jodatime.RandoopTest1.test50=PASS, randoop.jodatime.RandoopTest1.test152=PASS, randoop.jodatime.RandoopTest0.test195=PASS, randoop.jodatime.RandoopTest3.test144=FAILURE, randoop.jodatime.RandoopTest1.test212=FAILURE, randoop.jodatime.RandoopTest4.test424=FAILURE, randoop.jodatime.RandoopTest0.test391=PASS, randoop.jodatime.RandoopTest3.test341=PASS, randoop.jodatime.RandoopTest3.test379=FAILURE, randoop.jodatime.RandoopTest1.test25=FAILURE, randoop.jodatime.RandoopTest0.test173=PASS, randoop.jodatime.RandoopTest0.test143=PASS, randoop.jodatime.RandoopTest1.test104=PASS, randoop.jodatime.RandoopTest0.test356=PASS, randoop.jodatime.RandoopTest4.test432=PASS, randoop.jodatime.RandoopTest4.test386=FAILURE, randoop.jodatime.RandoopTest3.test377=PASS, randoop.jodatime.RandoopTest2.test54=PASS, randoop.jodatime.RandoopTest2.test490=FAILURE, randoop.jodatime.RandoopTest3.test432=FAILURE, randoop.jodatime.RandoopTest3.test175=PASS, randoop.jodatime.RandoopTest1.test112=PASS, randoop.jodatime.RandoopTest0.test215=PASS, randoop.jodatime.RandoopTest1.test226=PASS, randoop.jodatime.RandoopTest3.test115=FAILURE, randoop.jodatime.RandoopTest4.test64=FAILURE, randoop.jodatime.RandoopTest4.test477=FAILURE, randoop.jodatime.RandoopTest3.test296=PASS, randoop.jodatime.RandoopTest0.test96=PASS, randoop.jodatime.RandoopTest3.test265=PASS, randoop.jodatime.RandoopTest1.test47=PASS, randoop.jodatime.RandoopTest1.test125=PASS, randoop.jodatime.RandoopTest1.test96=FAILURE, randoop.jodatime.RandoopTest4.test479=FAILURE, randoop.jodatime.RandoopTest1.test120=PASS, randoop.jodatime.RandoopTest4.test365=PASS, randoop.jodatime.RandoopTest1.test78=PASS, randoop.jodatime.RandoopTest1.test218=PASS, randoop.jodatime.RandoopTest0.test139=PASS, randoop.jodatime.RandoopTest0.test284=PASS, randoop.jodatime.RandoopTest4.test434=PASS, randoop.jodatime.RandoopTest1.test245=PASS, randoop.jodatime.RandoopTest0.test81=PASS, randoop.jodatime.RandoopTest4.test491=PASS, randoop.jodatime.RandoopTest4.test396=PASS, randoop.jodatime.RandoopTest1.test163=PASS, randoop.jodatime.RandoopTest0.test271=PASS, randoop.jodatime.RandoopTest4.test347=PASS, randoop.jodatime.RandoopTest1.test210=PASS, randoop.jodatime.RandoopTest0.test191=PASS, randoop.jodatime.RandoopTest0.test376=PASS, randoop.jodatime.RandoopTest1.test161=FAILURE, randoop.jodatime.RandoopTest1.test46=FAILURE, randoop.jodatime.RandoopTest0.test424=PASS, randoop.jodatime.RandoopTest0.test256=PASS, randoop.jodatime.RandoopTest4.test46=FAILURE, randoop.jodatime.RandoopTest0.test169=PASS, randoop.jodatime.RandoopTest0.test311=PASS, randoop.jodatime.RandoopTest2.test329=PASS, randoop.jodatime.RandoopTest0.test228=PASS, randoop.jodatime.RandoopTest0.test220=PASS, randoop.jodatime.RandoopTest0.test222=PASS, randoop.jodatime.RandoopTest3.test402=PASS, randoop.jodatime.RandoopTest4.test463=PASS, randoop.jodatime.RandoopTest0.test163=PASS, randoop.jodatime.RandoopTest0.test423=PASS, randoop.jodatime.RandoopTest0.test243=PASS, randoop.jodatime.RandoopTest0.test184=PASS, randoop.jodatime.RandoopTest0.test365=PASS, randoop.jodatime.RandoopTest4.test77=PASS, randoop.jodatime.RandoopTest2.test357=FAILURE, randoop.jodatime.RandoopTest4.test230=FAILURE, randoop.jodatime.RandoopTest1.test98=FAILURE, randoop.jodatime.RandoopTest3.test223=FAILURE, randoop.jodatime.RandoopTest1.test44=FAILURE, randoop.jodatime.RandoopTest2.test313=FAILURE, randoop.jodatime.RandoopTest2.test332=FAILURE, randoop.jodatime.RandoopTest4.test139=PASS, randoop.jodatime.RandoopTest3.test343=PASS, randoop.jodatime.RandoopTest0.test125=PASS, randoop.jodatime.RandoopTest2.test442=FAILURE, randoop.jodatime.RandoopTest1.test284=PASS, randoop.jodatime.RandoopTest3.test140=PASS, randoop.jodatime.RandoopTest1.test213=PASS, randoop.jodatime.RandoopTest4.test453=PASS, randoop.jodatime.RandoopTest4.test473=PASS, randoop.jodatime.RandoopTest4.test490=PASS, randoop.jodatime.RandoopTest2.test233=PASS, randoop.jodatime.RandoopTest1.test231=PASS, randoop.jodatime.RandoopTest2.test336=PASS, randoop.jodatime.RandoopTest4.test82=PASS, randoop.jodatime.RandoopTest2.test236=FAILURE, randoop.jodatime.RandoopTest4.test238=FAILURE, randoop.jodatime.RandoopTest1.test219=FAILURE, randoop.jodatime.RandoopTest2.test245=PASS, randoop.jodatime.RandoopTest0.test95=PASS, randoop.jodatime.RandoopTest1.test401=PASS, randoop.jodatime.RandoopTest0.test372=PASS, randoop.jodatime.RandoopTest4.test340=FAILURE, randoop.jodatime.RandoopTest1.test237=PASS, randoop.jodatime.RandoopTest1.test419=PASS, randoop.jodatime.RandoopTest1.test242=FAILURE, randoop.jodatime.RandoopTest3.test424=FAILURE, randoop.jodatime.RandoopTest5.test139=FAILURE, randoop.jodatime.RandoopTest1.test84=FAILURE, randoop.jodatime.RandoopTest3.test467=FAILURE, randoop.jodatime.RandoopTest4.test341=FAILURE, randoop.jodatime.RandoopTest2.test215=PASS, randoop.jodatime.RandoopTest3.test372=FAILURE, randoop.jodatime.RandoopTest0.test79=PASS, randoop.jodatime.RandoopTest4.test20=FAILURE, randoop.jodatime.RandoopTest3.test209=FAILURE, randoop.jodatime.RandoopTest4.test248=FAILURE, randoop.jodatime.RandoopTest1.test336=PASS, randoop.jodatime.RandoopTest0.test397=PASS, randoop.jodatime.RandoopTest3.test272=FAILURE, randoop.jodatime.RandoopTest3.test335=FAILURE, randoop.jodatime.RandoopTest1.test444=PASS, randoop.jodatime.RandoopTest2.test219=FAILURE, randoop.jodatime.RandoopTest2.test340=FAILURE, randoop.jodatime.RandoopTest4.test100=PASS, randoop.jodatime.RandoopTest3.test184=FAILURE, randoop.jodatime.RandoopTest3.test383=FAILURE, randoop.jodatime.RandoopTest3.test233=FAILURE, randoop.jodatime.RandoopTest2.test317=FAILURE, randoop.jodatime.RandoopTest4.test361=FAILURE, randoop.jodatime.RandoopTest2.test373=FAILURE, randoop.jodatime.RandoopTest3.test129=FAILURE, randoop.jodatime.RandoopTest0.test343=PASS, randoop.jodatime.RandoopTest3.test196=FAILURE, randoop.jodatime.RandoopTest0.test299=PASS, randoop.jodatime.RandoopTest3.test170=FAILURE, randoop.jodatime.RandoopTest1.test138=PASS, randoop.jodatime.RandoopTest2.test309=PASS, randoop.jodatime.RandoopTest3.test396=PASS, randoop.jodatime.RandoopTest3.test106=FAILURE, randoop.jodatime.RandoopTest3.test333=FAILURE, randoop.jodatime.RandoopTest3.test190=PASS, randoop.jodatime.RandoopTest0.test500=PASS, randoop.jodatime.RandoopTest3.test121=FAILURE, randoop.jodatime.RandoopTest2.test474=PASS, randoop.jodatime.RandoopTest3.test280=FAILURE, randoop.jodatime.RandoopTest0.test448=PASS, randoop.jodatime.RandoopTest3.test444=PASS, randoop.jodatime.RandoopTest2.test465=PASS, randoop.jodatime.RandoopTest3.test326=FAILURE, randoop.jodatime.RandoopTest3.test252=FAILURE, randoop.jodatime.RandoopTest3.test220=FAILURE, randoop.jodatime.RandoopTest3.test457=FAILURE, randoop.jodatime.RandoopTest2.test432=FAILURE, randoop.jodatime.RandoopTest2.test275=FAILURE, randoop.jodatime.RandoopTest3.test416=PASS, randoop.jodatime.RandoopTest3.test258=FAILURE, randoop.jodatime.RandoopTest2.test446=FAILURE, randoop.jodatime.RandoopTest4.test457=PASS, randoop.jodatime.RandoopTest3.test61=PASS, randoop.jodatime.RandoopTest0.test108=PASS, randoop.jodatime.RandoopTest3.test238=PASS, randoop.jodatime.RandoopTest3.test178=PASS, randoop.jodatime.RandoopTest4.test311=PASS, randoop.jodatime.RandoopTest2.test323=PASS, randoop.jodatime.RandoopTest2.test499=PASS, randoop.jodatime.RandoopTest3.test357=PASS, randoop.jodatime.RandoopTest2.test303=PASS, randoop.jodatime.RandoopTest2.test387=FAILURE, randoop.jodatime.RandoopTest3.test441=FAILURE, randoop.jodatime.RandoopTest2.test438=PASS, randoop.jodatime.RandoopTest3.test350=PASS, randoop.jodatime.RandoopTest0.test488=PASS, randoop.jodatime.RandoopTest3.test82=PASS, randoop.jodatime.RandoopTest2.test397=PASS, randoop.jodatime.RandoopTest2.test434=PASS, randoop.jodatime.RandoopTest3.test187=PASS, randoop.jodatime.RandoopTest3.test488=PASS, randoop.jodatime.RandoopTest0.test387=PASS, randoop.jodatime.RandoopTest3.test391=PASS, randoop.jodatime.RandoopTest2.test188=PASS, randoop.jodatime.RandoopTest3.test454=FAILURE, randoop.jodatime.RandoopTest3.test137=PASS, randoop.jodatime.RandoopTest3.test213=PASS, randoop.jodatime.RandoopTest3.test412=PASS, randoop.jodatime.RandoopTest3.test89=PASS, randoop.jodatime.RandoopTest0.test318=PASS, randoop.jodatime.RandoopTest2.test430=PASS, randoop.jodatime.RandoopTest3.test75=PASS, randoop.jodatime.RandoopTest0.test201=PASS, randoop.jodatime.RandoopTest4.test258=PASS, randoop.jodatime.RandoopTest2.test354=PASS, randoop.jodatime.RandoopTest2.test487=PASS, randoop.jodatime.RandoopTest2.test408=PASS, randoop.jodatime.RandoopTest0.test420=FAILURE, randoop.jodatime.RandoopTest3.test14=PASS, randoop.jodatime.RandoopTest1.test323=PASS, randoop.jodatime.RandoopTest2.test418=PASS, randoop.jodatime.RandoopTest0.test240=PASS, randoop.jodatime.RandoopTest4.test459=FAILURE, randoop.jodatime.RandoopTest4.test247=FAILURE, randoop.jodatime.RandoopTest3.test360=PASS, randoop.jodatime.RandoopTest3.test460=FAILURE, randoop.jodatime.RandoopTest4.test499=PASS, randoop.jodatime.RandoopTest0.test470=PASS, randoop.jodatime.RandoopTest2.test272=FAILURE, randoop.jodatime.RandoopTest2.test265=PASS, randoop.jodatime.RandoopTest0.test329=PASS, randoop.jodatime.RandoopTest1.test178=PASS, randoop.jodatime.RandoopTest2.test20=PASS, randoop.jodatime.RandoopTest5.test63=FAILURE, randoop.jodatime.RandoopTest3.test310=PASS, randoop.jodatime.RandoopTest4.test489=PASS, randoop.jodatime.RandoopTest4.test134=FAILURE, randoop.jodatime.RandoopTest3.test495=PASS, randoop.jodatime.RandoopTest4.test123=FAILURE, randoop.jodatime.RandoopTest4.test482=PASS, randoop.jodatime.RandoopTest1.test86=PASS, randoop.jodatime.RandoopTest0.test321=PASS, randoop.jodatime.RandoopTest2.test192=PASS, randoop.jodatime.RandoopTest2.test417=PASS, randoop.jodatime.RandoopTest2.test428=PASS, randoop.jodatime.RandoopTest4.test97=PASS, randoop.jodatime.RandoopTest0.test462=PASS, randoop.jodatime.RandoopTest4.test6=PASS, randoop.jodatime.RandoopTest2.test411=PASS, randoop.jodatime.RandoopTest3.test8=PASS, randoop.jodatime.RandoopTest3.test146=PASS, randoop.jodatime.RandoopTest4.test483=FAILURE, randoop.jodatime.RandoopTest0.test102=PASS, randoop.jodatime.RandoopTest4.test154=FAILURE, randoop.jodatime.RandoopTest4.test274=FAILURE, randoop.jodatime.RandoopTest0.test234=PASS, randoop.jodatime.RandoopTest4.test125=FAILURE, randoop.jodatime.RandoopTest3.test320=FAILURE, randoop.jodatime.RandoopTest0.test275=PASS, randoop.jodatime.RandoopTest0.test225=PASS, randoop.jodatime.RandoopTest2.test480=PASS, randoop.jodatime.RandoopTest3.test473=PASS, randoop.jodatime.RandoopTest1.test256=PASS, randoop.jodatime.RandoopTest0.test239=PASS, randoop.jodatime.RandoopTest4.test11=PASS, randoop.jodatime.RandoopTest2.test296=PASS, randoop.jodatime.RandoopTest2.test493=FAILURE, randoop.jodatime.RandoopTest0.test435=FAILURE, randoop.jodatime.RandoopTest4.test433=PASS, randoop.jodatime.RandoopTest1.test28=PASS, randoop.jodatime.RandoopTest3.test22=FAILURE, randoop.jodatime.RandoopTest2.test388=PASS, randoop.jodatime.RandoopTest3.test217=PASS, randoop.jodatime.RandoopTest3.test494=PASS, randoop.jodatime.RandoopTest0.test431=PASS, randoop.jodatime.RandoopTest3.test288=FAILURE, randoop.jodatime.RandoopTest2.test314=PASS, randoop.jodatime.RandoopTest3.test91=PASS, randoop.jodatime.RandoopTest2.test384=PASS, randoop.jodatime.RandoopTest4.test205=PASS, randoop.jodatime.RandoopTest0.test128=PASS, randoop.jodatime.RandoopTest0.test200=PASS, randoop.jodatime.RandoopTest4.test110=FAILURE, randoop.jodatime.RandoopTest4.test159=PASS, randoop.jodatime.RandoopTest1.test286=PASS, randoop.jodatime.RandoopTest2.test98=FAILURE, randoop.jodatime.RandoopTest2.test294=PASS, randoop.jodatime.RandoopTest2.test401=FAILURE, randoop.jodatime.RandoopTest1.test102=PASS, randoop.jodatime.RandoopTest1.test200=PASS, randoop.jodatime.RandoopTest0.test190=PASS, randoop.jodatime.RandoopTest1.test77=FAILURE, randoop.jodatime.RandoopTest2.test330=PASS, randoop.jodatime.RandoopTest3.test65=FAILURE, randoop.jodatime.RandoopTest0.test283=FAILURE, randoop.jodatime.RandoopTest4.test370=PASS, randoop.jodatime.RandoopTest3.test261=PASS, randoop.jodatime.RandoopTest1.test158=PASS, randoop.jodatime.RandoopTest2.test427=PASS, randoop.jodatime.RandoopTest0.test258=FAILURE, randoop.jodatime.RandoopTest4.test315=FAILURE, randoop.jodatime.RandoopTest3.test492=PASS, randoop.jodatime.RandoopTest3.test244=PASS, randoop.jodatime.RandoopTest3.test318=FAILURE, randoop.jodatime.RandoopTest3.test262=FAILURE, randoop.jodatime.RandoopTest3.test167=PASS, randoop.jodatime.RandoopTest0.test394=PASS, randoop.jodatime.RandoopTest3.test453=FAILURE, randoop.jodatime.RandoopTest0.test235=FAILURE, randoop.jodatime.RandoopTest2.test278=PASS, randoop.jodatime.RandoopTest2.test256=PASS, randoop.jodatime.RandoopTest4.test472=PASS, randoop.jodatime.RandoopTest3.test346=FAILURE, randoop.jodatime.RandoopTest0.test203=PASS, randoop.jodatime.RandoopTest0.test174=PASS, randoop.jodatime.RandoopTest4.test101=FAILURE, randoop.jodatime.RandoopTest2.test368=FAILURE, randoop.jodatime.RandoopTest0.test217=PASS, randoop.jodatime.RandoopTest3.test462=PASS, randoop.jodatime.RandoopTest0.test242=PASS, randoop.jodatime.RandoopTest4.test163=PASS, randoop.jodatime.RandoopTest0.test207=PASS, randoop.jodatime.RandoopTest3.test58=FAILURE, randoop.jodatime.RandoopTest3.test100=PASS, randoop.jodatime.RandoopTest4.test348=FAILURE, randoop.jodatime.RandoopTest3.test331=PASS, randoop.jodatime.RandoopTest1.test151=PASS, randoop.jodatime.RandoopTest3.test292=FAILURE, randoop.jodatime.RandoopTest1.test174=PASS, randoop.jodatime.RandoopTest2.test494=PASS, randoop.jodatime.RandoopTest3.test277=PASS, randoop.jodatime.RandoopTest0.test101=PASS, randoop.jodatime.RandoopTest4.test107=FAILURE, randoop.jodatime.RandoopTest3.test427=PASS, randoop.jodatime.RandoopTest4.test471=FAILURE, randoop.jodatime.RandoopTest4.test143=PASS, randoop.jodatime.RandoopTest3.test437=PASS, randoop.jodatime.RandoopTest3.test388=PASS, randoop.jodatime.RandoopTest0.test463=PASS, randoop.jodatime.RandoopTest3.test116=PASS, randoop.jodatime.RandoopTest4.test466=FAILURE, randoop.jodatime.RandoopTest2.test402=PASS, randoop.jodatime.RandoopTest3.test50=PASS, randoop.jodatime.RandoopTest0.test359=PASS, randoop.jodatime.RandoopTest4.test13=PASS, randoop.jodatime.RandoopTest2.test46=FAILURE, randoop.jodatime.RandoopTest4.test289=PASS, randoop.jodatime.RandoopTest0.test337=PASS, randoop.jodatime.RandoopTest0.test254=PASS, randoop.jodatime.RandoopTest4.test332=PASS, randoop.jodatime.RandoopTest4.test192=PASS, randoop.jodatime.RandoopTest0.test308=PASS, randoop.jodatime.RandoopTest2.test132=PASS, randoop.jodatime.RandoopTest2.test453=FAILURE, randoop.jodatime.RandoopTest4.test53=PASS, randoop.jodatime.RandoopTest1.test52=FAILURE, randoop.jodatime.RandoopTest3.test406=PASS, randoop.jodatime.RandoopTest1.test356=FAILURE, randoop.jodatime.RandoopTest0.test206=PASS, randoop.jodatime.RandoopTest1.test49=FAILURE, randoop.jodatime.RandoopTest3.test386=PASS, randoop.jodatime.RandoopTest4.test394=FAILURE, randoop.jodatime.RandoopTest4.test124=FAILURE, randoop.jodatime.RandoopTest4.test69=FAILURE, randoop.jodatime.RandoopTest4.test392=PASS, randoop.jodatime.RandoopTest4.test382=FAILURE, randoop.jodatime.RandoopTest3.test79=PASS, randoop.jodatime.RandoopTest0.test119=FAILURE, randoop.jodatime.RandoopTest1.test63=PASS, randoop.jodatime.RandoopTest3.test429=FAILURE, randoop.jodatime.RandoopTest4.test103=PASS, randoop.jodatime.RandoopTest2.test422=PASS, randoop.jodatime.RandoopTest4.test8=PASS, randoop.jodatime.RandoopTest2.test308=PASS, randoop.jodatime.RandoopTest4.test74=FAILURE, randoop.jodatime.RandoopTest2.test450=PASS, randoop.jodatime.RandoopTest2.test248=PASS, randoop.jodatime.RandoopTest1.test105=PASS, randoop.jodatime.RandoopTest3.test303=PASS, randoop.jodatime.RandoopTest2.test347=PASS, randoop.jodatime.RandoopTest4.test30=FAILURE, randoop.jodatime.RandoopTest2.test270=PASS, randoop.jodatime.RandoopTest0.test114=PASS, randoop.jodatime.RandoopTest0.test471=PASS, randoop.jodatime.RandoopTest4.test409=PASS, randoop.jodatime.RandoopTest4.test446=PASS, randoop.jodatime.RandoopTest4.test166=PASS, randoop.jodatime.RandoopTest4.test454=PASS, randoop.jodatime.RandoopTest0.test385=PASS, randoop.jodatime.RandoopTest3.test11=PASS, randoop.jodatime.RandoopTest3.test337=PASS, randoop.jodatime.RandoopTest2.test413=FAILURE, randoop.jodatime.RandoopTest4.test242=PASS, randoop.jodatime.RandoopTest1.test142=PASS, randoop.jodatime.RandoopTest3.test317=PASS, randoop.jodatime.RandoopTest4.test233=PASS, randoop.jodatime.RandoopTest2.test365=PASS, randoop.jodatime.RandoopTest3.test16=FAILURE, randoop.jodatime.RandoopTest4.test288=PASS, randoop.jodatime.RandoopTest1.test244=PASS, randoop.jodatime.RandoopTest4.test94=PASS, randoop.jodatime.RandoopTest4.test44=PASS, randoop.jodatime.RandoopTest2.test268=FAILURE, randoop.jodatime.RandoopTest4.test406=PASS, randoop.jodatime.RandoopTest4.test116=PASS, randoop.jodatime.RandoopTest3.test461=PASS, randoop.jodatime.RandoopTest0.test322=PASS, randoop.jodatime.RandoopTest4.test145=PASS, randoop.jodatime.RandoopTest4.test115=PASS, randoop.jodatime.RandoopTest3.test290=PASS, randoop.jodatime.RandoopTest4.test314=PASS, randoop.jodatime.RandoopTest3.test323=PASS, randoop.jodatime.RandoopTest4.test136=FAILURE, randoop.jodatime.RandoopTest0.test257=PASS, randoop.jodatime.RandoopTest0.test399=PASS, randoop.jodatime.RandoopTest4.test480=FAILURE, randoop.jodatime.RandoopTest0.test430=PASS, randoop.jodatime.RandoopTest4.test21=FAILURE, randoop.jodatime.RandoopTest0.test123=PASS, randoop.jodatime.RandoopTest0.test88=PASS, randoop.jodatime.RandoopTest0.test205=PASS, randoop.jodatime.RandoopTest2.test243=FAILURE, randoop.jodatime.RandoopTest0.test447=PASS, randoop.jodatime.RandoopTest3.test381=FAILURE, randoop.jodatime.RandoopTest0.test317=PASS, randoop.jodatime.RandoopTest0.test487=PASS, randoop.jodatime.RandoopTest2.test321=FAILURE, randoop.jodatime.RandoopTest0.test324=PASS, randoop.jodatime.RandoopTest0.test199=PASS, randoop.jodatime.RandoopTest3.test270=FAILURE, randoop.jodatime.RandoopTest0.test92=PASS, randoop.jodatime.RandoopTest3.test418=FAILURE, randoop.jodatime.RandoopTest2.test234=FAILURE, randoop.jodatime.RandoopTest1.test17=FAILURE, randoop.jodatime.RandoopTest2.test298=FAILURE, randoop.jodatime.RandoopTest2.test319=FAILURE, randoop.jodatime.RandoopTest3.test401=FAILURE, randoop.jodatime.RandoopTest3.test113=FAILURE, randoop.jodatime.RandoopTest4.test403=FAILURE, randoop.jodatime.RandoopTest1.test208=PASS, randoop.jodatime.RandoopTest3.test393=PASS, randoop.jodatime.RandoopTest2.test253=PASS, randoop.jodatime.RandoopTest3.test300=FAILURE, randoop.jodatime.RandoopTest4.test335=FAILURE, randoop.jodatime.RandoopTest2.test376=FAILURE, randoop.jodatime.RandoopTest3.test199=FAILURE, randoop.jodatime.RandoopTest1.test156=PASS, randoop.jodatime.RandoopTest3.test347=FAILURE, randoop.jodatime.RandoopTest4.test105=FAILURE, randoop.jodatime.RandoopTest3.test108=FAILURE, randoop.jodatime.RandoopTest4.test445=FAILURE, randoop.jodatime.RandoopTest3.test20=PASS, randoop.jodatime.RandoopTest2.test459=FAILURE, randoop.jodatime.RandoopTest1.test440=PASS, randoop.jodatime.RandoopTest4.test119=PASS, randoop.jodatime.RandoopTest4.test353=FAILURE, randoop.jodatime.RandoopTest3.test380=FAILURE, randoop.jodatime.RandoopTest3.test247=FAILURE, randoop.jodatime.RandoopTest2.test462=FAILURE, randoop.jodatime.RandoopTest3.test352=FAILURE, randoop.jodatime.RandoopTest3.test394=PASS, randoop.jodatime.RandoopTest3.test451=FAILURE, randoop.jodatime.RandoopTest2.test302=FAILURE, randoop.jodatime.RandoopTest3.test125=FAILURE, randoop.jodatime.RandoopTest0.test161=PASS, randoop.jodatime.RandoopTest2.test392=FAILURE, randoop.jodatime.RandoopTest4.test407=PASS, randoop.jodatime.RandoopTest3.test161=FAILURE, randoop.jodatime.RandoopTest4.test201=PASS, randoop.jodatime.RandoopTest2.test484=FAILURE, randoop.jodatime.RandoopTest4.test236=PASS, randoop.jodatime.RandoopTest3.test202=PASS, randoop.jodatime.RandoopTest3.test204=PASS, randoop.jodatime.RandoopTest3.test490=PASS, randoop.jodatime.RandoopTest2.test444=FAILURE, randoop.jodatime.RandoopTest3.test232=FAILURE, randoop.jodatime.RandoopTest4.test219=FAILURE, randoop.jodatime.RandoopTest2.test356=FAILURE, randoop.jodatime.RandoopTest2.test118=PASS, randoop.jodatime.RandoopTest3.test245=PASS, randoop.jodatime.RandoopTest0.test477=FAILURE, randoop.jodatime.RandoopTest2.test481=FAILURE, randoop.jodatime.RandoopTest3.test193=FAILURE, randoop.jodatime.RandoopTest3.test254=PASS, randoop.jodatime.RandoopTest3.test477=PASS, randoop.jodatime.RandoopTest2.test456=PASS, randoop.jodatime.RandoopTest2.test468=PASS, randoop.jodatime.RandoopTest4.test42=PASS, randoop.jodatime.RandoopTest3.test159=FAILURE, randoop.jodatime.RandoopTest3.test242=FAILURE, randoop.jodatime.RandoopTest4.test128=FAILURE, randoop.jodatime.RandoopTest2.test276=PASS, randoop.jodatime.RandoopTest2.test292=PASS, randoop.jodatime.RandoopTest3.test94=PASS, randoop.jodatime.RandoopTest4.test369=FAILURE, randoop.jodatime.RandoopTest1.test57=FAILURE, randoop.jodatime.RandoopTest3.test181=PASS, randoop.jodatime.RandoopTest2.test391=FAILURE, randoop.jodatime.RandoopTest3.test86=PASS, randoop.jodatime.RandoopTest4.test48=FAILURE, randoop.jodatime.RandoopTest3.test314=PASS, randoop.jodatime.RandoopTest2.test229=PASS, randoop.jodatime.RandoopTest2.test467=PASS, randoop.jodatime.RandoopTest2.test300=PASS, randoop.jodatime.RandoopTest2.test226=PASS, randoop.jodatime.RandoopTest4.test235=FAILURE, randoop.jodatime.RandoopTest3.test312=FAILURE, randoop.jodatime.RandoopTest4.test189=FAILURE, randoop.jodatime.RandoopTest2.test349=PASS, randoop.jodatime.RandoopTest0.test210=PASS, randoop.jodatime.RandoopTest2.test360=PASS, randoop.jodatime.RandoopTest2.test439=PASS, randoop.jodatime.RandoopTest4.test141=FAILURE, randoop.jodatime.RandoopTest2.test420=PASS, randoop.jodatime.RandoopTest1.test268=PASS, randoop.jodatime.RandoopTest0.test298=PASS, randoop.jodatime.RandoopTest1.test121=FAILURE, randoop.jodatime.RandoopTest3.test309=FAILURE, randoop.jodatime.RandoopTest4.test52=PASS, randoop.jodatime.RandoopTest1.test150=PASS, randoop.jodatime.RandoopTest0.test297=FAILURE, randoop.jodatime.RandoopTest3.test275=FAILURE, randoop.jodatime.RandoopTest0.test202=PASS, randoop.jodatime.RandoopTest0.test492=FAILURE, randoop.jodatime.RandoopTest4.test222=FAILURE, randoop.jodatime.RandoopTest5.test95=FAILURE, randoop.jodatime.RandoopTest1.test157=FAILURE, randoop.jodatime.RandoopTest4.test263=PASS, randoop.jodatime.RandoopTest4.test57=FAILURE, randoop.jodatime.RandoopTest4.test200=PASS, randoop.jodatime.RandoopTest0.test351=PASS, randoop.jodatime.RandoopTest3.test465=PASS, randoop.jodatime.RandoopTest0.test183=PASS, randoop.jodatime.RandoopTest1.test190=PASS, randoop.jodatime.RandoopTest1.test409=FAILURE, randoop.jodatime.RandoopTest4.test212=FAILURE, randoop.jodatime.RandoopTest4.test250=FAILURE, randoop.jodatime.RandoopTest4.test317=FAILURE, randoop.jodatime.RandoopTest0.test250=PASS, randoop.jodatime.RandoopTest4.test218=PASS, randoop.jodatime.RandoopTest4.test92=FAILURE, randoop.jodatime.RandoopTest4.test484=PASS, randoop.jodatime.RandoopTest1.test473=PASS, randoop.jodatime.RandoopTest4.test191=FAILURE, randoop.jodatime.RandoopTest0.test241=PASS, randoop.jodatime.RandoopTest2.test301=FAILURE, randoop.jodatime.RandoopTest4.test478=FAILURE, randoop.jodatime.RandoopTest4.test223=PASS, randoop.jodatime.RandoopTest1.test83=PASS, randoop.jodatime.RandoopTest4.test221=FAILURE, randoop.jodatime.RandoopTest1.test177=PASS, randoop.jodatime.RandoopTest1.test139=PASS, randoop.jodatime.RandoopTest1.test203=PASS, randoop.jodatime.RandoopTest4.test87=FAILURE, randoop.jodatime.RandoopTest4.test79=FAILURE, randoop.jodatime.RandoopTest0.test312=PASS, randoop.jodatime.RandoopTest4.test199=PASS, randoop.jodatime.RandoopTest1.test235=FAILURE, randoop.jodatime.RandoopTest1.test171=PASS, randoop.jodatime.RandoopTest4.test33=PASS, randoop.jodatime.RandoopTest4.test229=PASS, randoop.jodatime.RandoopTest0.test434=FAILURE, randoop.jodatime.RandoopTest4.test358=PASS, randoop.jodatime.RandoopTest4.test172=PASS, randoop.jodatime.RandoopTest4.test183=PASS, randoop.jodatime.RandoopTest4.test271=PASS, randoop.jodatime.RandoopTest4.test58=PASS, randoop.jodatime.RandoopTest4.test174=PASS, randoop.jodatime.RandoopTest0.test267=FAILURE, randoop.jodatime.RandoopTest3.test498=FAILURE, randoop.jodatime.RandoopTest4.test197=PASS, randoop.jodatime.RandoopTest4.test500=PASS, randoop.jodatime.RandoopTest4.test129=FAILURE, randoop.jodatime.RandoopTest4.test285=PASS, randoop.jodatime.RandoopTest3.test368=PASS, randoop.jodatime.RandoopTest4.test72=PASS, randoop.jodatime.RandoopTest2.test260=FAILURE, randoop.jodatime.RandoopTest0.test286=PASS, randoop.jodatime.RandoopTest4.test161=PASS, randoop.jodatime.RandoopTest4.test160=FAILURE, randoop.jodatime.RandoopTest4.test70=PASS, randoop.jodatime.RandoopTest4.test95=PASS, randoop.jodatime.RandoopTest0.test384=PASS, randoop.jodatime.RandoopTest4.test277=PASS, randoop.jodatime.RandoopTest4.test206=PASS, randoop.jodatime.RandoopTest4.test71=PASS, randoop.jodatime.RandoopTest3.test124=FAILURE, randoop.jodatime.RandoopTest3.test400=PASS, randoop.jodatime.RandoopTest4.test257=FAILURE, randoop.jodatime.RandoopTest0.test221=PASS, randoop.jodatime.RandoopTest0.test131=PASS, randoop.jodatime.RandoopTest0.test279=PASS, randoop.jodatime.RandoopTest0.test465=PASS, randoop.jodatime.RandoopTest3.test154=PASS, randoop.jodatime.RandoopTest0.test419=PASS, randoop.jodatime.RandoopTest0.test483=PASS, randoop.jodatime.RandoopTest0.test331=PASS, randoop.jodatime.RandoopTest3.test239=FAILURE, randoop.jodatime.RandoopTest0.test198=PASS, randoop.jodatime.RandoopTest0.test259=PASS, randoop.jodatime.RandoopTest0.test273=PASS, randoop.jodatime.RandoopTest0.test75=PASS, randoop.jodatime.RandoopTest0.test255=PASS, randoop.jodatime.RandoopTest0.test401=PASS, randoop.jodatime.RandoopTest1.test97=PASS, randoop.jodatime.RandoopTest5.test91=PASS, randoop.jodatime.RandoopTest0.test291=PASS, randoop.jodatime.RandoopTest0.test170=PASS, randoop.jodatime.RandoopTest0.test473=PASS, randoop.jodatime.RandoopTest3.test85=FAILURE, randoop.jodatime.RandoopTest0.test146=FAILURE, randoop.jodatime.RandoopTest0.test413=PASS, randoop.jodatime.RandoopTest4.test429=PASS, randoop.jodatime.RandoopTest2.test224=PASS, randoop.jodatime.RandoopTest4.test10=FAILURE, randoop.jodatime.RandoopTest4.test3=PASS, randoop.jodatime.RandoopTest4.test468=PASS, randoop.jodatime.RandoopTest1.test278=PASS, randoop.jodatime.RandoopTest4.test15=FAILURE, randoop.jodatime.RandoopTest3.test434=FAILURE, randoop.jodatime.RandoopTest3.test321=FAILURE, randoop.jodatime.RandoopTest4.test251=PASS, randoop.jodatime.RandoopTest3.test324=FAILURE, randoop.jodatime.RandoopTest1.test410=FAILURE, randoop.jodatime.RandoopTest4.test180=PASS, randoop.jodatime.RandoopTest4.test120=FAILURE, randoop.jodatime.RandoopTest3.test297=FAILURE, randoop.jodatime.RandoopTest2.test369=PASS, randoop.jodatime.RandoopTest2.test29=FAILURE, randoop.jodatime.RandoopTest3.test49=FAILURE, randoop.jodatime.RandoopTest4.test19=FAILURE, randoop.jodatime.RandoopTest0.test452=PASS, randoop.jodatime.RandoopTest1.test21=PASS, randoop.jodatime.RandoopTest4.test45=PASS, randoop.jodatime.RandoopTest4.test17=FAILURE, randoop.jodatime.RandoopTest3.test298=FAILURE, randoop.jodatime.RandoopTest4.test362=PASS, randoop.jodatime.RandoopTest4.test497=PASS, randoop.jodatime.RandoopTest3.test398=FAILURE, randoop.jodatime.RandoopTest4.test12=PASS, randoop.jodatime.RandoopTest4.test81=FAILURE, randoop.jodatime.RandoopTest3.test173=FAILURE, randoop.jodatime.RandoopTest4.test14=PASS, randoop.jodatime.RandoopTest3.test269=FAILURE, randoop.jodatime.RandoopTest3.test151=FAILURE, randoop.jodatime.RandoopTest4.test89=PASS, randoop.jodatime.RandoopTest0.test444=PASS, randoop.jodatime.RandoopTest3.test201=FAILURE, randoop.jodatime.RandoopTest3.test489=PASS, randoop.jodatime.RandoopTest3.test52=FAILURE, randoop.jodatime.RandoopTest4.test84=PASS, randoop.jodatime.RandoopTest4.test456=FAILURE, randoop.jodatime.RandoopTest4.test5=FAILURE, randoop.jodatime.RandoopTest1.test53=PASS, randoop.jodatime.RandoopTest3.test431=PASS, randoop.jodatime.RandoopTest1.test215=FAILURE, randoop.jodatime.RandoopTest3.test148=FAILURE, randoop.jodatime.RandoopTest3.test285=PASS, randoop.jodatime.RandoopTest1.test211=PASS, randoop.jodatime.RandoopTest0.test229=FAILURE, randoop.jodatime.RandoopTest0.test188=FAILURE, randoop.jodatime.RandoopTest1.test269=FAILURE, randoop.jodatime.RandoopTest3.test332=FAILURE, randoop.jodatime.RandoopTest4.test25=FAILURE, randoop.jodatime.RandoopTest3.test428=PASS, randoop.jodatime.RandoopTest0.test389=FAILURE, randoop.jodatime.RandoopTest1.test201=PASS, randoop.jodatime.RandoopTest4.test138=FAILURE, randoop.jodatime.RandoopTest1.test327=PASS, randoop.jodatime.RandoopTest3.test362=PASS, randoop.jodatime.RandoopTest3.test458=PASS, randoop.jodatime.RandoopTest3.test409=FAILURE, randoop.jodatime.RandoopTest2.test339=PASS, randoop.jodatime.RandoopTest2.test320=PASS, randoop.jodatime.RandoopTest4.test122=FAILURE, randoop.jodatime.RandoopTest3.test301=FAILURE, randoop.jodatime.RandoopTest3.test141=PASS, randoop.jodatime.RandoopTest4.test164=FAILURE, randoop.jodatime.RandoopTest0.test450=FAILURE, randoop.jodatime.RandoopTest1.test263=FAILURE, randoop.jodatime.RandoopTest3.test166=FAILURE, randoop.jodatime.RandoopTest3.test327=FAILURE, randoop.jodatime.RandoopTest3.test78=FAILURE, randoop.jodatime.RandoopTest1.test107=PASS, randoop.jodatime.RandoopTest3.test99=FAILURE, randoop.jodatime.RandoopTest4.test363=PASS, randoop.jodatime.RandoopTest4.test112=FAILURE, randoop.jodatime.RandoopTest2.test403=FAILURE, randoop.jodatime.RandoopTest3.test355=PASS, randoop.jodatime.RandoopTest4.test39=FAILURE, randoop.jodatime.RandoopTest2.test495=FAILURE, randoop.jodatime.RandoopTest3.test307=PASS, randoop.jodatime.RandoopTest1.test111=PASS, randoop.jodatime.RandoopTest4.test75=PASS, randoop.jodatime.RandoopTest3.test463=PASS, randoop.jodatime.RandoopTest3.test304=FAILURE, randoop.jodatime.RandoopTest4.test320=FAILURE, randoop.jodatime.RandoopTest3.test284=PASS, randoop.jodatime.RandoopTest4.test245=FAILURE, randoop.jodatime.RandoopTest3.test266=FAILURE, randoop.jodatime.RandoopTest4.test240=PASS, randoop.jodatime.RandoopTest4.test127=FAILURE, randoop.jodatime.RandoopTest3.test447=FAILURE, randoop.jodatime.RandoopTest4.test54=PASS, randoop.jodatime.RandoopTest4.test371=FAILURE, randoop.jodatime.RandoopTest3.test414=FAILURE, randoop.jodatime.RandoopTest3.test411=FAILURE, randoop.jodatime.RandoopTest2.test473=PASS, randoop.jodatime.RandoopTest2.test255=PASS, randoop.jodatime.RandoopTest4.test375=FAILURE, randoop.jodatime.RandoopTest3.test278=PASS, randoop.jodatime.RandoopTest4.test182=FAILURE, randoop.jodatime.RandoopTest2.test415=PASS, randoop.jodatime.RandoopTest4.test322=PASS, randoop.jodatime.RandoopTest1.test117=FAILURE, randoop.jodatime.RandoopTest4.test261=FAILURE, randoop.jodatime.RandoopTest4.test273=FAILURE, randoop.jodatime.RandoopTest0.test370=FAILURE, randoop.jodatime.RandoopTest3.test64=PASS, randoop.jodatime.RandoopTest4.test117=FAILURE, randoop.jodatime.RandoopTest3.test476=PASS, randoop.jodatime.RandoopTest1.test255=PASS, randoop.jodatime.RandoopTest4.test2=PASS, randoop.jodatime.RandoopTest2.test470=PASS, randoop.jodatime.RandoopTest4.test40=FAILURE, randoop.jodatime.RandoopTest3.test390=PASS, randoop.jodatime.RandoopTest3.test439=PASS, randoop.jodatime.RandoopTest4.test170=PASS, randoop.jodatime.RandoopTest3.test240=PASS, randoop.jodatime.RandoopTest4.test397=FAILURE, randoop.jodatime.RandoopTest4.test26=FAILURE, randoop.jodatime.RandoopTest3.test374=PASS, randoop.jodatime.RandoopTest4.test351=PASS, randoop.jodatime.RandoopTest1.test224=PASS, randoop.jodatime.RandoopTest1.test169=PASS, randoop.jodatime.RandoopTest4.test99=FAILURE, randoop.jodatime.RandoopTest3.test45=PASS, randoop.jodatime.RandoopTest4.test80=PASS, randoop.jodatime.RandoopTest5.test74=FAILURE, randoop.jodatime.RandoopTest3.test66=PASS, randoop.jodatime.RandoopTest3.test59=PASS, randoop.jodatime.RandoopTest4.test325=FAILURE, randoop.jodatime.RandoopTest1.test90=PASS, randoop.jodatime.RandoopTest4.test269=PASS, randoop.jodatime.RandoopTest3.test21=PASS, randoop.jodatime.RandoopTest3.test497=FAILURE, randoop.jodatime.RandoopTest2.test455=PASS, randoop.jodatime.RandoopTest0.test442=PASS, randoop.jodatime.RandoopTest4.test131=PASS, randoop.jodatime.RandoopTest1.test382=FAILURE, randoop.jodatime.RandoopTest1.test60=PASS, randoop.jodatime.RandoopTest1.test136=PASS, randoop.jodatime.RandoopTest1.test164=PASS, randoop.jodatime.RandoopTest5.test132=PASS, randoop.jodatime.RandoopTest4.test286=PASS, randoop.jodatime.RandoopTest4.test330=PASS, randoop.jodatime.RandoopTest4.test346=FAILURE, randoop.jodatime.RandoopTest1.test93=PASS, randoop.jodatime.RandoopTest3.test302=PASS, randoop.jodatime.RandoopTest4.test475=PASS, randoop.jodatime.RandoopTest2.test426=PASS, randoop.jodatime.RandoopTest4.test259=FAILURE, randoop.jodatime.RandoopTest3.test499=PASS, randoop.jodatime.RandoopTest0.test262=PASS, randoop.jodatime.RandoopTest0.test310=PASS, randoop.jodatime.RandoopTest4.test331=PASS, randoop.jodatime.RandoopTest4.test31=PASS, randoop.jodatime.RandoopTest0.test361=FAILURE, randoop.jodatime.RandoopTest1.test130=PASS, randoop.jodatime.RandoopTest0.test276=PASS, randoop.jodatime.RandoopTest4.test241=PASS, randoop.jodatime.RandoopTest1.test113=PASS, randoop.jodatime.RandoopTest4.test76=PASS, randoop.jodatime.RandoopTest1.test145=PASS, randoop.jodatime.RandoopTest5.test122=FAILURE, randoop.jodatime.RandoopTest4.test126=PASS, randoop.jodatime.RandoopTest1.test246=PASS, randoop.jodatime.RandoopTest4.test449=PASS, randoop.jodatime.RandoopTest1.test134=PASS, randoop.jodatime.RandoopTest0.test106=PASS, randoop.jodatime.RandoopTest4.test343=PASS, randoop.jodatime.RandoopTest4.test153=PASS, randoop.jodatime.RandoopTest4.test339=PASS, randoop.jodatime.RandoopTest1.test143=PASS, randoop.jodatime.RandoopTest2.test242=FAILURE, randoop.jodatime.RandoopTest4.test422=PASS, randoop.jodatime.RandoopTest5.test2=PASS, randoop.jodatime.RandoopTest0.test129=PASS, randoop.jodatime.RandoopTest1.test198=PASS, randoop.jodatime.RandoopTest0.test332=PASS, randoop.jodatime.RandoopTest4.test256=PASS, randoop.jodatime.RandoopTest1.test232=PASS, randoop.jodatime.RandoopTest4.test495=PASS, randoop.jodatime.RandoopTest2.test316=PASS, randoop.jodatime.RandoopTest4.test24=PASS, randoop.jodatime.RandoopTest0.test94=PASS, randoop.jodatime.RandoopTest1.test126=PASS, randoop.jodatime.RandoopTest1.test439=PASS, randoop.jodatime.RandoopTest0.test427=PASS, randoop.jodatime.RandoopTest1.test221=PASS, randoop.jodatime.RandoopTest1.test252=PASS, randoop.jodatime.RandoopTest1.test259=PASS, randoop.jodatime.RandoopTest4.test420=PASS, randoop.jodatime.RandoopTest4.test440=PASS, randoop.jodatime.RandoopTest1.test249=PASS, randoop.jodatime.RandoopTest0.test350=PASS, randoop.jodatime.RandoopTest0.test357=PASS, randoop.jodatime.RandoopTest4.test226=PASS, randoop.jodatime.RandoopTest0.test212=PASS, randoop.jodatime.RandoopTest4.test338=PASS, randoop.jodatime.RandoopTest4.test130=PASS, randoop.jodatime.RandoopTest4.test388=PASS, randoop.jodatime.RandoopTest4.test135=PASS, randoop.jodatime.RandoopTest4.test373=PASS, randoop.jodatime.RandoopTest0.test247=FAILURE, randoop.jodatime.RandoopTest4.test326=PASS, randoop.jodatime.RandoopTest0.test353=PASS, randoop.jodatime.RandoopTest4.test150=PASS, randoop.jodatime.RandoopTest0.test171=PASS, randoop.jodatime.RandoopTest0.test348=PASS, randoop.jodatime.RandoopTest4.test367=PASS, randoop.jodatime.RandoopTest0.test305=PASS, randoop.jodatime.RandoopTest2.test269=FAILURE, randoop.jodatime.RandoopTest0.test459=PASS, randoop.jodatime.RandoopTest0.test334=PASS, randoop.jodatime.RandoopTest0.test378=FAILURE, randoop.jodatime.RandoopTest5.test94=PASS, randoop.jodatime.RandoopTest0.test82=PASS, randoop.jodatime.RandoopTest3.test17=PASS, randoop.jodatime.RandoopTest0.test185=PASS, randoop.jodatime.RandoopTest0.test342=PASS, randoop.jodatime.RandoopTest0.test498=PASS, randoop.jodatime.RandoopTest2.test254=FAILURE, randoop.jodatime.RandoopTest0.test73=PASS, randoop.jodatime.RandoopTest0.test168=PASS, randoop.jodatime.RandoopTest0.test233=PASS, randoop.jodatime.RandoopTest0.test490=PASS, randoop.jodatime.RandoopTest0.test164=PASS, randoop.jodatime.RandoopTest0.test116=PASS, randoop.jodatime.RandoopTest0.test138=PASS, randoop.jodatime.RandoopTest0.test149=PASS, randoop.jodatime.RandoopTest1.test296=PASS, randoop.jodatime.RandoopTest0.test411=PASS, randoop.jodatime.RandoopTest0.test162=PASS, randoop.jodatime.RandoopTest0.test300=PASS, randoop.jodatime.RandoopTest0.test264=PASS, randoop.jodatime.RandoopTest0.test244=PASS, randoop.jodatime.RandoopTest0.test355=FAILURE, randoop.jodatime.RandoopTest0.test303=PASS, randoop.jodatime.RandoopTest0.test226=FAILURE, randoop.jodatime.RandoopTest0.test474=PASS, randoop.jodatime.RandoopTest0.test237=PASS, randoop.jodatime.RandoopTest0.test327=PASS, randoop.jodatime.RandoopTest3.test446=FAILURE, randoop.jodatime.RandoopTest0.test454=FAILURE, randoop.jodatime.RandoopTest0.test395=PASS, randoop.jodatime.RandoopTest2.test400=FAILURE, randoop.jodatime.RandoopTest0.test344=PASS, randoop.jodatime.RandoopTest4.test244=FAILURE, randoop.jodatime.RandoopTest0.test301=PASS, randoop.jodatime.RandoopTest3.test107=FAILURE, randoop.jodatime.RandoopTest0.test76=FAILURE, randoop.jodatime.RandoopTest2.test263=FAILURE, randoop.jodatime.RandoopTest3.test176=FAILURE, randoop.jodatime.RandoopTest3.test182=FAILURE, randoop.jodatime.RandoopTest2.test247=FAILURE, randoop.jodatime.RandoopTest2.test421=FAILURE, randoop.jodatime.RandoopTest3.test9=FAILURE, randoop.jodatime.RandoopTest3.test420=FAILURE, randoop.jodatime.RandoopTest2.test295=FAILURE, randoop.jodatime.RandoopTest3.test169=PASS, randoop.jodatime.RandoopTest3.test3=PASS, randoop.jodatime.RandoopTest5.test135=PASS, randoop.jodatime.RandoopTest4.test399=PASS, randoop.jodatime.RandoopTest4.test209=PASS, randoop.jodatime.RandoopTest3.test413=FAILURE, randoop.jodatime.RandoopTest3.test7=FAILURE, randoop.jodatime.RandoopTest4.test220=PASS, randoop.jodatime.RandoopTest2.test371=FAILURE, randoop.jodatime.RandoopTest2.test429=FAILURE, randoop.jodatime.RandoopTest5.test85=PASS, randoop.jodatime.RandoopTest1.test322=PASS, randoop.jodatime.RandoopTest5.test6=PASS, randoop.jodatime.RandoopTest2.test331=PASS, randoop.jodatime.RandoopTest3.test345=FAILURE, randoop.jodatime.RandoopTest3.test163=FAILURE, randoop.jodatime.RandoopTest4.test436=FAILURE, randoop.jodatime.RandoopTest3.test210=FAILURE, randoop.jodatime.RandoopTest0.test157=PASS, randoop.jodatime.RandoopTest2.test237=PASS, randoop.jodatime.RandoopTest3.test440=PASS, randoop.jodatime.RandoopTest3.test188=PASS, randoop.jodatime.RandoopTest3.test351=PASS, randoop.jodatime.RandoopTest3.test480=PASS, randoop.jodatime.RandoopTest0.test294=PASS, randoop.jodatime.RandoopTest3.test195=FAILURE, randoop.jodatime.RandoopTest3.test246=FAILURE, randoop.jodatime.RandoopTest4.test179=PASS, randoop.jodatime.RandoopTest0.test326=PASS, randoop.jodatime.RandoopTest2.test472=PASS, randoop.jodatime.RandoopTest0.test440=FAILURE, randoop.jodatime.RandoopTest3.test426=FAILURE, randoop.jodatime.RandoopTest0.test480=PASS, randoop.jodatime.RandoopTest0.test270=PASS, randoop.jodatime.RandoopTest0.test196=FAILURE, randoop.jodatime.RandoopTest1.test14=PASS, randoop.jodatime.RandoopTest1.test369=PASS, randoop.jodatime.RandoopTest4.test62=PASS, randoop.jodatime.RandoopTest4.test121=FAILURE, randoop.jodatime.RandoopTest0.test364=PASS, randoop.jodatime.RandoopTest2.test435=PASS, randoop.jodatime.RandoopTest4.test132=PASS, randoop.jodatime.RandoopTest2.test284=PASS, randoop.jodatime.RandoopTest4.test255=FAILURE, randoop.jodatime.RandoopTest3.test134=PASS, randoop.jodatime.RandoopTest0.test152=FAILURE, randoop.jodatime.RandoopTest2.test458=PASS, randoop.jodatime.RandoopTest4.test9=PASS, randoop.jodatime.RandoopTest1.test239=PASS, randoop.jodatime.RandoopTest2.test322=PASS, randoop.jodatime.RandoopTest2.test273=PASS, randoop.jodatime.RandoopTest2.test377=PASS, randoop.jodatime.RandoopTest4.test390=FAILURE, randoop.jodatime.RandoopTest0.test132=PASS, randoop.jodatime.RandoopTest4.test198=FAILURE, randoop.jodatime.RandoopTest4.test207=FAILURE, randoop.jodatime.RandoopTest2.test367=PASS, randoop.jodatime.RandoopTest4.test4=FAILURE, randoop.jodatime.RandoopTest4.test280=FAILURE, randoop.jodatime.RandoopTest2.test399=PASS, randoop.jodatime.RandoopTest3.test241=FAILURE, randoop.jodatime.RandoopTest4.test68=FAILURE, randoop.jodatime.RandoopTest4.test252=PASS, randoop.jodatime.RandoopTest2.test251=PASS, randoop.jodatime.RandoopTest4.test137=FAILURE, randoop.jodatime.RandoopTest2.test261=FAILURE, randoop.jodatime.RandoopTest0.test120=FAILURE, randoop.jodatime.RandoopTest2.test311=PASS, randoop.jodatime.RandoopTest3.test471=FAILURE, randoop.jodatime.RandoopTest2.test266=FAILURE, randoop.jodatime.RandoopTest4.test147=FAILURE, randoop.jodatime.RandoopTest4.test243=FAILURE, randoop.jodatime.RandoopTest2.test433=PASS, randoop.jodatime.RandoopTest2.test351=PASS, randoop.jodatime.RandoopTest1.test290=PASS, randoop.jodatime.RandoopTest4.test165=FAILURE, randoop.jodatime.RandoopTest0.test407=FAILURE, randoop.jodatime.RandoopTest4.test43=FAILURE, randoop.jodatime.RandoopTest4.test270=FAILURE, randoop.jodatime.RandoopTest4.test7=PASS, randoop.jodatime.RandoopTest3.test15=PASS, randoop.jodatime.RandoopTest3.test308=FAILURE, randoop.jodatime.RandoopTest4.test430=FAILURE, randoop.jodatime.RandoopTest3.test430=PASS, randoop.jodatime.RandoopTest4.test167=FAILURE, randoop.jodatime.RandoopTest2.test405=FAILURE, randoop.jodatime.RandoopTest3.test481=FAILURE, randoop.jodatime.RandoopTest0.test140=PASS, randoop.jodatime.RandoopTest2.test204=FAILURE, randoop.jodatime.RandoopTest4.test352=FAILURE, randoop.jodatime.RandoopTest4.test379=FAILURE, randoop.jodatime.RandoopTest3.test442=FAILURE, randoop.jodatime.RandoopTest3.test120=PASS, randoop.jodatime.RandoopTest4.test173=FAILURE, randoop.jodatime.RandoopTest4.test210=FAILURE, randoop.jodatime.RandoopTest4.test78=FAILURE, randoop.jodatime.RandoopTest2.test457=FAILURE, randoop.jodatime.RandoopTest3.test470=FAILURE, randoop.jodatime.RandoopTest4.test318=FAILURE, randoop.jodatime.RandoopTest3.test338=FAILURE, randoop.jodatime.RandoopTest2.test454=FAILURE, randoop.jodatime.RandoopTest2.test378=FAILURE, randoop.jodatime.RandoopTest3.test80=PASS, randoop.jodatime.RandoopTest2.test325=FAILURE, randoop.jodatime.RandoopTest2.test492=FAILURE, randoop.jodatime.RandoopTest3.test478=PASS, randoop.jodatime.RandoopTest2.test475=FAILURE, randoop.jodatime.RandoopTest5.test104=FAILURE, randoop.jodatime.RandoopTest4.test442=FAILURE, randoop.jodatime.RandoopTest3.test46=FAILURE, randoop.jodatime.RandoopTest4.test337=FAILURE, randoop.jodatime.RandoopTest3.test216=PASS, randoop.jodatime.RandoopTest3.test364=PASS, randoop.jodatime.RandoopTest4.test171=FAILURE, randoop.jodatime.RandoopTest4.test239=FAILURE, randoop.jodatime.RandoopTest2.test310=FAILURE, randoop.jodatime.RandoopTest3.test206=PASS, randoop.jodatime.RandoopTest3.test403=FAILURE, randoop.jodatime.RandoopTest3.test142=FAILURE, randoop.jodatime.RandoopTest2.test342=FAILURE, randoop.jodatime.RandoopTest2.test312=FAILURE, randoop.jodatime.RandoopTest1.test71=PASS, randoop.jodatime.RandoopTest4.test460=PASS, randoop.jodatime.RandoopTest2.test352=FAILURE, randoop.jodatime.RandoopTest3.test92=FAILURE, randoop.jodatime.RandoopTest3.test474=PASS, randoop.jodatime.RandoopTest5.test18=FAILURE, randoop.jodatime.RandoopTest2.test288=PASS, randoop.jodatime.RandoopTest4.test66=FAILURE, randoop.jodatime.RandoopTest3.test87=FAILURE, randoop.jodatime.RandoopTest3.test274=FAILURE, randoop.jodatime.RandoopTest3.test236=PASS, randoop.jodatime.RandoopTest3.test330=FAILURE, randoop.jodatime.RandoopTest3.test291=PASS, randoop.jodatime.RandoopTest2.test244=FAILURE, randoop.jodatime.RandoopTest2.test241=PASS, randoop.jodatime.RandoopTest2.test289=FAILURE, randoop.jodatime.RandoopTest3.test294=FAILURE, randoop.jodatime.RandoopTest3.test249=FAILURE, randoop.jodatime.RandoopTest1.test69=PASS, randoop.jodatime.RandoopTest3.test293=PASS, randoop.jodatime.RandoopTest5.test1=PASS, randoop.jodatime.RandoopTest2.test500=FAILURE, randoop.jodatime.RandoopTest2.test445=FAILURE, randoop.jodatime.RandoopTest4.test193=FAILURE, randoop.jodatime.RandoopTest0.test368=PASS, randoop.jodatime.RandoopTest2.test259=PASS, randoop.jodatime.RandoopTest4.test88=PASS, randoop.jodatime.RandoopTest2.test443=FAILURE, randoop.jodatime.RandoopTest3.test150=FAILURE, randoop.jodatime.RandoopTest3.test353=PASS, randoop.jodatime.RandoopTest3.test370=PASS, randoop.jodatime.RandoopTest2.test328=PASS, randoop.jodatime.RandoopTest3.test315=PASS, randoop.jodatime.RandoopTest3.test208=FAILURE, randoop.jodatime.RandoopTest3.test219=FAILURE, randoop.jodatime.RandoopTest3.test48=PASS, randoop.jodatime.RandoopTest4.test203=PASS, randoop.jodatime.RandoopTest4.test186=PASS, randoop.jodatime.RandoopTest3.test56=FAILURE, randoop.jodatime.RandoopTest2.test345=PASS, randoop.jodatime.RandoopTest2.test184=FAILURE, randoop.jodatime.RandoopTest3.test130=FAILURE, randoop.jodatime.RandoopTest0.test409=PASS, randoop.jodatime.RandoopTest2.test476=PASS, randoop.jodatime.RandoopTest3.test152=FAILURE, randoop.jodatime.RandoopTest2.test471=PASS, randoop.jodatime.RandoopTest3.test104=PASS, randoop.jodatime.RandoopTest3.test264=PASS, randoop.jodatime.RandoopTest2.test398=FAILURE, randoop.jodatime.RandoopTest3.test257=FAILURE, randoop.jodatime.RandoopTest3.test417=FAILURE, randoop.jodatime.RandoopTest2.test315=PASS, randoop.jodatime.RandoopTest3.test136=PASS, randoop.jodatime.RandoopTest0.test415=PASS, randoop.jodatime.RandoopTest4.test41=PASS, randoop.jodatime.RandoopTest3.test256=PASS, randoop.jodatime.RandoopTest3.test487=FAILURE, randoop.jodatime.RandoopTest4.test184=PASS, randoop.jodatime.RandoopTest3.test84=FAILURE, randoop.jodatime.RandoopTest4.test262=PASS, randoop.jodatime.RandoopTest3.test138=FAILURE, randoop.jodatime.RandoopTest3.test119=PASS, randoop.jodatime.RandoopTest3.test255=PASS, randoop.jodatime.RandoopTest3.test191=PASS, randoop.jodatime.RandoopTest3.test109=PASS, randoop.jodatime.RandoopTest3.test158=PASS, randoop.jodatime.RandoopTest4.test158=PASS, randoop.jodatime.RandoopTest4.test61=PASS, randoop.jodatime.RandoopTest0.test439=PASS, randoop.jodatime.RandoopTest3.test128=FAILURE, randoop.jodatime.RandoopTest3.test105=FAILURE, randoop.jodatime.RandoopTest3.test139=PASS, randoop.jodatime.RandoopTest4.test114=PASS, randoop.jodatime.RandoopTest4.test142=PASS, randoop.jodatime.RandoopTest3.test192=PASS, randoop.jodatime.RandoopTest3.test235=PASS, randoop.jodatime.RandoopTest3.test425=PASS, randoop.jodatime.RandoopTest4.test356=PASS, randoop.jodatime.RandoopTest3.test114=PASS, randoop.jodatime.RandoopTest3.test435=FAILURE, randoop.jodatime.RandoopTest2.test464=FAILURE, randoop.jodatime.RandoopTest4.test287=PASS, randoop.jodatime.RandoopTest3.test464=PASS, randoop.jodatime.RandoopTest3.test145=PASS, randoop.jodatime.RandoopTest3.test212=PASS, randoop.jodatime.RandoopTest3.test183=PASS, randoop.jodatime.RandoopTest3.test286=PASS, randoop.jodatime.RandoopTest2.test449=PASS, randoop.jodatime.RandoopTest3.test387=PASS, randoop.jodatime.RandoopTest0.test433=PASS, randoop.jodatime.RandoopTest3.test313=FAILURE, randoop.jodatime.RandoopTest3.test197=PASS, randoop.jodatime.RandoopTest3.test322=FAILURE, randoop.jodatime.RandoopTest3.test222=PASS, randoop.jodatime.RandoopTest3.test103=PASS, randoop.jodatime.RandoopTest3.test185=FAILURE, randoop.jodatime.RandoopTest3.test248=PASS, randoop.jodatime.RandoopTest3.test168=PASS, randoop.jodatime.RandoopTest3.test358=PASS, randoop.jodatime.RandoopTest4.test190=PASS, randoop.jodatime.RandoopTest3.test237=PASS, randoop.jodatime.RandoopTest3.test281=PASS, randoop.jodatime.RandoopTest2.test227=PASS, randoop.jodatime.RandoopTest3.test287=PASS, randoop.jodatime.RandoopTest3.test118=FAILURE, randoop.jodatime.RandoopTest3.test231=PASS, randoop.jodatime.RandoopTest3.test224=PASS, randoop.jodatime.RandoopTest3.test234=PASS, randoop.jodatime.RandoopTest3.test250=PASS, randoop.jodatime.RandoopTest3.test448=PASS, randoop.jodatime.RandoopTest2.test279=PASS, randoop.jodatime.RandoopTest2.test297=PASS, randoop.jodatime.RandoopTest3.test468=PASS, randoop.jodatime.RandoopTest3.test189=FAILURE, randoop.jodatime.RandoopTest3.test60=PASS, randoop.jodatime.RandoopTest4.test414=PASS, randoop.jodatime.RandoopTest3.test449=PASS, randoop.jodatime.RandoopTest3.test340=PASS, randoop.jodatime.RandoopTest4.test188=PASS, randoop.jodatime.RandoopTest2.test324=PASS, randoop.jodatime.RandoopTest2.test358=PASS, randoop.jodatime.RandoopTest2.test436=PASS, randoop.jodatime.RandoopTest2.test374=PASS, randoop.jodatime.RandoopTest5.test48=PASS, randoop.jodatime.RandoopTest3.test218=PASS, randoop.jodatime.RandoopTest2.test478=PASS, randoop.jodatime.RandoopTest3.test172=PASS, randoop.jodatime.RandoopTest3.test194=PASS, randoop.jodatime.RandoopTest3.test102=FAILURE, randoop.jodatime.RandoopTest0.test469=PASS, randoop.jodatime.RandoopTest3.test273=PASS, randoop.jodatime.RandoopTest3.test57=FAILURE, randoop.jodatime.RandoopTest3.test348=PASS, randoop.jodatime.RandoopTest3.test180=PASS, randoop.jodatime.RandoopTest3.test73=PASS, randoop.jodatime.RandoopTest3.test205=FAILURE, randoop.jodatime.RandoopTest3.test483=PASS, randoop.jodatime.RandoopTest3.test95=FAILURE, randoop.jodatime.RandoopTest3.test328=PASS, randoop.jodatime.RandoopTest3.test271=PASS, randoop.jodatime.RandoopTest0.test193=PASS, randoop.jodatime.RandoopTest3.test344=PASS, randoop.jodatime.RandoopTest2.test469=PASS, randoop.jodatime.RandoopTest3.test466=PASS, randoop.jodatime.RandoopTest3.test179=PASS, randoop.jodatime.RandoopTest3.test436=PASS, randoop.jodatime.RandoopTest2.test252=PASS, randoop.jodatime.RandoopTest2.test334=PASS, randoop.jodatime.RandoopTest2.test416=FAILURE, randoop.jodatime.RandoopTest3.test404=PASS, randoop.jodatime.RandoopTest3.test90=PASS, randoop.jodatime.RandoopTest3.test243=PASS, randoop.jodatime.RandoopTest4.test59=PASS, randoop.jodatime.RandoopTest3.test378=PASS, randoop.jodatime.RandoopTest3.test336=FAILURE, randoop.jodatime.RandoopTest3.test295=PASS, randoop.jodatime.RandoopTest3.test397=PASS, randoop.jodatime.RandoopTest3.test316=FAILURE, randoop.jodatime.RandoopTest3.test325=PASS, randoop.jodatime.RandoopTest3.test456=PASS, randoop.jodatime.RandoopTest3.test211=PASS, randoop.jodatime.RandoopTest3.test149=PASS, randoop.jodatime.RandoopTest2.test482=PASS, randoop.jodatime.RandoopTest0.test496=PASS, randoop.jodatime.RandoopTest2.test258=PASS, randoop.jodatime.RandoopTest3.test83=PASS, randoop.jodatime.RandoopTest3.test88=PASS, randoop.jodatime.RandoopTest2.test382=PASS, randoop.jodatime.RandoopTest2.test410=PASS, randoop.jodatime.RandoopTest3.test306=PASS, randoop.jodatime.RandoopTest2.test491=PASS, randoop.jodatime.RandoopTest3.test177=PASS, randoop.jodatime.RandoopTest3.test376=FAILURE, randoop.jodatime.RandoopTest3.test62=PASS, randoop.jodatime.RandoopTest2.test267=PASS, randoop.jodatime.RandoopTest3.test200=PASS, randoop.jodatime.RandoopTest2.test404=FAILURE, randoop.jodatime.RandoopTest3.test408=PASS, randoop.jodatime.RandoopTest3.test112=PASS, randoop.jodatime.RandoopTest3.test215=PASS, randoop.jodatime.RandoopTest3.test423=PASS, randoop.jodatime.RandoopTest3.test122=PASS, randoop.jodatime.RandoopTest3.test198=PASS, randoop.jodatime.RandoopTest3.test225=PASS, randoop.jodatime.RandoopTest3.test479=PASS, randoop.jodatime.RandoopTest3.test53=PASS, randoop.jodatime.RandoopTest3.test143=PASS, randoop.jodatime.RandoopTest2.test437=PASS, randoop.jodatime.RandoopTest2.test250=PASS, randoop.jodatime.RandoopTest2.test461=PASS, randoop.jodatime.RandoopTest0.test155=PASS, randoop.jodatime.RandoopTest0.test219=PASS, randoop.jodatime.RandoopTest0.test111=FAILURE, randoop.jodatime.RandoopTest3.test71=PASS, randoop.jodatime.RandoopTest0.test159=FAILURE, randoop.jodatime.RandoopTest4.test36=FAILURE, randoop.jodatime.RandoopTest4.test237=FAILURE, randoop.jodatime.RandoopTest0.test166=PASS, randoop.jodatime.RandoopTest1.test265=PASS, randoop.jodatime.RandoopTest2.test291=FAILURE, randoop.jodatime.RandoopTest4.test328=FAILURE, randoop.jodatime.RandoopTest0.test223=PASS, randoop.jodatime.RandoopTest4.test364=FAILURE, randoop.jodatime.RandoopTest2.test370=PASS, randoop.jodatime.RandoopTest2.test231=PASS, randoop.jodatime.RandoopTest5.test64=FAILURE, randoop.jodatime.RandoopTest4.test266=PASS, randoop.jodatime.RandoopTest4.test181=PASS, randoop.jodatime.RandoopTest4.test50=PASS, randoop.jodatime.RandoopTest2.test483=PASS, randoop.jodatime.RandoopTest4.test354=PASS, randoop.jodatime.RandoopTest0.test486=PASS, randoop.jodatime.RandoopTest0.test319=PASS, randoop.jodatime.RandoopTest4.test56=PASS, randoop.jodatime.RandoopTest4.test35=PASS, randoop.jodatime.RandoopTest4.test140=PASS, randoop.jodatime.RandoopTest0.test251=FAILURE, randoop.jodatime.RandoopTest4.test321=PASS, randoop.jodatime.RandoopTest2.test486=PASS, randoop.jodatime.RandoopTest4.test168=PASS, randoop.jodatime.RandoopTest2.test355=FAILURE, randoop.jodatime.RandoopTest0.test104=PASS, randoop.jodatime.RandoopTest3.test443=PASS, randoop.jodatime.RandoopTest4.test253=FAILURE, randoop.jodatime.RandoopTest2.test380=FAILURE, randoop.jodatime.RandoopTest4.test213=FAILURE, randoop.jodatime.RandoopTest2.test326=PASS, randoop.jodatime.RandoopTest0.test446=PASS, randoop.jodatime.RandoopTest0.test417=PASS, randoop.jodatime.RandoopTest3.test12=FAILURE, randoop.jodatime.RandoopTest4.test90=PASS, randoop.jodatime.RandoopTest3.test334=PASS, randoop.jodatime.RandoopTest1.test281=FAILURE, randoop.jodatime.RandoopTest2.test6=FAILURE, randoop.jodatime.RandoopTest0.test142=PASS, randoop.jodatime.RandoopTest3.test496=FAILURE, randoop.jodatime.RandoopTest4.test272=FAILURE, randoop.jodatime.RandoopTest4.test281=FAILURE, randoop.jodatime.RandoopTest4.test216=FAILURE, randoop.jodatime.RandoopTest4.test349=FAILURE, randoop.jodatime.RandoopTest5.test114=FAILURE, randoop.jodatime.RandoopTest5.test42=PASS, randoop.jodatime.RandoopTest5.test55=FAILURE, randoop.jodatime.RandoopTest0.test180=PASS, randoop.jodatime.RandoopTest4.test342=PASS, randoop.jodatime.RandoopTest5.test8=FAILURE, randoop.jodatime.RandoopTest3.test165=FAILURE, randoop.jodatime.RandoopTest5.test107=FAILURE, randoop.jodatime.RandoopTest2.test375=PASS, randoop.jodatime.RandoopTest5.test17=FAILURE, randoop.jodatime.RandoopTest5.test81=FAILURE, randoop.jodatime.RandoopTest4.test47=PASS, randoop.jodatime.RandoopTest5.test120=FAILURE, randoop.jodatime.RandoopTest4.test111=PASS, randoop.jodatime.RandoopTest4.test149=PASS, randoop.jodatime.RandoopTest1.test424=PASS, randoop.jodatime.RandoopTest5.test88=PASS, randoop.jodatime.RandoopTest4.test334=PASS, randoop.jodatime.RandoopTest1.test355=FAILURE, randoop.jodatime.RandoopTest5.test61=FAILURE, randoop.jodatime.RandoopTest0.test176=PASS, randoop.jodatime.RandoopTest3.test500=PASS, randoop.jodatime.RandoopTest4.test323=PASS, randoop.jodatime.RandoopTest5.test13=PASS, randoop.jodatime.RandoopTest2.test26=PASS, randoop.jodatime.RandoopTest3.test491=PASS, randoop.jodatime.RandoopTest4.test104=PASS, randoop.jodatime.RandoopTest2.test8=PASS, randoop.jodatime.RandoopTest4.test249=PASS, randoop.jodatime.RandoopTest4.test102=PASS, randoop.jodatime.RandoopTest5.test126=FAILURE, randoop.jodatime.RandoopTest5.test33=PASS, randoop.jodatime.RandoopTest2.test187=PASS, randoop.jodatime.RandoopTest2.test338=FAILURE, randoop.jodatime.RandoopTest2.test4=PASS, randoop.jodatime.RandoopTest5.test27=PASS, randoop.jodatime.RandoopTest5.test56=PASS, randoop.jodatime.RandoopTest0.test134=PASS, randoop.jodatime.RandoopTest5.test128=FAILURE, randoop.jodatime.RandoopTest5.test124=FAILURE, randoop.jodatime.RandoopTest5.test40=PASS, randoop.jodatime.RandoopTest5.test70=PASS, randoop.jodatime.RandoopTest0.test333=PASS, randoop.jodatime.RandoopTest5.test115=PASS, randoop.jodatime.RandoopTest5.test52=PASS, randoop.jodatime.RandoopTest3.test228=PASS, randoop.jodatime.RandoopTest3.test405=PASS, randoop.jodatime.RandoopTest5.test11=PASS, randoop.jodatime.RandoopTest2.test497=PASS, randoop.jodatime.RandoopTest5.test25=PASS, randoop.jodatime.RandoopTest5.test30=PASS, randoop.jodatime.RandoopTest0.test281=PASS, randoop.jodatime.RandoopTest0.test403=PASS, randoop.jodatime.RandoopTest5.test59=PASS, randoop.jodatime.RandoopTest3.test81=FAILURE, randoop.jodatime.RandoopTest3.test157=PASS, randoop.jodatime.RandoopTest4.test63=FAILURE, randoop.jodatime.RandoopTest3.test419=FAILURE, randoop.jodatime.RandoopTest2.test414=PASS, randoop.jodatime.RandoopTest5.test118=FAILURE, randoop.jodatime.RandoopTest5.test110=PASS, randoop.jodatime.RandoopTest2.test466=PASS, randoop.jodatime.RandoopTest3.test455=FAILURE, randoop.jodatime.RandoopTest3.test363=PASS, randoop.jodatime.RandoopTest3.test349=PASS, randoop.jodatime.RandoopTest2.test318=PASS, randoop.jodatime.RandoopTest2.test460=PASS, randoop.jodatime.RandoopTest3.test356=FAILURE, randoop.jodatime.RandoopTest3.test365=FAILURE, randoop.jodatime.RandoopTest3.test162=PASS, randoop.jodatime.RandoopTest3.test375=FAILURE, randoop.jodatime.RandoopTest3.test279=PASS, randoop.jodatime.RandoopTest2.test304=PASS, randoop.jodatime.RandoopTest3.test438=PASS, randoop.jodatime.RandoopTest3.test174=PASS, randoop.jodatime.RandoopTest3.test171=PASS, randoop.jodatime.RandoopTest3.test68=PASS, randoop.jodatime.RandoopTest2.test353=PASS, randoop.jodatime.RandoopTest3.test399=PASS, randoop.jodatime.RandoopTest4.test313=PASS, randoop.jodatime.RandoopTest5.test9=FAILURE, randoop.jodatime.RandoopTest5.test34=FAILURE, randoop.jodatime.RandoopTest2.test498=PASS, randoop.jodatime.RandoopTest5.test137=PASS, randoop.jodatime.RandoopTest5.test44=PASS, randoop.jodatime.RandoopTest1.test229=PASS, randoop.jodatime.RandoopTest4.test355=PASS, randoop.jodatime.RandoopTest0.test382=PASS, randoop.jodatime.RandoopTest1.test372=FAILURE, randoop.jodatime.RandoopTest2.test76=PASS, randoop.jodatime.RandoopTest5.test36=PASS, randoop.jodatime.RandoopTest2.test419=FAILURE, randoop.jodatime.RandoopTest2.test307=FAILURE, randoop.jodatime.RandoopTest5.test133=PASS, randoop.jodatime.RandoopTest3.test221=PASS, randoop.jodatime.RandoopTest0.test214=PASS, randoop.jodatime.RandoopTest5.test79=FAILURE, randoop.jodatime.RandoopTest2.test440=PASS, randoop.jodatime.RandoopTest5.test89=PASS, randoop.jodatime.RandoopTest4.test65=PASS, randoop.jodatime.RandoopTest4.test98=PASS, randoop.jodatime.RandoopTest4.test227=PASS, randoop.jodatime.RandoopTest5.test100=FAILURE, randoop.jodatime.RandoopTest3.test486=PASS, randoop.jodatime.RandoopTest5.test65=FAILURE, randoop.jodatime.RandoopTest2.test190=FAILURE, randoop.jodatime.RandoopTest1.test335=PASS, randoop.jodatime.RandoopTest5.test105=FAILURE, randoop.jodatime.RandoopTest2.test390=FAILURE, randoop.jodatime.RandoopTest5.test84=PASS, randoop.jodatime.RandoopTest3.test493=FAILURE, randoop.jodatime.RandoopTest2.test333=PASS, randoop.jodatime.RandoopTest2.test383=FAILURE, randoop.jodatime.RandoopTest2.test277=FAILURE, randoop.jodatime.RandoopTest3.test259=FAILURE, randoop.jodatime.RandoopTest3.test407=FAILURE, randoop.jodatime.RandoopTest2.test393=PASS, randoop.jodatime.RandoopTest2.test366=FAILURE, randoop.jodatime.RandoopTest3.test55=PASS, randoop.jodatime.RandoopTest2.test409=PASS, randoop.jodatime.RandoopTest3.test299=FAILURE, randoop.jodatime.RandoopTest3.test96=FAILURE, randoop.jodatime.RandoopTest2.test235=PASS, randoop.jodatime.RandoopTest3.test268=PASS, randoop.jodatime.RandoopTest2.test230=PASS, randoop.jodatime.RandoopTest3.test422=PASS, randoop.jodatime.RandoopTest3.test263=FAILURE, randoop.jodatime.RandoopTest3.test186=PASS, randoop.jodatime.RandoopTest2.test441=PASS, randoop.jodatime.RandoopTest1.test326=PASS, randoop.jodatime.RandoopTest2.test424=FAILURE, randoop.jodatime.RandoopTest4.test73=FAILURE, randoop.jodatime.RandoopTest3.test452=FAILURE, randoop.jodatime.RandoopTest2.test18=FAILURE, randoop.jodatime.RandoopTest5.test4=FAILURE, randoop.jodatime.RandoopTest4.test345=PASS, randoop.jodatime.RandoopTest4.test234=PASS, randoop.jodatime.RandoopTest5.test67=PASS, randoop.jodatime.RandoopTest1.test475=PASS, randoop.jodatime.RandoopTest4.test359=FAILURE, randoop.jodatime.RandoopTest2.test395=PASS, randoop.jodatime.RandoopTest4.test366=PASS, randoop.jodatime.RandoopTest5.test38=PASS, randoop.jodatime.RandoopTest4.test278=PASS, randoop.jodatime.RandoopTest4.test96=PASS, randoop.jodatime.RandoopTest2.test282=PASS, randoop.jodatime.RandoopTest3.test382=FAILURE, randoop.jodatime.RandoopTest3.test395=PASS, randoop.jodatime.RandoopTest3.test342=PASS, randoop.jodatime.RandoopTest3.test319=PASS, randoop.jodatime.RandoopTest2.test299=PASS, randoop.jodatime.RandoopTest3.test415=PASS, randoop.jodatime.RandoopTest3.test282=PASS, randoop.jodatime.RandoopTest5.test50=PASS, randoop.jodatime.RandoopTest2.test61=FAILURE, randoop.jodatime.RandoopTest2.test83=FAILURE, randoop.jodatime.RandoopTest5.test23=PASS, randoop.jodatime.RandoopTest2.test2=PASS, randoop.jodatime.RandoopTest2.test104=PASS, randoop.jodatime.RandoopTest2.test17=PASS, randoop.jodatime.RandoopTest2.test19=FAILURE, randoop.jodatime.RandoopTest1.test291=FAILURE, randoop.jodatime.RandoopTest1.test470=PASS, randoop.jodatime.RandoopTest2.test489=PASS, randoop.jodatime.RandoopTest2.test10=FAILURE, randoop.jodatime.RandoopTest2.test174=PASS, randoop.jodatime.RandoopTest2.test40=PASS, randoop.jodatime.RandoopTest1.test500=PASS, randoop.jodatime.RandoopTest1.test337=FAILURE, randoop.jodatime.RandoopTest2.test15=FAILURE, randoop.jodatime.RandoopTest2.test431=FAILURE, randoop.jodatime.RandoopTest2.test108=FAILURE, randoop.jodatime.RandoopTest2.test67=FAILURE, randoop.jodatime.RandoopTest2.test139=FAILURE, randoop.jodatime.RandoopTest2.test149=FAILURE, randoop.jodatime.RandoopTest2.test62=FAILURE, randoop.jodatime.RandoopTest1.test420=FAILURE, randoop.jodatime.RandoopTest1.test373=FAILURE, randoop.jodatime.RandoopTest1.test402=FAILURE, randoop.jodatime.RandoopTest2.test97=FAILURE, randoop.jodatime.RandoopTest2.test14=PASS, randoop.jodatime.RandoopTest2.test42=FAILURE, randoop.jodatime.RandoopTest2.test165=FAILURE, randoop.jodatime.RandoopTest1.test330=FAILURE, randoop.jodatime.RandoopTest2.test12=PASS, randoop.jodatime.RandoopTest2.test13=PASS, randoop.jodatime.RandoopTest1.test389=FAILURE, randoop.jodatime.RandoopTest2.test71=FAILURE, randoop.jodatime.RandoopTest1.test380=FAILURE, randoop.jodatime.RandoopTest1.test476=FAILURE, randoop.jodatime.RandoopTest1.test416=FAILURE, randoop.jodatime.RandoopTest1.test395=FAILURE, randoop.jodatime.RandoopTest1.test298=FAILURE, randoop.jodatime.RandoopTest1.test480=FAILURE, randoop.jodatime.RandoopTest2.test34=FAILURE, randoop.jodatime.RandoopTest2.test95=FAILURE, randoop.jodatime.RandoopTest1.test464=FAILURE, randoop.jodatime.RandoopTest2.test21=PASS, randoop.jodatime.RandoopTest1.test385=FAILURE, randoop.jodatime.RandoopTest2.test101=FAILURE, randoop.jodatime.RandoopTest2.test57=FAILURE, randoop.jodatime.RandoopTest1.test490=FAILURE, randoop.jodatime.RandoopTest2.test80=FAILURE, randoop.jodatime.RandoopTest2.test107=FAILURE, randoop.jodatime.RandoopTest4.test85=FAILURE, randoop.jodatime.RandoopTest2.test50=FAILURE, randoop.jodatime.RandoopTest1.test350=FAILURE, randoop.jodatime.RandoopTest1.test465=FAILURE, randoop.jodatime.RandoopTest2.test136=FAILURE, randoop.jodatime.RandoopTest1.test378=FAILURE, randoop.jodatime.RandoopTest1.test357=PASS, randoop.jodatime.RandoopTest1.test370=FAILURE, randoop.jodatime.RandoopTest1.test463=FAILURE, randoop.jodatime.RandoopTest2.test119=FAILURE, randoop.jodatime.RandoopTest2.test39=PASS, randoop.jodatime.RandoopTest3.test389=FAILURE, randoop.jodatime.RandoopTest1.test351=FAILURE, randoop.jodatime.RandoopTest2.test386=FAILURE, randoop.jodatime.RandoopTest1.test445=FAILURE, randoop.jodatime.RandoopTest2.test133=FAILURE, randoop.jodatime.RandoopTest1.test312=FAILURE, randoop.jodatime.RandoopTest2.test93=FAILURE, randoop.jodatime.RandoopTest2.test359=FAILURE, randoop.jodatime.RandoopTest1.test347=FAILURE, randoop.jodatime.RandoopTest2.test173=FAILURE, randoop.jodatime.RandoopTest1.test481=FAILURE, randoop.jodatime.RandoopTest2.test115=PASS, randoop.jodatime.RandoopTest1.test455=PASS, randoop.jodatime.RandoopTest2.test25=PASS, randoop.jodatime.RandoopTest2.test68=FAILURE, randoop.jodatime.RandoopTest2.test59=FAILURE, randoop.jodatime.RandoopTest1.test333=PASS, randoop.jodatime.RandoopTest1.test485=FAILURE, randoop.jodatime.RandoopTest1.test384=FAILURE, randoop.jodatime.RandoopTest2.test152=FAILURE, randoop.jodatime.RandoopTest1.test477=FAILURE, randoop.jodatime.RandoopTest1.test374=FAILURE, randoop.jodatime.RandoopTest2.test49=FAILURE, randoop.jodatime.RandoopTest1.test319=FAILURE, randoop.jodatime.RandoopTest1.test362=PASS, randoop.jodatime.RandoopTest1.test452=PASS, randoop.jodatime.RandoopTest1.test437=PASS, randoop.jodatime.RandoopTest2.test117=PASS, randoop.jodatime.RandoopTest1.test497=PASS, randoop.jodatime.RandoopTest2.test185=PASS, randoop.jodatime.RandoopTest1.test459=PASS, randoop.jodatime.RandoopTest1.test346=FAILURE, randoop.jodatime.RandoopTest2.test35=FAILURE, randoop.jodatime.RandoopTest2.test179=FAILURE, randoop.jodatime.RandoopTest1.test456=FAILURE, randoop.jodatime.RandoopTest1.test412=FAILURE, randoop.jodatime.RandoopTest2.test102=PASS, randoop.jodatime.RandoopTest1.test442=PASS, randoop.jodatime.RandoopTest2.test120=PASS, randoop.jodatime.RandoopTest2.test106=PASS, randoop.jodatime.RandoopTest2.test285=PASS, randoop.jodatime.RandoopTest2.test58=PASS, randoop.jodatime.RandoopTest1.test302=FAILURE, randoop.jodatime.RandoopTest2.test160=PASS, randoop.jodatime.RandoopTest2.test238=PASS, randoop.jodatime.RandoopTest2.test63=PASS, randoop.jodatime.RandoopTest2.test134=PASS, randoop.jodatime.RandoopTest2.test175=PASS, randoop.jodatime.RandoopTest2.test51=PASS, randoop.jodatime.RandoopTest2.test112=PASS, randoop.jodatime.RandoopTest2.test143=PASS, randoop.jodatime.RandoopTest2.test127=PASS, randoop.jodatime.RandoopTest2.test109=PASS, randoop.jodatime.RandoopTest2.test30=PASS, randoop.jodatime.RandoopTest1.test462=PASS, randoop.jodatime.RandoopTest2.test45=PASS, randoop.jodatime.RandoopTest1.test408=PASS, randoop.jodatime.RandoopTest2.test166=PASS, randoop.jodatime.RandoopTest2.test150=PASS, randoop.jodatime.RandoopTest2.test164=PASS, randoop.jodatime.RandoopTest1.test342=PASS, randoop.jodatime.RandoopTest2.test77=PASS, randoop.jodatime.RandoopTest1.test300=PASS, randoop.jodatime.RandoopTest2.test32=PASS, randoop.jodatime.RandoopTest2.test100=PASS, randoop.jodatime.RandoopTest2.test145=PASS, randoop.jodatime.RandoopTest2.test87=PASS, randoop.jodatime.RandoopTest1.test478=PASS, randoop.jodatime.RandoopTest2.test113=PASS, randoop.jodatime.RandoopTest1.test429=PASS, randoop.jodatime.RandoopTest2.test99=PASS, randoop.jodatime.RandoopTest1.test328=PASS, randoop.jodatime.RandoopTest2.test135=PASS, randoop.jodatime.RandoopTest2.test64=PASS, randoop.jodatime.RandoopTest2.test155=PASS, randoop.jodatime.RandoopTest2.test144=PASS, randoop.jodatime.RandoopTest2.test172=PASS, randoop.jodatime.RandoopTest1.test405=PASS, randoop.jodatime.RandoopTest2.test72=PASS, randoop.jodatime.RandoopTest2.test78=PASS, randoop.jodatime.RandoopTest2.test86=PASS, randoop.jodatime.RandoopTest1.test441=PASS, randoop.jodatime.RandoopTest1.test376=PASS, randoop.jodatime.RandoopTest2.test55=PASS, randoop.jodatime.RandoopTest1.test436=PASS, randoop.jodatime.RandoopTest1.test431=PASS, randoop.jodatime.RandoopTest2.test84=PASS, randoop.jodatime.RandoopTest2.test70=PASS, randoop.jodatime.RandoopTest2.test167=PASS, randoop.jodatime.RandoopTest2.test94=PASS, randoop.jodatime.RandoopTest1.test417=PASS, randoop.jodatime.RandoopTest2.test142=PASS, randoop.jodatime.RandoopTest2.test88=PASS, randoop.jodatime.RandoopTest1.test426=PASS, randoop.jodatime.RandoopTest2.test79=PASS, randoop.jodatime.RandoopTest1.test352=PASS, randoop.jodatime.RandoopTest1.test458=PASS, randoop.jodatime.RandoopTest2.test74=PASS, randoop.jodatime.RandoopTest1.test488=PASS, randoop.jodatime.RandoopTest1.test491=PASS, randoop.jodatime.RandoopTest1.test433=PASS, randoop.jodatime.RandoopTest1.test318=PASS, randoop.jodatime.RandoopTest2.test37=PASS, randoop.jodatime.RandoopTest2.test122=PASS, randoop.jodatime.RandoopTest2.test125=PASS, randoop.jodatime.RandoopTest2.test129=PASS, randoop.jodatime.RandoopTest1.test418=PASS, randoop.jodatime.RandoopTest1.test301=PASS, randoop.jodatime.RandoopTest2.test114=PASS, randoop.jodatime.RandoopTest1.test344=PASS, randoop.jodatime.RandoopTest1.test377=PASS, randoop.jodatime.RandoopTest2.test131=PASS, randoop.jodatime.RandoopTest2.test28=PASS, randoop.jodatime.RandoopTest2.test151=PASS, randoop.jodatime.RandoopTest2.test36=PASS, randoop.jodatime.RandoopTest1.test496=PASS, randoop.jodatime.RandoopTest1.test489=PASS, randoop.jodatime.RandoopTest2.test156=PASS, randoop.jodatime.RandoopTest2.test110=PASS, randoop.jodatime.RandoopTest1.test331=PASS, randoop.jodatime.RandoopTest2.test90=PASS, randoop.jodatime.RandoopTest1.test329=PASS, randoop.jodatime.RandoopTest2.test182=PASS, randoop.jodatime.RandoopTest1.test361=PASS, randoop.jodatime.RandoopTest1.test493=PASS, randoop.jodatime.RandoopTest1.test498=PASS, randoop.jodatime.RandoopTest1.test353=PASS, randoop.jodatime.RandoopTest2.test121=PASS, randoop.jodatime.RandoopTest2.test52=PASS, randoop.jodatime.RandoopTest1.test308=PASS, randoop.jodatime.RandoopTest1.test396=PASS, randoop.jodatime.RandoopTest2.test180=PASS, randoop.jodatime.RandoopTest2.test168=PASS, randoop.jodatime.RandoopTest1.test411=PASS, randoop.jodatime.RandoopTest1.test425=PASS, randoop.jodatime.RandoopTest1.test406=PASS, randoop.jodatime.RandoopTest1.test448=PASS, randoop.jodatime.RandoopTest2.test158=PASS, randoop.jodatime.RandoopTest1.test293=PASS, randoop.jodatime.RandoopTest2.test181=PASS, randoop.jodatime.RandoopTest1.test320=PASS, randoop.jodatime.RandoopTest1.test307=PASS, randoop.jodatime.RandoopTest1.test391=PASS, randoop.jodatime.RandoopTest1.test390=PASS, randoop.jodatime.RandoopTest1.test383=PASS, randoop.jodatime.RandoopTest1.test450=PASS, randoop.jodatime.RandoopTest1.test494=PASS, randoop.jodatime.RandoopTest1.test483=PASS, randoop.jodatime.RandoopTest1.test294=PASS, randoop.jodatime.RandoopTest1.test363=PASS, randoop.jodatime.RandoopTest1.test303=PASS, randoop.jodatime.RandoopTest1.test310=PASS, randoop.jodatime.RandoopTest5.test99=PASS, randoop.jodatime.RandoopTest5.test32=FAILURE, randoop.jodatime.RandoopTest5.test43=FAILURE, randoop.jodatime.RandoopTest5.test10=FAILURE, randoop.jodatime.RandoopTest5.test37=FAILURE, randoop.jodatime.RandoopTest5.test62=FAILURE, randoop.jodatime.RandoopTest5.test87=FAILURE, randoop.jodatime.RandoopTest5.test71=FAILURE, randoop.jodatime.RandoopTest5.test21=FAILURE, randoop.jodatime.RandoopTest5.test60=FAILURE, randoop.jodatime.RandoopTest5.test106=FAILURE, randoop.jodatime.RandoopTest5.test90=FAILURE, randoop.jodatime.RandoopTest5.test14=FAILURE, randoop.jodatime.RandoopTest5.test138=PASS, randoop.jodatime.RandoopTest5.test69=FAILURE, randoop.jodatime.RandoopTest5.test127=PASS, randoop.jodatime.RandoopTest5.test66=FAILURE, randoop.jodatime.RandoopTest5.test28=PASS, randoop.jodatime.RandoopTest5.test53=PASS, randoop.jodatime.RandoopTest5.test46=PASS, randoop.jodatime.RandoopTest5.test131=FAILURE, randoop.jodatime.RandoopTest5.test3=PASS, randoop.jodatime.RandoopTest5.test51=PASS, randoop.jodatime.RandoopTest5.test123=FAILURE, randoop.jodatime.RandoopTest5.test77=PASS, randoop.jodatime.RandoopTest5.test119=PASS, randoop.jodatime.RandoopTest5.test26=PASS, randoop.jodatime.RandoopTest5.test49=PASS, randoop.jodatime.RandoopTest5.test41=PASS, randoop.jodatime.RandoopTest5.test5=PASS, randoop.jodatime.RandoopTest5.test58=PASS, randoop.jodatime.RandoopTest5.test16=PASS, randoop.jodatime.RandoopTest5.test129=PASS, randoop.jodatime.RandoopTest5.test68=PASS, randoop.jodatime.RandoopTest5.test112=PASS, randoop.jodatime.RandoopTest5.test39=PASS, randoop.jodatime.RandoopTest5.test12=PASS, randoop.jodatime.RandoopTest5.test121=PASS, randoop.jodatime.RandoopTest5.test19=PASS, randoop.jodatime.RandoopTest5.test24=PASS, randoop.jodatime.RandoopTest5.test54=PASS, randoop.jodatime.RandoopTest5.test93=PASS, randoop.jodatime.RandoopTest5.test83=PASS, randoop.jodatime.RandoopTest5.test82=PASS, randoop.jodatime.RandoopTest5.test125=PASS, randoop.jodatime.RandoopTest5.test92=PASS, randoop.jodatime.RandoopTest5.test116=PASS, randoop.jodatime.RandoopTest5.test117=PASS, randoop.jodatime.RandoopTest5.test130=PASS, randoop.jodatime.RandoopTest5.test103=PASS, randoop.jodatime.RandoopTest5.test101=PASS, randoop.jodatime.RandoopTest5.test108=PASS, randoop.jodatime.RandoopTest5.test109=PASS}


.
Time: 0.001

OK (1 test)

.
Time: 0.165

OK (1 test)

.
Time: 0.022

OK (1 test)

.
Time: 0.054

OK (1 test)

.
Time: 0.038

OK (1 test)

.F
Time: 0.012
There was 1 failure:
1) test31(randoop.jodatime.RandoopTest3)junit.framework.AssertionFailedError: null
	at randoop.jodatime.RandoopTest3.test31(RandoopTest3.java:3410)
	at sun.reflect.NativeMethodAccessorImpl.invoke0(Native Method)
	at sun.reflect.NativeMethodAccessorImpl.invoke(NativeMethodAccessorImpl.java:57)
	at sun.reflect.DelegatingMethodAccessorImpl.invoke(DelegatingMethodAccessorImpl.java:43)
	at edu.washington.cs.dt.util.TestRunnerWrapper.main(TestRunnerWrapper.java:56)

FAILURES!!!
Tests run: 1,  Failures: 1,  Errors: 0

.
Time: 0.007

OK (1 test)

.F
Time: 0.023
There was 1 failure:
1) test332(randoop.jodatime.RandoopTest1)junit.framework.AssertionFailedError: null
	at randoop.jodatime.RandoopTest1.test332(RandoopTest1.java:25558)
	at sun.reflect.NativeMethodAccessorImpl.invoke0(Native Method)
	at sun.reflect.NativeMethodAccessorImpl.invoke(NativeMethodAccessorImpl.java:57)
	at sun.reflect.DelegatingMethodAccessorImpl.invoke(DelegatingMethodAccessorImpl.java:43)
	at edu.washington.cs.dt.util.TestRunnerWrapper.main(TestRunnerWrapper.java:56)

FAILURES!!!
Tests run: 1,  Failures: 1,  Errors: 0

.
Time: 0.002

OK (1 test)

.
Time: 0.024

OK (1 test)

.
Time: 0.013

OK (1 test)

.
Time: 0

OK (1 test)

.
Time: 0.005

OK (1 test)

.
Time: 0.001

OK (1 test)

.
Time: 0

OK (1 test)

.
Time: 0.007

OK (1 test)

.
Time: 0.008

OK (1 test)

.
Time: 0.005

OK (1 test)

.
Time: 0

OK (1 test)

.
Time: 0.004

OK (1 test)

.F
Time: 0.012
There was 1 failure:
1) test185(randoop.jodatime.RandoopTest1)junit.framework.AssertionFailedError: null
	at randoop.jodatime.RandoopTest1.test185(RandoopTest1.java:14390)
	at sun.reflect.NativeMethodAccessorImpl.invoke0(Native Method)
	at sun.reflect.NativeMethodAccessorImpl.invoke(NativeMethodAccessorImpl.java:57)
	at sun.reflect.DelegatingMethodAccessorImpl.invoke(DelegatingMethodAccessorImpl.java:43)
	at edu.washington.cs.dt.util.TestRunnerWrapper.main(TestRunnerWrapper.java:56)

FAILURES!!!
Tests run: 1,  Failures: 1,  Errors: 0

.F
Time: 0.002
There was 1 failure:
1) test204(randoop.jodatime.RandoopTest1)junit.framework.AssertionFailedError: null
	at randoop.jodatime.RandoopTest1.test204(RandoopTest1.java:15879)
	at sun.reflect.NativeMethodAccessorImpl.invoke0(Native Method)
	at sun.reflect.NativeMethodAccessorImpl.invoke(NativeMethodAccessorImpl.java:57)
	at sun.reflect.DelegatingMethodAccessorImpl.invoke(DelegatingMethodAccessorImpl.java:43)
	at edu.washington.cs.dt.util.TestRunnerWrapper.main(TestRunnerWrapper.java:56)

FAILURES!!!
Tests run: 1,  Failures: 1,  Errors: 0

.
Time: 0.009

OK (1 test)

.F
Time: 0.006
There was 1 failure:
1) test394(randoop.jodatime.RandoopTest2)junit.framework.AssertionFailedError: null
	at randoop.jodatime.RandoopTest2.test394(RandoopTest2.java:33152)
	at sun.reflect.NativeMethodAccessorImpl.invoke0(Native Method)
	at sun.reflect.NativeMethodAccessorImpl.invoke(NativeMethodAccessorImpl.java:57)
	at sun.reflect.DelegatingMethodAccessorImpl.invoke(DelegatingMethodAccessorImpl.java:43)
	at edu.washington.cs.dt.util.TestRunnerWrapper.main(TestRunnerWrapper.java:56)

FAILURES!!!
Tests run: 1,  Failures: 1,  Errors: 0

.
Time: 0.006

OK (1 test)

.
Time: 0

OK (1 test)

.F
Time: 0
There was 1 failure:
1) test305(randoop.jodatime.RandoopTest4)junit.framework.AssertionFailedError: null
	at randoop.jodatime.RandoopTest4.test305(RandoopTest4.java:28995)
	at sun.reflect.NativeMethodAccessorImpl.invoke0(Native Method)
	at sun.reflect.NativeMethodAccessorImpl.invoke(NativeMethodAccessorImpl.java:57)
	at sun.reflect.DelegatingMethodAccessorImpl.invoke(DelegatingMethodAccessorImpl.java:43)
	at edu.washington.cs.dt.util.TestRunnerWrapper.main(TestRunnerWrapper.java:56)

FAILURES!!!
Tests run: 1,  Failures: 1,  Errors: 0

.
Time: 0.001

OK (1 test)

.
Time: 0

OK (1 test)

.F
Time: 0.004
There was 1 failure:
1) test228(randoop.jodatime.RandoopTest1)junit.framework.AssertionFailedError: null
	at randoop.jodatime.RandoopTest1.test228(RandoopTest1.java:17886)
	at sun.reflect.NativeMethodAccessorImpl.invoke0(Native Method)
	at sun.reflect.NativeMethodAccessorImpl.invoke(NativeMethodAccessorImpl.java:57)
	at sun.reflect.DelegatingMethodAccessorImpl.invoke(DelegatingMethodAccessorImpl.java:43)
	at edu.washington.cs.dt.util.TestRunnerWrapper.main(TestRunnerWrapper.java:56)

FAILURES!!!
Tests run: 1,  Failures: 1,  Errors: 0

.F
Time: 0.001
There was 1 failure:
1) test116(randoop.jodatime.RandoopTest2)junit.framework.AssertionFailedError: null
	at randoop.jodatime.RandoopTest2.test116(RandoopTest2.java:9392)
	at sun.reflect.NativeMethodAccessorImpl.invoke0(Native Method)
	at sun.reflect.NativeMethodAccessorImpl.invoke(NativeMethodAccessorImpl.java:57)
	at sun.reflect.DelegatingMethodAccessorImpl.invoke(DelegatingMethodAccessorImpl.java:43)
	at edu.washington.cs.dt.util.TestRunnerWrapper.main(TestRunnerWrapper.java:56)

FAILURES!!!
Tests run: 1,  Failures: 1,  Errors: 0

.
Time: 0

OK (1 test)

.F
Time: 0.008
There was 1 failure:
1) test266(randoop.jodatime.RandoopTest1)junit.framework.AssertionFailedError: null
	at randoop.jodatime.RandoopTest1.test266(RandoopTest1.java:20507)
	at sun.reflect.NativeMethodAccessorImpl.invoke0(Native Method)
	at sun.reflect.NativeMethodAccessorImpl.invoke(NativeMethodAccessorImpl.java:57)
	at sun.reflect.DelegatingMethodAccessorImpl.invoke(DelegatingMethodAccessorImpl.java:43)
	at edu.washington.cs.dt.util.TestRunnerWrapper.main(TestRunnerWrapper.java:56)

FAILURES!!!
Tests run: 1,  Failures: 1,  Errors: 0

.F
Time: 0.006
There was 1 failure:
1) test133(randoop.jodatime.RandoopTest0)junit.framework.AssertionFailedError: null
	at randoop.jodatime.RandoopTest0.test133(RandoopTest0.java:5347)
	at sun.reflect.NativeMethodAccessorImpl.invoke0(Native Method)
	at sun.reflect.NativeMethodAccessorImpl.invoke(NativeMethodAccessorImpl.java:57)
	at sun.reflect.DelegatingMethodAccessorImpl.invoke(DelegatingMethodAccessorImpl.java:43)
	at edu.washington.cs.dt.util.TestRunnerWrapper.main(TestRunnerWrapper.java:56)

FAILURES!!!
Tests run: 1,  Failures: 1,  Errors: 0

.
Time: 0

OK (1 test)

.F
Time: 0
There was 1 failure:
1) test306(randoop.jodatime.RandoopTest4)junit.framework.AssertionFailedError: 'T17:54:50.693' != 'T01:23:56.333'
	at randoop.jodatime.RandoopTest4.test306(RandoopTest4.java:29150)
	at sun.reflect.NativeMethodAccessorImpl.invoke0(Native Method)
	at sun.reflect.NativeMethodAccessorImpl.invoke(NativeMethodAccessorImpl.java:57)
	at sun.reflect.DelegatingMethodAccessorImpl.invoke(DelegatingMethodAccessorImpl.java:43)
	at edu.washington.cs.dt.util.TestRunnerWrapper.main(TestRunnerWrapper.java:56)

FAILURES!!!
Tests run: 1,  Failures: 1,  Errors: 0

Execution time: 1480044957
0-th run
Pass: 25, Fail: 11, Error: 0
{randoop.jodatime.RandoopTest0.test7=PASS, randoop.jodatime.RandoopTest0.test8=PASS, randoop.jodatime.RandoopTest0.test28=PASS, randoop.jodatime.RandoopTest0.test3=PASS, randoop.jodatime.RandoopTest0.test12=PASS, randoop.jodatime.RandoopTest3.test31=FAILURE, randoop.jodatime.RandoopTest0.test31=PASS, randoop.jodatime.RandoopTest1.test332=FAILURE, randoop.jodatime.RandoopTest0.test56=PASS, randoop.jodatime.RandoopTest0.test45=PASS, randoop.jodatime.RandoopTest3.test37=PASS, randoop.jodatime.RandoopTest1.test443=PASS, randoop.jodatime.RandoopTest0.test60=PASS, randoop.jodatime.RandoopTest0.test49=PASS, randoop.jodatime.RandoopTest1.test479=PASS, randoop.jodatime.RandoopTest4.test493=PASS, randoop.jodatime.RandoopTest1.test381=PASS, randoop.jodatime.RandoopTest2.test130=PASS, randoop.jodatime.RandoopTest2.test217=PASS, randoop.jodatime.RandoopTest0.test65=PASS, randoop.jodatime.RandoopTest1.test185=FAILURE, randoop.jodatime.RandoopTest1.test204=FAILURE, randoop.jodatime.RandoopTest2.test205=PASS, randoop.jodatime.RandoopTest2.test394=FAILURE, randoop.jodatime.RandoopTest3.test13=PASS, randoop.jodatime.RandoopTest1.test338=PASS, randoop.jodatime.RandoopTest4.test305=FAILURE, randoop.jodatime.RandoopTest1.test5=PASS, randoop.jodatime.RandoopTest1.test9=PASS, randoop.jodatime.RandoopTest1.test228=FAILURE, randoop.jodatime.RandoopTest2.test116=FAILURE, randoop.jodatime.RandoopTest0.test167=PASS, randoop.jodatime.RandoopTest1.test266=FAILURE, randoop.jodatime.RandoopTest0.test133=FAILURE, randoop.jodatime.RandoopTest0.test158=PASS, randoop.jodatime.RandoopTest4.test306=FAILURE}


.
Time: 0.22

OK (1 test)

.
Time: 0.006

OK (1 test)

.
Time: 0.066

OK (1 test)

.
Time: 0.001

OK (1 test)

.
Time: 0

OK (1 test)

.
Time: 0.033

OK (1 test)

.
Time: 0.023

OK (1 test)

.
Time: 0.001

OK (1 test)

.
Time: 0.011

OK (1 test)

.
Time: 0.001

OK (1 test)

.F
Time: 0.017
There was 1 failure:
1) test492(randoop.jodatime.RandoopTest1)junit.framework.AssertionFailedError: null
	at randoop.jodatime.RandoopTest1.test492(RandoopTest1.java:39115)
	at sun.reflect.NativeMethodAccessorImpl.invoke0(Native Method)
	at sun.reflect.NativeMethodAccessorImpl.invoke(NativeMethodAccessorImpl.java:57)
	at sun.reflect.DelegatingMethodAccessorImpl.invoke(DelegatingMethodAccessorImpl.java:43)
	at edu.washington.cs.dt.util.TestRunnerWrapper.main(TestRunnerWrapper.java:56)

FAILURES!!!
Tests run: 1,  Failures: 1,  Errors: 0

.
Time: 0.004

OK (1 test)

.
Time: 0.003

OK (1 test)

.
Time: 0.016

OK (1 test)

.
Time: 0.001

OK (1 test)

.F
Time: 0.004
There was 1 failure:
1) test397(randoop.jodatime.RandoopTest1)junit.framework.AssertionFailedError: null
	at randoop.jodatime.RandoopTest1.test397(RandoopTest1.java:31407)
	at sun.reflect.NativeMethodAccessorImpl.invoke0(Native Method)
	at sun.reflect.NativeMethodAccessorImpl.invoke(NativeMethodAccessorImpl.java:57)
	at sun.reflect.DelegatingMethodAccessorImpl.invoke(DelegatingMethodAccessorImpl.java:43)
	at edu.washington.cs.dt.util.TestRunnerWrapper.main(TestRunnerWrapper.java:56)

FAILURES!!!
Tests run: 1,  Failures: 1,  Errors: 0

.
Time: 0.001

OK (1 test)

.F
Time: 0.013
There was 1 failure:
1) test428(randoop.jodatime.RandoopTest1)junit.framework.AssertionFailedError: null
	at randoop.jodatime.RandoopTest1.test428(RandoopTest1.java:34275)
	at sun.reflect.NativeMethodAccessorImpl.invoke0(Native Method)
	at sun.reflect.NativeMethodAccessorImpl.invoke(NativeMethodAccessorImpl.java:57)
	at sun.reflect.DelegatingMethodAccessorImpl.invoke(DelegatingMethodAccessorImpl.java:43)
	at edu.washington.cs.dt.util.TestRunnerWrapper.main(TestRunnerWrapper.java:56)

FAILURES!!!
Tests run: 1,  Failures: 1,  Errors: 0

.
Time: 0.005

OK (1 test)

.
Time: 0

OK (1 test)

.
Time: 0.028

OK (1 test)

.F
Time: 0.007
There was 1 failure:
1) test272(randoop.jodatime.RandoopTest1)junit.framework.AssertionFailedError: 'T17:54:52.245' != 'T03:23:37.467'
	at randoop.jodatime.RandoopTest1.test272(RandoopTest1.java:21259)
	at sun.reflect.NativeMethodAccessorImpl.invoke0(Native Method)
	at sun.reflect.NativeMethodAccessorImpl.invoke(NativeMethodAccessorImpl.java:57)
	at sun.reflect.DelegatingMethodAccessorImpl.invoke(DelegatingMethodAccessorImpl.java:43)
	at edu.washington.cs.dt.util.TestRunnerWrapper.main(TestRunnerWrapper.java:56)

FAILURES!!!
Tests run: 1,  Failures: 1,  Errors: 0

.
Time: 0.001

OK (1 test)

.F
Time: 0.006
There was 1 failure:
1) test292(randoop.jodatime.RandoopTest4)junit.framework.AssertionFailedError: null
	at randoop.jodatime.RandoopTest4.test292(RandoopTest4.java:27159)
	at sun.reflect.NativeMethodAccessorImpl.invoke0(Native Method)
	at sun.reflect.NativeMethodAccessorImpl.invoke(NativeMethodAccessorImpl.java:57)
	at sun.reflect.DelegatingMethodAccessorImpl.invoke(DelegatingMethodAccessorImpl.java:43)
	at edu.washington.cs.dt.util.TestRunnerWrapper.main(TestRunnerWrapper.java:56)

FAILURES!!!
Tests run: 1,  Failures: 1,  Errors: 0

.F
Time: 0.005
There was 1 failure:
1) test154(randoop.jodatime.RandoopTest2)junit.framework.AssertionFailedError: null
	at randoop.jodatime.RandoopTest2.test154(RandoopTest2.java:11885)
	at sun.reflect.NativeMethodAccessorImpl.invoke0(Native Method)
	at sun.reflect.NativeMethodAccessorImpl.invoke(NativeMethodAccessorImpl.java:57)
	at sun.reflect.DelegatingMethodAccessorImpl.invoke(DelegatingMethodAccessorImpl.java:43)
	at edu.washington.cs.dt.util.TestRunnerWrapper.main(TestRunnerWrapper.java:56)

FAILURES!!!
Tests run: 1,  Failures: 1,  Errors: 0

.F
Time: 0.001
There was 1 failure:
1) test301(randoop.jodatime.RandoopTest4)junit.framework.AssertionFailedError: null
	at randoop.jodatime.RandoopTest4.test301(RandoopTest4.java:28495)
	at sun.reflect.NativeMethodAccessorImpl.invoke0(Native Method)
	at sun.reflect.NativeMethodAccessorImpl.invoke(NativeMethodAccessorImpl.java:57)
	at sun.reflect.DelegatingMethodAccessorImpl.invoke(DelegatingMethodAccessorImpl.java:43)
	at edu.washington.cs.dt.util.TestRunnerWrapper.main(TestRunnerWrapper.java:56)

FAILURES!!!
Tests run: 1,  Failures: 1,  Errors: 0

.
Time: 0.001

OK (1 test)

.F
Time: 0.008
There was 1 failure:
1) test419(randoop.jodatime.RandoopTest4)junit.framework.AssertionFailedError: '17:54:52.375' != '01:23:58.030'
	at randoop.jodatime.RandoopTest4.test419(RandoopTest4.java:40014)
	at sun.reflect.NativeMethodAccessorImpl.invoke0(Native Method)
	at sun.reflect.NativeMethodAccessorImpl.invoke(NativeMethodAccessorImpl.java:57)
	at sun.reflect.DelegatingMethodAccessorImpl.invoke(DelegatingMethodAccessorImpl.java:43)
	at edu.washington.cs.dt.util.TestRunnerWrapper.main(TestRunnerWrapper.java:56)

FAILURES!!!
Tests run: 1,  Failures: 1,  Errors: 0

.F
Time: 0.007
There was 1 failure:
1) test38(randoop.jodatime.RandoopTest4)junit.framework.AssertionFailedError: null
	at randoop.jodatime.RandoopTest4.test38(RandoopTest4.java:3319)
	at sun.reflect.NativeMethodAccessorImpl.invoke0(Native Method)
	at sun.reflect.NativeMethodAccessorImpl.invoke(NativeMethodAccessorImpl.java:57)
	at sun.reflect.DelegatingMethodAccessorImpl.invoke(DelegatingMethodAccessorImpl.java:43)
	at edu.washington.cs.dt.util.TestRunnerWrapper.main(TestRunnerWrapper.java:56)

FAILURES!!!
Tests run: 1,  Failures: 1,  Errors: 0

.
Time: 0.005

OK (1 test)

.
Time: 0

OK (1 test)

.
Time: 0

OK (1 test)

.F
Time: 0
There was 1 failure:
1) test76(randoop.jodatime.RandoopTest1)junit.framework.AssertionFailedError: null
	at randoop.jodatime.RandoopTest1.test76(RandoopTest1.java:6139)
	at sun.reflect.NativeMethodAccessorImpl.invoke0(Native Method)
	at sun.reflect.NativeMethodAccessorImpl.invoke(NativeMethodAccessorImpl.java:57)
	at sun.reflect.DelegatingMethodAccessorImpl.invoke(DelegatingMethodAccessorImpl.java:43)
	at edu.washington.cs.dt.util.TestRunnerWrapper.main(TestRunnerWrapper.java:56)

FAILURES!!!
Tests run: 1,  Failures: 1,  Errors: 0

.
Time: 0

OK (1 test)

.
Time: 0

OK (1 test)

.
Time: 0

OK (1 test)

Execution time: 1466001638
0-th run
Pass: 26, Fail: 10, Error: 0
{randoop.jodatime.RandoopTest0.test6=PASS, randoop.jodatime.RandoopTest0.test9=PASS, randoop.jodatime.RandoopTest0.test20=PASS, randoop.jodatime.RandoopTest2.test5=PASS, randoop.jodatime.RandoopTest0.test25=PASS, randoop.jodatime.RandoopTest0.test14=PASS, randoop.jodatime.RandoopTest3.test27=PASS, randoop.jodatime.RandoopTest0.test36=PASS, randoop.jodatime.RandoopTest0.test43=PASS, randoop.jodatime.RandoopTest2.test3=PASS, randoop.jodatime.RandoopTest1.test492=FAILURE, randoop.jodatime.RandoopTest1.test366=PASS, randoop.jodatime.RandoopTest1.test295=PASS, randoop.jodatime.RandoopTest2.test81=PASS, randoop.jodatime.RandoopTest1.test393=PASS, randoop.jodatime.RandoopTest1.test397=FAILURE, randoop.jodatime.RandoopTest1.test305=PASS, randoop.jodatime.RandoopTest1.test428=FAILURE, randoop.jodatime.RandoopTest2.test147=PASS, randoop.jodatime.RandoopTest2.test191=PASS, randoop.jodatime.RandoopTest1.test349=PASS, randoop.jodatime.RandoopTest1.test272=FAILURE, randoop.jodatime.RandoopTest2.test222=PASS, randoop.jodatime.RandoopTest4.test292=FAILURE, randoop.jodatime.RandoopTest2.test154=FAILURE, randoop.jodatime.RandoopTest4.test301=FAILURE, randoop.jodatime.RandoopTest3.test23=PASS, randoop.jodatime.RandoopTest4.test419=FAILURE, randoop.jodatime.RandoopTest4.test38=FAILURE, randoop.jodatime.RandoopTest1.test451=PASS, randoop.jodatime.RandoopTest1.test432=PASS, randoop.jodatime.RandoopTest0.test77=PASS, randoop.jodatime.RandoopTest1.test76=FAILURE, randoop.jodatime.RandoopTest2.test124=PASS, randoop.jodatime.RandoopTest1.test159=PASS, randoop.jodatime.RandoopTest0.test103=PASS}


.
Time: 0.208

OK (1 test)

.
Time: 0.11

OK (1 test)

.
Time: 0.002

OK (1 test)

.
Time: 0.002

OK (1 test)

.F
Time: 0.026
There was 1 failure:
1) test28(randoop.jodatime.RandoopTest3)junit.framework.AssertionFailedError: '01:54:53.667' != '00:00:00.010'
	at randoop.jodatime.RandoopTest3.test28(RandoopTest3.java:3164)
	at sun.reflect.NativeMethodAccessorImpl.invoke0(Native Method)
	at sun.reflect.NativeMethodAccessorImpl.invoke(NativeMethodAccessorImpl.java:57)
	at sun.reflect.DelegatingMethodAccessorImpl.invoke(DelegatingMethodAccessorImpl.java:43)
	at edu.washington.cs.dt.util.TestRunnerWrapper.main(TestRunnerWrapper.java:56)

FAILURES!!!
Tests run: 1,  Failures: 1,  Errors: 0

.
Time: 0.023

OK (1 test)

.
Time: 0.001

OK (1 test)

.
Time: 0.002

OK (1 test)

.F
Time: 0.032
There was 1 failure:
1) test161(randoop.jodatime.RandoopTest2)junit.framework.AssertionFailedError: null
	at randoop.jodatime.RandoopTest2.test161(RandoopTest2.java:12428)
	at sun.reflect.NativeMethodAccessorImpl.invoke0(Native Method)
	at sun.reflect.NativeMethodAccessorImpl.invoke(NativeMethodAccessorImpl.java:57)
	at sun.reflect.DelegatingMethodAccessorImpl.invoke(DelegatingMethodAccessorImpl.java:43)
	at edu.washington.cs.dt.util.TestRunnerWrapper.main(TestRunnerWrapper.java:56)

FAILURES!!!
Tests run: 1,  Failures: 1,  Errors: 0

.F
Time: 0.012
There was 1 failure:
1) test34(randoop.jodatime.RandoopTest3)junit.framework.AssertionFailedError: null
	at randoop.jodatime.RandoopTest3.test34(RandoopTest3.java:3832)
	at sun.reflect.NativeMethodAccessorImpl.invoke0(Native Method)
	at sun.reflect.NativeMethodAccessorImpl.invoke(NativeMethodAccessorImpl.java:57)
	at sun.reflect.DelegatingMethodAccessorImpl.invoke(DelegatingMethodAccessorImpl.java:43)
	at edu.washington.cs.dt.util.TestRunnerWrapper.main(TestRunnerWrapper.java:56)

FAILURES!!!
Tests run: 1,  Failures: 1,  Errors: 0

.
Time: 0

OK (1 test)

.F
Time: 0.03
There was 1 failure:
1) test40(randoop.jodatime.RandoopTest3)junit.framework.AssertionFailedError: null
	at randoop.jodatime.RandoopTest3.test40(RandoopTest3.java:4532)
	at sun.reflect.NativeMethodAccessorImpl.invoke0(Native Method)
	at sun.reflect.NativeMethodAccessorImpl.invoke(NativeMethodAccessorImpl.java:57)
	at sun.reflect.DelegatingMethodAccessorImpl.invoke(DelegatingMethodAccessorImpl.java:43)
	at edu.washington.cs.dt.util.TestRunnerWrapper.main(TestRunnerWrapper.java:56)

FAILURES!!!
Tests run: 1,  Failures: 1,  Errors: 0

.
Time: 0.002

OK (1 test)

.
Time: 0.006

OK (1 test)

.
Time: 0

OK (1 test)

.
Time: 0

OK (1 test)

.
Time: 0

OK (1 test)

.F
Time: 0.009
There was 1 failure:
1) test85(randoop.jodatime.RandoopTest2)junit.framework.AssertionFailedError: null
	at randoop.jodatime.RandoopTest2.test85(RandoopTest2.java:6674)
	at sun.reflect.NativeMethodAccessorImpl.invoke0(Native Method)
	at sun.reflect.NativeMethodAccessorImpl.invoke(NativeMethodAccessorImpl.java:57)
	at sun.reflect.DelegatingMethodAccessorImpl.invoke(DelegatingMethodAccessorImpl.java:43)
	at edu.washington.cs.dt.util.TestRunnerWrapper.main(TestRunnerWrapper.java:56)

FAILURES!!!
Tests run: 1,  Failures: 1,  Errors: 0

.
Time: 0

OK (1 test)

.
Time: 0

OK (1 test)

.F
Time: 0.015
There was 1 failure:
1) test291(randoop.jodatime.RandoopTest4)junit.framework.AssertionFailedError: '2014-W01-2T::' != '2013-W01-1T::'
	at randoop.jodatime.RandoopTest4.test291(RandoopTest4.java:27110)
	at sun.reflect.NativeMethodAccessorImpl.invoke0(Native Method)
	at sun.reflect.NativeMethodAccessorImpl.invoke(NativeMethodAccessorImpl.java:57)
	at sun.reflect.DelegatingMethodAccessorImpl.invoke(DelegatingMethodAccessorImpl.java:43)
	at edu.washington.cs.dt.util.TestRunnerWrapper.main(TestRunnerWrapper.java:56)

FAILURES!!!
Tests run: 1,  Failures: 1,  Errors: 0

.
Time: 0.015

OK (1 test)

.
Time: 0.001

OK (1 test)

.
Time: 0.001

OK (1 test)

.F
Time: 0.004
There was 1 failure:
1) test296(randoop.jodatime.RandoopTest4)junit.framework.AssertionFailedError: null
	at randoop.jodatime.RandoopTest4.test296(RandoopTest4.java:27814)
	at sun.reflect.NativeMethodAccessorImpl.invoke0(Native Method)
	at sun.reflect.NativeMethodAccessorImpl.invoke(NativeMethodAccessorImpl.java:57)
	at sun.reflect.DelegatingMethodAccessorImpl.invoke(DelegatingMethodAccessorImpl.java:43)
	at edu.washington.cs.dt.util.TestRunnerWrapper.main(TestRunnerWrapper.java:56)

FAILURES!!!
Tests run: 1,  Failures: 1,  Errors: 0

.
Time: 0.001

OK (1 test)

.
Time: 0.001

OK (1 test)

.
Time: 0.001

OK (1 test)

.
Time: 0

OK (1 test)

.F
Time: 0.001
There was 1 failure:
1) test294(randoop.jodatime.RandoopTest4)junit.framework.AssertionFailedError: null
	at randoop.jodatime.RandoopTest4.test294(RandoopTest4.java:27423)
	at sun.reflect.NativeMethodAccessorImpl.invoke0(Native Method)
	at sun.reflect.NativeMethodAccessorImpl.invoke(NativeMethodAccessorImpl.java:57)
	at sun.reflect.DelegatingMethodAccessorImpl.invoke(DelegatingMethodAccessorImpl.java:43)
	at edu.washington.cs.dt.util.TestRunnerWrapper.main(TestRunnerWrapper.java:56)

FAILURES!!!
Tests run: 1,  Failures: 1,  Errors: 0

.
Time: 0.001

OK (1 test)

.
Time: 0

OK (1 test)

.
Time: 0.001

OK (1 test)

.
Time: 0.003

OK (1 test)

.
Time: 0.002

OK (1 test)

.
Time: 0.003

OK (1 test)

Execution time: 1493825297
0-th run
Pass: 28, Fail: 8, Error: 0
{randoop.jodatime.RandoopTest0.test2=PASS, randoop.jodatime.RandoopTest0.test16=PASS, randoop.jodatime.RandoopTest0.test29=PASS, randoop.jodatime.RandoopTest0.test21=PASS, randoop.jodatime.RandoopTest3.test28=FAILURE, randoop.jodatime.RandoopTest3.test25=PASS, randoop.jodatime.RandoopTest0.test32=PASS, randoop.jodatime.RandoopTest0.test35=PASS, randoop.jodatime.RandoopTest2.test161=FAILURE, randoop.jodatime.RandoopTest3.test34=FAILURE, randoop.jodatime.RandoopTest0.test42=PASS, randoop.jodatime.RandoopTest3.test40=FAILURE, randoop.jodatime.RandoopTest3.test39=PASS, randoop.jodatime.RandoopTest1.test3=PASS, randoop.jodatime.RandoopTest1.test11=PASS, randoop.jodatime.RandoopTest2.test96=PASS, randoop.jodatime.RandoopTest1.test379=PASS, randoop.jodatime.RandoopTest2.test85=FAILURE, randoop.jodatime.RandoopTest2.test137=PASS, randoop.jodatime.RandoopTest2.test31=PASS, randoop.jodatime.RandoopTest4.test291=FAILURE, randoop.jodatime.RandoopTest0.test209=PASS, randoop.jodatime.RandoopTest2.test203=PASS, randoop.jodatime.RandoopTest1.test183=PASS, randoop.jodatime.RandoopTest4.test296=FAILURE, randoop.jodatime.RandoopTest1.test467=PASS, randoop.jodatime.RandoopTest4.test307=PASS, randoop.jodatime.RandoopTest1.test499=PASS, randoop.jodatime.RandoopTest2.test153=PASS, randoop.jodatime.RandoopTest4.test294=FAILURE, randoop.jodatime.RandoopTest0.test68=PASS, randoop.jodatime.RandoopTest1.test306=PASS, randoop.jodatime.RandoopTest4.test304=PASS, randoop.jodatime.RandoopTest0.test118=PASS, randoop.jodatime.RandoopTest0.test388=PASS, randoop.jodatime.RandoopTest1.test133=PASS}


.
Time: 0.211

OK (1 test)

.
Time: 0.06

OK (1 test)

.
Time: 0.046

OK (1 test)

.
Time: 0.017

OK (1 test)

.
Time: 0.001

OK (1 test)

.F
Time: 0.038
There was 1 failure:
1) test26(randoop.jodatime.RandoopTest3)junit.framework.AssertionFailedError: 'T17:54:55.423' != 'T00:00:00.110'
	at randoop.jodatime.RandoopTest3.test26(RandoopTest3.java:3017)
	at sun.reflect.NativeMethodAccessorImpl.invoke0(Native Method)
	at sun.reflect.NativeMethodAccessorImpl.invoke(NativeMethodAccessorImpl.java:57)
	at sun.reflect.DelegatingMethodAccessorImpl.invoke(DelegatingMethodAccessorImpl.java:43)
	at edu.washington.cs.dt.util.TestRunnerWrapper.main(TestRunnerWrapper.java:56)

FAILURES!!!
Tests run: 1,  Failures: 1,  Errors: 0

.
Time: 0.009

OK (1 test)

.F
Time: 0.006
There was 1 failure:
1) test61(randoop.jodatime.RandoopTest0)junit.framework.AssertionFailedError: 'Jan 6, 2015 12:00:00 AM' != 'Aug 23, 2013 12:00:00 AM'
	at randoop.jodatime.RandoopTest0.test61(RandoopTest0.java:1681)
	at sun.reflect.NativeMethodAccessorImpl.invoke0(Native Method)
	at sun.reflect.NativeMethodAccessorImpl.invoke(NativeMethodAccessorImpl.java:57)
	at sun.reflect.DelegatingMethodAccessorImpl.invoke(DelegatingMethodAccessorImpl.java:43)
	at edu.washington.cs.dt.util.TestRunnerWrapper.main(TestRunnerWrapper.java:56)

FAILURES!!!
Tests run: 1,  Failures: 1,  Errors: 0

.F
Time: 0.001
There was 1 failure:
1) test1(randoop.jodatime.RandoopTest1)junit.framework.AssertionFailedError: null
	at randoop.jodatime.RandoopTest1.test1(RandoopTest1.java:32)
	at sun.reflect.NativeMethodAccessorImpl.invoke0(Native Method)
	at sun.reflect.NativeMethodAccessorImpl.invoke(NativeMethodAccessorImpl.java:57)
	at sun.reflect.DelegatingMethodAccessorImpl.invoke(DelegatingMethodAccessorImpl.java:43)
	at edu.washington.cs.dt.util.TestRunnerWrapper.main(TestRunnerWrapper.java:56)

FAILURES!!!
Tests run: 1,  Failures: 1,  Errors: 0

.
Time: 0.039

OK (1 test)

.F
Time: 0.004
There was 1 failure:
1) test111(randoop.jodatime.RandoopTest2)junit.framework.AssertionFailedError: null
	at randoop.jodatime.RandoopTest2.test111(RandoopTest2.java:9119)
	at sun.reflect.NativeMethodAccessorImpl.invoke0(Native Method)
	at sun.reflect.NativeMethodAccessorImpl.invoke(NativeMethodAccessorImpl.java:57)
	at sun.reflect.DelegatingMethodAccessorImpl.invoke(DelegatingMethodAccessorImpl.java:43)
	at edu.washington.cs.dt.util.TestRunnerWrapper.main(TestRunnerWrapper.java:56)

FAILURES!!!
Tests run: 1,  Failures: 1,  Errors: 0

.
Time: 0.003

OK (1 test)

.
Time: 0.003

OK (1 test)

.
Time: 0.001

OK (1 test)

.F
Time: 0.001
There was 1 failure:
1) test7(randoop.jodatime.RandoopTest2)junit.framework.AssertionFailedError: null
	at randoop.jodatime.RandoopTest2.test7(RandoopTest2.java:553)
	at sun.reflect.NativeMethodAccessorImpl.invoke0(Native Method)
	at sun.reflect.NativeMethodAccessorImpl.invoke(NativeMethodAccessorImpl.java:57)
	at sun.reflect.DelegatingMethodAccessorImpl.invoke(DelegatingMethodAccessorImpl.java:43)
	at edu.washington.cs.dt.util.TestRunnerWrapper.main(TestRunnerWrapper.java:56)

FAILURES!!!
Tests run: 1,  Failures: 1,  Errors: 0

.F
Time: 0.004
There was 1 failure:
1) test31(randoop.jodatime.RandoopTest1)junit.framework.AssertionFailedError: null
	at randoop.jodatime.RandoopTest1.test31(RandoopTest1.java:2206)
	at sun.reflect.NativeMethodAccessorImpl.invoke0(Native Method)
	at sun.reflect.NativeMethodAccessorImpl.invoke(NativeMethodAccessorImpl.java:57)
	at sun.reflect.DelegatingMethodAccessorImpl.invoke(DelegatingMethodAccessorImpl.java:43)
	at edu.washington.cs.dt.util.TestRunnerWrapper.main(TestRunnerWrapper.java:56)

FAILURES!!!
Tests run: 1,  Failures: 1,  Errors: 0

.F
Time: 0
There was 1 failure:
1) test43(randoop.jodatime.RandoopTest3)junit.framework.AssertionFailedError: null
	at randoop.jodatime.RandoopTest3.test43(RandoopTest3.java:4765)
	at sun.reflect.NativeMethodAccessorImpl.invoke0(Native Method)
	at sun.reflect.NativeMethodAccessorImpl.invoke(NativeMethodAccessorImpl.java:57)
	at sun.reflect.DelegatingMethodAccessorImpl.invoke(DelegatingMethodAccessorImpl.java:43)
	at edu.washington.cs.dt.util.TestRunnerWrapper.main(TestRunnerWrapper.java:56)

FAILURES!!!
Tests run: 1,  Failures: 1,  Errors: 0

.
Time: 0.005

OK (1 test)

.F
Time: 0.035
There was 1 failure:
1) test354(randoop.jodatime.RandoopTest1)junit.framework.AssertionFailedError: null
	at randoop.jodatime.RandoopTest1.test354(RandoopTest1.java:27174)
	at sun.reflect.NativeMethodAccessorImpl.invoke0(Native Method)
	at sun.reflect.NativeMethodAccessorImpl.invoke(NativeMethodAccessorImpl.java:57)
	at sun.reflect.DelegatingMethodAccessorImpl.invoke(DelegatingMethodAccessorImpl.java:43)
	at edu.washington.cs.dt.util.TestRunnerWrapper.main(TestRunnerWrapper.java:56)

FAILURES!!!
Tests run: 1,  Failures: 1,  Errors: 0

.F
Time: 0.005
There was 1 failure:
1) test182(randoop.jodatime.RandoopTest1)junit.framework.AssertionFailedError: null
	at randoop.jodatime.RandoopTest1.test182(RandoopTest1.java:14192)
	at sun.reflect.NativeMethodAccessorImpl.invoke0(Native Method)
	at sun.reflect.NativeMethodAccessorImpl.invoke(NativeMethodAccessorImpl.java:57)
	at sun.reflect.DelegatingMethodAccessorImpl.invoke(DelegatingMethodAccessorImpl.java:43)
	at edu.washington.cs.dt.util.TestRunnerWrapper.main(TestRunnerWrapper.java:56)

FAILURES!!!
Tests run: 1,  Failures: 1,  Errors: 0

.F
Time: 0.343
There was 1 failure:
1) test335(randoop.jodatime.RandoopTest2)junit.framework.AssertionFailedError: null
	at randoop.jodatime.RandoopTest2.test335(RandoopTest2.java:26833)
	at sun.reflect.NativeMethodAccessorImpl.invoke0(Native Method)
	at sun.reflect.NativeMethodAccessorImpl.invoke(NativeMethodAccessorImpl.java:57)
	at sun.reflect.DelegatingMethodAccessorImpl.invoke(DelegatingMethodAccessorImpl.java:43)
	at edu.washington.cs.dt.util.TestRunnerWrapper.main(TestRunnerWrapper.java:56)

FAILURES!!!
Tests run: 1,  Failures: 1,  Errors: 0

.
Time: 0

OK (1 test)

.
Time: 0.003

OK (1 test)

.
Time: 0

OK (1 test)

.F
Time: 0.001
There was 1 failure:
1) test181(randoop.jodatime.RandoopTest1)junit.framework.AssertionFailedError: null
	at randoop.jodatime.RandoopTest1.test181(RandoopTest1.java:14101)
	at sun.reflect.NativeMethodAccessorImpl.invoke0(Native Method)
	at sun.reflect.NativeMethodAccessorImpl.invoke(NativeMethodAccessorImpl.java:57)
	at sun.reflect.DelegatingMethodAccessorImpl.invoke(DelegatingMethodAccessorImpl.java:43)
	at edu.washington.cs.dt.util.TestRunnerWrapper.main(TestRunnerWrapper.java:56)

FAILURES!!!
Tests run: 1,  Failures: 1,  Errors: 0

.
Time: 0

OK (1 test)

.F
Time: 0.004
There was 1 failure:
1) test184(randoop.jodatime.RandoopTest1)junit.framework.AssertionFailedError: null
	at randoop.jodatime.RandoopTest1.test184(RandoopTest1.java:14286)
	at sun.reflect.NativeMethodAccessorImpl.invoke0(Native Method)
	at sun.reflect.NativeMethodAccessorImpl.invoke(NativeMethodAccessorImpl.java:57)
	at sun.reflect.DelegatingMethodAccessorImpl.invoke(DelegatingMethodAccessorImpl.java:43)
	at edu.washington.cs.dt.util.TestRunnerWrapper.main(TestRunnerWrapper.java:56)

FAILURES!!!
Tests run: 1,  Failures: 1,  Errors: 0

.
Time: 0.001

OK (1 test)

.
Time: 0.001

OK (1 test)

.F
Time: 0
There was 1 failure:
1) test16(randoop.jodatime.RandoopTest1)junit.framework.AssertionFailedError: null
	at randoop.jodatime.RandoopTest1.test16(RandoopTest1.java:944)
	at sun.reflect.NativeMethodAccessorImpl.invoke0(Native Method)
	at sun.reflect.NativeMethodAccessorImpl.invoke(NativeMethodAccessorImpl.java:57)
	at sun.reflect.DelegatingMethodAccessorImpl.invoke(DelegatingMethodAccessorImpl.java:43)
	at edu.washington.cs.dt.util.TestRunnerWrapper.main(TestRunnerWrapper.java:56)

FAILURES!!!
Tests run: 1,  Failures: 1,  Errors: 0

.F
Time: 0.002
There was 1 failure:
1) test310(randoop.jodatime.RandoopTest4)junit.framework.AssertionFailedError: null
	at randoop.jodatime.RandoopTest4.test310(RandoopTest4.java:29503)
	at sun.reflect.NativeMethodAccessorImpl.invoke0(Native Method)
	at sun.reflect.NativeMethodAccessorImpl.invoke(NativeMethodAccessorImpl.java:57)
	at sun.reflect.DelegatingMethodAccessorImpl.invoke(DelegatingMethodAccessorImpl.java:43)
	at edu.washington.cs.dt.util.TestRunnerWrapper.main(TestRunnerWrapper.java:56)

FAILURES!!!
Tests run: 1,  Failures: 1,  Errors: 0

.
Time: 0

OK (1 test)

.F
Time: 0.003
There was 1 failure:
1) test404(randoop.jodatime.RandoopTest4)junit.framework.AssertionFailedError: null
	at randoop.jodatime.RandoopTest4.test404(RandoopTest4.java:38415)
	at sun.reflect.NativeMethodAccessorImpl.invoke0(Native Method)
	at sun.reflect.NativeMethodAccessorImpl.invoke(NativeMethodAccessorImpl.java:57)
	at sun.reflect.DelegatingMethodAccessorImpl.invoke(DelegatingMethodAccessorImpl.java:43)
	at edu.washington.cs.dt.util.TestRunnerWrapper.main(TestRunnerWrapper.java:56)

FAILURES!!!
Tests run: 1,  Failures: 1,  Errors: 0

.
Time: 0.009

OK (1 test)

.
Time: 0

OK (1 test)

.F
Time: 0.002
There was 1 failure:
1) test302(randoop.jodatime.RandoopTest4)junit.framework.AssertionFailedError: null
	at randoop.jodatime.RandoopTest4.test302(RandoopTest4.java:28586)
	at sun.reflect.NativeMethodAccessorImpl.invoke0(Native Method)
	at sun.reflect.NativeMethodAccessorImpl.invoke(NativeMethodAccessorImpl.java:57)
	at sun.reflect.DelegatingMethodAccessorImpl.invoke(DelegatingMethodAccessorImpl.java:43)
	at edu.washington.cs.dt.util.TestRunnerWrapper.main(TestRunnerWrapper.java:56)

FAILURES!!!
Tests run: 1,  Failures: 1,  Errors: 0

Execution time: 2001344099
0-th run
Pass: 20, Fail: 16, Error: 0
{randoop.jodatime.RandoopTest0.test5=PASS, randoop.jodatime.RandoopTest0.test10=PASS, randoop.jodatime.RandoopTest0.test27=PASS, randoop.jodatime.RandoopTest0.test23=PASS, randoop.jodatime.RandoopTest0.test22=PASS, randoop.jodatime.RandoopTest3.test26=FAILURE, randoop.jodatime.RandoopTest0.test34=PASS, randoop.jodatime.RandoopTest0.test61=FAILURE, randoop.jodatime.RandoopTest1.test1=FAILURE, randoop.jodatime.RandoopTest1.test39=PASS, randoop.jodatime.RandoopTest2.test111=FAILURE, randoop.jodatime.RandoopTest0.test51=PASS, randoop.jodatime.RandoopTest0.test47=PASS, randoop.jodatime.RandoopTest0.test55=PASS, randoop.jodatime.RandoopTest2.test7=FAILURE, randoop.jodatime.RandoopTest1.test31=FAILURE, randoop.jodatime.RandoopTest3.test43=FAILURE, randoop.jodatime.RandoopTest2.test16=PASS, randoop.jodatime.RandoopTest1.test354=FAILURE, randoop.jodatime.RandoopTest1.test182=FAILURE, randoop.jodatime.RandoopTest2.test335=FAILURE, randoop.jodatime.RandoopTest1.test206=PASS, randoop.jodatime.RandoopTest1.test180=PASS, randoop.jodatime.RandoopTest2.test209=PASS, randoop.jodatime.RandoopTest1.test181=FAILURE, randoop.jodatime.RandoopTest2.test183=PASS, randoop.jodatime.RandoopTest1.test184=FAILURE, randoop.jodatime.RandoopTest1.test30=PASS, randoop.jodatime.RandoopTest1.test42=PASS, randoop.jodatime.RandoopTest1.test16=FAILURE, randoop.jodatime.RandoopTest4.test310=FAILURE, randoop.jodatime.RandoopTest0.test136=PASS, randoop.jodatime.RandoopTest4.test404=FAILURE, randoop.jodatime.RandoopTest1.test67=PASS, randoop.jodatime.RandoopTest0.test224=PASS, randoop.jodatime.RandoopTest4.test302=FAILURE}


.F
Time: 0.674
There was 1 failure:
1) test179(randoop.jodatime.RandoopTest1)junit.framework.AssertionFailedError: null
	at randoop.jodatime.RandoopTest1.test179(RandoopTest1.java:13911)
	at sun.reflect.NativeMethodAccessorImpl.invoke0(Native Method)
	at sun.reflect.NativeMethodAccessorImpl.invoke(NativeMethodAccessorImpl.java:57)
	at sun.reflect.DelegatingMethodAccessorImpl.invoke(DelegatingMethodAccessorImpl.java:43)
	at edu.washington.cs.dt.util.TestRunnerWrapper.main(TestRunnerWrapper.java:56)

FAILURES!!!
Tests run: 1,  Failures: 1,  Errors: 0

.
Time: 0.002

OK (1 test)

.
Time: 0

OK (1 test)

.
Time: 0.027

OK (1 test)

.F
Time: 0.004
There was 1 failure:
1) test29(randoop.jodatime.RandoopTest3)junit.framework.AssertionFailedError: null
	at randoop.jodatime.RandoopTest3.test29(RandoopTest3.java:3250)
	at sun.reflect.NativeMethodAccessorImpl.invoke0(Native Method)
	at sun.reflect.NativeMethodAccessorImpl.invoke(NativeMethodAccessorImpl.java:57)
	at sun.reflect.DelegatingMethodAccessorImpl.invoke(DelegatingMethodAccessorImpl.java:43)
	at edu.washington.cs.dt.util.TestRunnerWrapper.main(TestRunnerWrapper.java:56)

FAILURES!!!
Tests run: 1,  Failures: 1,  Errors: 0

.F
Time: 0
There was 1 failure:
1) test57(randoop.jodatime.RandoopTest0)junit.framework.AssertionFailedError: null
	at randoop.jodatime.RandoopTest0.test57(RandoopTest0.java:1495)
	at sun.reflect.NativeMethodAccessorImpl.invoke0(Native Method)
	at sun.reflect.NativeMethodAccessorImpl.invoke(NativeMethodAccessorImpl.java:57)
	at sun.reflect.DelegatingMethodAccessorImpl.invoke(DelegatingMethodAccessorImpl.java:43)
	at edu.washington.cs.dt.util.TestRunnerWrapper.main(TestRunnerWrapper.java:56)

FAILURES!!!
Tests run: 1,  Failures: 1,  Errors: 0

.
Time: 0.006

OK (1 test)

.F
Time: 0.031
There was 1 failure:
1) test35(randoop.jodatime.RandoopTest3)junit.framework.AssertionFailedError: null
	at randoop.jodatime.RandoopTest3.test35(RandoopTest3.java:4033)
	at sun.reflect.NativeMethodAccessorImpl.invoke0(Native Method)
	at sun.reflect.NativeMethodAccessorImpl.invoke(NativeMethodAccessorImpl.java:57)
	at sun.reflect.DelegatingMethodAccessorImpl.invoke(DelegatingMethodAccessorImpl.java:43)
	at edu.washington.cs.dt.util.TestRunnerWrapper.main(TestRunnerWrapper.java:56)

FAILURES!!!
Tests run: 1,  Failures: 1,  Errors: 0

.
Time: 0.006

OK (1 test)

.
Time: 0

OK (1 test)

.
Time: 0.001

OK (1 test)

.
Time: 0.001

OK (1 test)

.F
Time: 0.005
There was 1 failure:
1) test166(randoop.jodatime.RandoopTest1)junit.framework.AssertionFailedError: null
	at randoop.jodatime.RandoopTest1.test166(RandoopTest1.java:12861)
	at sun.reflect.NativeMethodAccessorImpl.invoke0(Native Method)
	at sun.reflect.NativeMethodAccessorImpl.invoke(NativeMethodAccessorImpl.java:57)
	at sun.reflect.DelegatingMethodAccessorImpl.invoke(DelegatingMethodAccessorImpl.java:43)
	at edu.washington.cs.dt.util.TestRunnerWrapper.main(TestRunnerWrapper.java:56)

FAILURES!!!
Tests run: 1,  Failures: 1,  Errors: 0

.F
Time: 0.003
There was 1 failure:
1) test295(randoop.jodatime.RandoopTest4)junit.framework.AssertionFailedError: null
	at randoop.jodatime.RandoopTest4.test295(RandoopTest4.java:27581)
	at sun.reflect.NativeMethodAccessorImpl.invoke0(Native Method)
	at sun.reflect.NativeMethodAccessorImpl.invoke(NativeMethodAccessorImpl.java:57)
	at sun.reflect.DelegatingMethodAccessorImpl.invoke(DelegatingMethodAccessorImpl.java:43)
	at edu.washington.cs.dt.util.TestRunnerWrapper.main(TestRunnerWrapper.java:56)

FAILURES!!!
Tests run: 1,  Failures: 1,  Errors: 0

.
Time: 0.003

OK (1 test)

.
Time: 0.008

OK (1 test)

.
Time: 0

OK (1 test)

.
Time: 0.027

OK (1 test)

.
Time: 0.032

OK (1 test)

.F
Time: 0.016
There was 1 failure:
1) test375(randoop.jodatime.RandoopTest1)junit.framework.AssertionFailedError: null
	at randoop.jodatime.RandoopTest1.test375(RandoopTest1.java:29663)
	at sun.reflect.NativeMethodAccessorImpl.invoke0(Native Method)
	at sun.reflect.NativeMethodAccessorImpl.invoke(NativeMethodAccessorImpl.java:57)
	at sun.reflect.DelegatingMethodAccessorImpl.invoke(DelegatingMethodAccessorImpl.java:43)
	at edu.washington.cs.dt.util.TestRunnerWrapper.main(TestRunnerWrapper.java:56)

FAILURES!!!
Tests run: 1,  Failures: 1,  Errors: 0

.
Time: 0

OK (1 test)

.
Time: 0

OK (1 test)

.
Time: 0.067

OK (1 test)

.
Time: 0

OK (1 test)

.
Time: 0.113

OK (1 test)

.
Time: 0.007

OK (1 test)

.
Time: 0.002

OK (1 test)

.F
Time: 0.005
There was 1 failure:
1) test94(randoop.jodatime.RandoopTest1)junit.framework.AssertionFailedError: null
	at randoop.jodatime.RandoopTest1.test94(RandoopTest1.java:7984)
	at sun.reflect.NativeMethodAccessorImpl.invoke0(Native Method)
	at sun.reflect.NativeMethodAccessorImpl.invoke(NativeMethodAccessorImpl.java:57)
	at sun.reflect.DelegatingMethodAccessorImpl.invoke(DelegatingMethodAccessorImpl.java:43)
	at edu.washington.cs.dt.util.TestRunnerWrapper.main(TestRunnerWrapper.java:56)

FAILURES!!!
Tests run: 1,  Failures: 1,  Errors: 0

.
Time: 0

OK (1 test)

.
Time: 0

OK (1 test)

.F
Time: 0.007
There was 1 failure:
1) test23(randoop.jodatime.RandoopTest1)junit.framework.AssertionFailedError: null
	at randoop.jodatime.RandoopTest1.test23(RandoopTest1.java:1492)
	at sun.reflect.NativeMethodAccessorImpl.invoke0(Native Method)
	at sun.reflect.NativeMethodAccessorImpl.invoke(NativeMethodAccessorImpl.java:57)
	at sun.reflect.DelegatingMethodAccessorImpl.invoke(DelegatingMethodAccessorImpl.java:43)
	at edu.washington.cs.dt.util.TestRunnerWrapper.main(TestRunnerWrapper.java:56)

FAILURES!!!
Tests run: 1,  Failures: 1,  Errors: 0

.
Time: 0.003

OK (1 test)

.F
Time: 0.007
There was 1 failure:
1) test280(randoop.jodatime.RandoopTest2)junit.framework.AssertionFailedError: null
	at randoop.jodatime.RandoopTest2.test280(RandoopTest2.java:22376)
	at sun.reflect.NativeMethodAccessorImpl.invoke0(Native Method)
	at sun.reflect.NativeMethodAccessorImpl.invoke(NativeMethodAccessorImpl.java:57)
	at sun.reflect.DelegatingMethodAccessorImpl.invoke(DelegatingMethodAccessorImpl.java:43)
	at edu.washington.cs.dt.util.TestRunnerWrapper.main(TestRunnerWrapper.java:56)

FAILURES!!!
Tests run: 1,  Failures: 1,  Errors: 0

.F
Time: 0.01
There was 1 failure:
1) test93(randoop.jodatime.RandoopTest0)junit.framework.AssertionFailedError: null
	at randoop.jodatime.RandoopTest0.test93(RandoopTest0.java:3241)
	at sun.reflect.NativeMethodAccessorImpl.invoke0(Native Method)
	at sun.reflect.NativeMethodAccessorImpl.invoke(NativeMethodAccessorImpl.java:57)
	at sun.reflect.DelegatingMethodAccessorImpl.invoke(DelegatingMethodAccessorImpl.java:43)
	at edu.washington.cs.dt.util.TestRunnerWrapper.main(TestRunnerWrapper.java:56)

FAILURES!!!
Tests run: 1,  Failures: 1,  Errors: 0

Execution time: 2082185085
0-th run
Pass: 23, Fail: 11, Error: 0
{randoop.jodatime.RandoopTest1.test179=FAILURE, randoop.jodatime.RandoopTest0.test4=PASS, randoop.jodatime.RandoopTest0.test24=PASS, randoop.jodatime.RandoopTest3.test33=PASS, randoop.jodatime.RandoopTest3.test29=FAILURE, randoop.jodatime.RandoopTest0.test57=FAILURE, randoop.jodatime.RandoopTest0.test37=PASS, randoop.jodatime.RandoopTest3.test35=FAILURE, randoop.jodatime.RandoopTest3.test38=PASS, randoop.jodatime.RandoopTest1.test321=PASS, randoop.jodatime.RandoopTest1.test12=PASS, randoop.jodatime.RandoopTest2.test11=PASS, randoop.jodatime.RandoopTest1.test166=FAILURE, randoop.jodatime.RandoopTest4.test295=FAILURE, randoop.jodatime.RandoopTest1.test421=PASS, randoop.jodatime.RandoopTest2.test60=PASS, randoop.jodatime.RandoopTest0.test66=PASS, randoop.jodatime.RandoopTest4.test416=PASS, randoop.jodatime.RandoopTest0.test261=PASS, randoop.jodatime.RandoopTest1.test375=FAILURE, randoop.jodatime.RandoopTest1.test276=PASS, randoop.jodatime.RandoopTest2.test195=PASS, randoop.jodatime.RandoopTest1.test460=PASS, randoop.jodatime.RandoopTest0.test63=PASS, randoop.jodatime.RandoopTest3.test459=PASS, randoop.jodatime.RandoopTest3.test133=PASS, randoop.jodatime.RandoopTest2.test223=PASS, randoop.jodatime.RandoopTest1.test94=FAILURE, randoop.jodatime.RandoopTest4.test299=PASS, randoop.jodatime.RandoopTest0.test130=PASS, randoop.jodatime.RandoopTest1.test23=FAILURE, randoop.jodatime.RandoopTest1.test454=PASS, randoop.jodatime.RandoopTest2.test280=FAILURE, randoop.jodatime.RandoopTest0.test93=FAILURE}


.
Time: 0.252

OK (1 test)

.
Time: 0.012

OK (1 test)

.
Time: 0.03

OK (1 test)

.F
Time: 0.078
There was 1 failure:
1) test32(randoop.jodatime.RandoopTest3)junit.framework.AssertionFailedError: null
	at randoop.jodatime.RandoopTest3.test32(RandoopTest3.java:3513)
	at sun.reflect.NativeMethodAccessorImpl.invoke0(Native Method)
	at sun.reflect.NativeMethodAccessorImpl.invoke(NativeMethodAccessorImpl.java:57)
	at sun.reflect.DelegatingMethodAccessorImpl.invoke(DelegatingMethodAccessorImpl.java:43)
	at edu.washington.cs.dt.util.TestRunnerWrapper.main(TestRunnerWrapper.java:56)

FAILURES!!!
Tests run: 1,  Failures: 1,  Errors: 0

.
Time: 0.005

OK (1 test)

.
Time: 0.002

OK (1 test)

.
Time: 0.004

OK (1 test)

.
Time: 0

OK (1 test)

.
Time: 0

OK (1 test)

.F
Time: 0
There was 1 failure:
1) test36(randoop.jodatime.RandoopTest3)junit.framework.AssertionFailedError: null
	at randoop.jodatime.RandoopTest3.test36(RandoopTest3.java:4200)
	at sun.reflect.NativeMethodAccessorImpl.invoke0(Native Method)
	at sun.reflect.NativeMethodAccessorImpl.invoke(NativeMethodAccessorImpl.java:57)
	at sun.reflect.DelegatingMethodAccessorImpl.invoke(DelegatingMethodAccessorImpl.java:43)
	at edu.washington.cs.dt.util.TestRunnerWrapper.main(TestRunnerWrapper.java:56)

FAILURES!!!
Tests run: 1,  Failures: 1,  Errors: 0

.F
Time: 0.01
There was 1 failure:
1) test103(randoop.jodatime.RandoopTest2)junit.framework.AssertionFailedError: null
	at randoop.jodatime.RandoopTest2.test103(RandoopTest2.java:8332)
	at sun.reflect.NativeMethodAccessorImpl.invoke0(Native Method)
	at sun.reflect.NativeMethodAccessorImpl.invoke(NativeMethodAccessorImpl.java:57)
	at sun.reflect.DelegatingMethodAccessorImpl.invoke(DelegatingMethodAccessorImpl.java:43)
	at edu.washington.cs.dt.util.TestRunnerWrapper.main(TestRunnerWrapper.java:56)

FAILURES!!!
Tests run: 1,  Failures: 1,  Errors: 0

.
Time: 0.004

OK (1 test)

.
Time: 0

OK (1 test)

.F
Time: 0
There was 1 failure:
1) test43(randoop.jodatime.RandoopTest2)junit.framework.AssertionFailedError: null
	at randoop.jodatime.RandoopTest2.test43(RandoopTest2.java:3062)
	at sun.reflect.NativeMethodAccessorImpl.invoke0(Native Method)
	at sun.reflect.NativeMethodAccessorImpl.invoke(NativeMethodAccessorImpl.java:57)
	at sun.reflect.DelegatingMethodAccessorImpl.invoke(DelegatingMethodAccessorImpl.java:43)
	at edu.washington.cs.dt.util.TestRunnerWrapper.main(TestRunnerWrapper.java:56)

FAILURES!!!
Tests run: 1,  Failures: 1,  Errors: 0

.
Time: 0

OK (1 test)

.
Time: 0.001

OK (1 test)

.F
Time: 0.005
There was 1 failure:
1) test42(randoop.jodatime.RandoopTest3)junit.framework.AssertionFailedError: '73621' != '12422'
	at randoop.jodatime.RandoopTest3.test42(RandoopTest3.java:4724)
	at sun.reflect.NativeMethodAccessorImpl.invoke0(Native Method)
	at sun.reflect.NativeMethodAccessorImpl.invoke(NativeMethodAccessorImpl.java:57)
	at sun.reflect.DelegatingMethodAccessorImpl.invoke(DelegatingMethodAccessorImpl.java:43)
	at edu.washington.cs.dt.util.TestRunnerWrapper.main(TestRunnerWrapper.java:56)

FAILURES!!!
Tests run: 1,  Failures: 1,  Errors: 0

.
Time: 0.002

OK (1 test)

.
Time: 0

OK (1 test)

.F
Time: 0.006
There was 1 failure:
1) test274(randoop.jodatime.RandoopTest1)junit.framework.AssertionFailedError: '2015-02-23T00:00:00.000Z' != '2013-10-10T00:00:00.000Z'
	at randoop.jodatime.RandoopTest1.test274(RandoopTest1.java:21549)
	at sun.reflect.NativeMethodAccessorImpl.invoke0(Native Method)
	at sun.reflect.NativeMethodAccessorImpl.invoke(NativeMethodAccessorImpl.java:57)
	at sun.reflect.DelegatingMethodAccessorImpl.invoke(DelegatingMethodAccessorImpl.java:43)
	at edu.washington.cs.dt.util.TestRunnerWrapper.main(TestRunnerWrapper.java:56)

FAILURES!!!
Tests run: 1,  Failures: 1,  Errors: 0

.F
Time: 0.012
There was 1 failure:
1) test289(randoop.jodatime.RandoopTest1)junit.framework.AssertionFailedError: null
	at randoop.jodatime.RandoopTest1.test289(RandoopTest1.java:22771)
	at sun.reflect.NativeMethodAccessorImpl.invoke0(Native Method)
	at sun.reflect.NativeMethodAccessorImpl.invoke(NativeMethodAccessorImpl.java:57)
	at sun.reflect.DelegatingMethodAccessorImpl.invoke(DelegatingMethodAccessorImpl.java:43)
	at edu.washington.cs.dt.util.TestRunnerWrapper.main(TestRunnerWrapper.java:56)

FAILURES!!!
Tests run: 1,  Failures: 1,  Errors: 0

.F
Time: 0.007
There was 1 failure:
1) test287(randoop.jodatime.RandoopTest1)junit.framework.AssertionFailedError: null
	at randoop.jodatime.RandoopTest1.test287(RandoopTest1.java:22500)
	at sun.reflect.NativeMethodAccessorImpl.invoke0(Native Method)
	at sun.reflect.NativeMethodAccessorImpl.invoke(NativeMethodAccessorImpl.java:57)
	at sun.reflect.DelegatingMethodAccessorImpl.invoke(DelegatingMethodAccessorImpl.java:43)
	at edu.washington.cs.dt.util.TestRunnerWrapper.main(TestRunnerWrapper.java:56)

FAILURES!!!
Tests run: 1,  Failures: 1,  Errors: 0

.F
Time: 0.007
There was 1 failure:
1) test75(randoop.jodatime.RandoopTest2)junit.framework.AssertionFailedError: null
	at randoop.jodatime.RandoopTest2.test75(RandoopTest2.java:5961)
	at sun.reflect.NativeMethodAccessorImpl.invoke0(Native Method)
	at sun.reflect.NativeMethodAccessorImpl.invoke(NativeMethodAccessorImpl.java:57)
	at sun.reflect.DelegatingMethodAccessorImpl.invoke(DelegatingMethodAccessorImpl.java:43)
	at edu.washington.cs.dt.util.TestRunnerWrapper.main(TestRunnerWrapper.java:56)

FAILURES!!!
Tests run: 1,  Failures: 1,  Errors: 0

.
Time: 0

OK (1 test)

.
Time: 0

OK (1 test)

.
Time: 0.001

OK (1 test)

.F
Time: 0.01
There was 1 failure:
1) test210(randoop.jodatime.RandoopTest2)junit.framework.AssertionFailedError: 'BuddhistChronology[America/Los_Angeles]' != 'BuddhistChronology[PT0H]'
	at randoop.jodatime.RandoopTest2.test210(RandoopTest2.java:16404)
	at sun.reflect.NativeMethodAccessorImpl.invoke0(Native Method)
	at sun.reflect.NativeMethodAccessorImpl.invoke(NativeMethodAccessorImpl.java:57)
	at sun.reflect.DelegatingMethodAccessorImpl.invoke(DelegatingMethodAccessorImpl.java:43)
	at edu.washington.cs.dt.util.TestRunnerWrapper.main(TestRunnerWrapper.java:56)

FAILURES!!!
Tests run: 1,  Failures: 1,  Errors: 0

.F
Time: 0.016
There was 1 failure:
1) test132(randoop.jodatime.RandoopTest3)junit.framework.AssertionFailedError: null
	at randoop.jodatime.RandoopTest3.test132(RandoopTest3.java:13453)
	at sun.reflect.NativeMethodAccessorImpl.invoke0(Native Method)
	at sun.reflect.NativeMethodAccessorImpl.invoke(NativeMethodAccessorImpl.java:57)
	at sun.reflect.DelegatingMethodAccessorImpl.invoke(DelegatingMethodAccessorImpl.java:43)
	at edu.washington.cs.dt.util.TestRunnerWrapper.main(TestRunnerWrapper.java:56)

FAILURES!!!
Tests run: 1,  Failures: 1,  Errors: 0

.
Time: 0

OK (1 test)

.F
Time: 0.001
There was 1 failure:
1) test36(randoop.jodatime.RandoopTest1)junit.framework.AssertionFailedError: null
	at randoop.jodatime.RandoopTest1.test36(RandoopTest1.java:2739)
	at sun.reflect.NativeMethodAccessorImpl.invoke0(Native Method)
	at sun.reflect.NativeMethodAccessorImpl.invoke(NativeMethodAccessorImpl.java:57)
	at sun.reflect.DelegatingMethodAccessorImpl.invoke(DelegatingMethodAccessorImpl.java:43)
	at edu.washington.cs.dt.util.TestRunnerWrapper.main(TestRunnerWrapper.java:56)

FAILURES!!!
Tests run: 1,  Failures: 1,  Errors: 0

.
Time: 0.021

OK (1 test)

.F
Time: 0.002
There was 1 failure:
1) test214(randoop.jodatime.RandoopTest1)junit.framework.AssertionFailedError: null
	at randoop.jodatime.RandoopTest1.test214(RandoopTest1.java:16418)
	at sun.reflect.NativeMethodAccessorImpl.invoke0(Native Method)
	at sun.reflect.NativeMethodAccessorImpl.invoke(NativeMethodAccessorImpl.java:57)
	at sun.reflect.DelegatingMethodAccessorImpl.invoke(DelegatingMethodAccessorImpl.java:43)
	at edu.washington.cs.dt.util.TestRunnerWrapper.main(TestRunnerWrapper.java:56)

FAILURES!!!
Tests run: 1,  Failures: 1,  Errors: 0

.
Time: 0.001

OK (1 test)

.
Time: 0

OK (1 test)

Execution time: 1503414699
0-th run
Pass: 21, Fail: 13, Error: 0
{randoop.jodatime.RandoopTest0.test1=PASS, randoop.jodatime.RandoopTest0.test18=PASS, randoop.jodatime.RandoopTest0.test13=PASS, randoop.jodatime.RandoopTest3.test32=FAILURE, randoop.jodatime.RandoopTest2.test169=PASS, randoop.jodatime.RandoopTest2.test177=PASS, randoop.jodatime.RandoopTest0.test48=PASS, randoop.jodatime.RandoopTest0.test59=PASS, randoop.jodatime.RandoopTest0.test53=PASS, randoop.jodatime.RandoopTest3.test36=FAILURE, randoop.jodatime.RandoopTest2.test103=FAILURE, randoop.jodatime.RandoopTest1.test407=PASS, randoop.jodatime.RandoopTest1.test299=PASS, randoop.jodatime.RandoopTest2.test43=FAILURE, randoop.jodatime.RandoopTest1.test461=PASS, randoop.jodatime.RandoopTest2.test123=PASS, randoop.jodatime.RandoopTest3.test42=FAILURE, randoop.jodatime.RandoopTest1.test10=PASS, randoop.jodatime.RandoopTest1.test187=PASS, randoop.jodatime.RandoopTest1.test274=FAILURE, randoop.jodatime.RandoopTest1.test289=FAILURE, randoop.jodatime.RandoopTest1.test287=FAILURE, randoop.jodatime.RandoopTest2.test75=FAILURE, randoop.jodatime.RandoopTest1.test32=PASS, randoop.jodatime.RandoopTest1.test40=PASS, randoop.jodatime.RandoopTest1.test140=PASS, randoop.jodatime.RandoopTest2.test210=FAILURE, randoop.jodatime.RandoopTest3.test132=FAILURE, randoop.jodatime.RandoopTest2.test91=PASS, randoop.jodatime.RandoopTest1.test36=FAILURE, randoop.jodatime.RandoopTest0.test367=PASS, randoop.jodatime.RandoopTest1.test214=FAILURE, randoop.jodatime.RandoopTest2.test33=PASS, randoop.jodatime.RandoopTest1.test435=PASS}


.F
Time: 0.434
There was 1 failure:
1) test186(randoop.jodatime.RandoopTest2)junit.framework.AssertionFailedError: null
	at randoop.jodatime.RandoopTest2.test186(RandoopTest2.java:14411)
	at sun.reflect.NativeMethodAccessorImpl.invoke0(Native Method)
	at sun.reflect.NativeMethodAccessorImpl.invoke(NativeMethodAccessorImpl.java:57)
	at sun.reflect.DelegatingMethodAccessorImpl.invoke(DelegatingMethodAccessorImpl.java:43)
	at edu.washington.cs.dt.util.TestRunnerWrapper.main(TestRunnerWrapper.java:56)

FAILURES!!!
Tests run: 1,  Failures: 1,  Errors: 0

.
Time: 0.004

OK (1 test)

.
Time: 0.01

OK (1 test)

.
Time: 0.005

OK (1 test)

.
Time: 0.007

OK (1 test)

.
Time: 0.005

OK (1 test)

.
Time: 0.008

OK (1 test)

.
Time: 0.019

OK (1 test)

.
Time: 0.004

OK (1 test)

.F
Time: 0.016
There was 1 failure:
1) test348(randoop.jodatime.RandoopTest1)junit.framework.AssertionFailedError: '3301 seconds' != '8619 seconds'
	at randoop.jodatime.RandoopTest1.test348(RandoopTest1.java:26799)
	at sun.reflect.NativeMethodAccessorImpl.invoke0(Native Method)
	at sun.reflect.NativeMethodAccessorImpl.invoke(NativeMethodAccessorImpl.java:57)
	at sun.reflect.DelegatingMethodAccessorImpl.invoke(DelegatingMethodAccessorImpl.java:43)
	at edu.washington.cs.dt.util.TestRunnerWrapper.main(TestRunnerWrapper.java:56)

FAILURES!!!
Tests run: 1,  Failures: 1,  Errors: 0

.F
Time: 0.002
There was 1 failure:
1) test371(randoop.jodatime.RandoopTest1)junit.framework.AssertionFailedError: null
	at randoop.jodatime.RandoopTest1.test371(RandoopTest1.java:29234)
	at sun.reflect.NativeMethodAccessorImpl.invoke0(Native Method)
	at sun.reflect.NativeMethodAccessorImpl.invoke(NativeMethodAccessorImpl.java:57)
	at sun.reflect.DelegatingMethodAccessorImpl.invoke(DelegatingMethodAccessorImpl.java:43)
	at edu.washington.cs.dt.util.TestRunnerWrapper.main(TestRunnerWrapper.java:56)

FAILURES!!!
Tests run: 1,  Failures: 1,  Errors: 0

.
Time: 0.004

OK (1 test)

.F
Time: 0.004
There was 1 failure:
1) test1(randoop.jodatime.RandoopTest2)junit.framework.AssertionFailedError: null
	at randoop.jodatime.RandoopTest2.test1(RandoopTest2.java:45)
	at sun.reflect.NativeMethodAccessorImpl.invoke0(Native Method)
	at sun.reflect.NativeMethodAccessorImpl.invoke(NativeMethodAccessorImpl.java:57)
	at sun.reflect.DelegatingMethodAccessorImpl.invoke(DelegatingMethodAccessorImpl.java:43)
	at edu.washington.cs.dt.util.TestRunnerWrapper.main(TestRunnerWrapper.java:56)

FAILURES!!!
Tests run: 1,  Failures: 1,  Errors: 0

.
Time: 0.003

OK (1 test)

.
Time: 0

OK (1 test)

.
Time: 0.006

OK (1 test)

.
Time: 0

OK (1 test)

.F
Time: 0.001
There was 1 failure:
1) test387(randoop.jodatime.RandoopTest1)junit.framework.AssertionFailedError: '2014-12-23T01:55:01.942Z' != '2012-12-21T03:23:40.525Z'
	at randoop.jodatime.RandoopTest1.test387(RandoopTest1.java:30689)
	at sun.reflect.NativeMethodAccessorImpl.invoke0(Native Method)
	at sun.reflect.NativeMethodAccessorImpl.invoke(NativeMethodAccessorImpl.java:57)
	at sun.reflect.DelegatingMethodAccessorImpl.invoke(DelegatingMethodAccessorImpl.java:43)
	at edu.washington.cs.dt.util.TestRunnerWrapper.main(TestRunnerWrapper.java:56)

FAILURES!!!
Tests run: 1,  Failures: 1,  Errors: 0

.
Time: 0.001

OK (1 test)

.F
Time: 0.035
There was 1 failure:
1) test434(randoop.jodatime.RandoopTest1)junit.framework.AssertionFailedError: null
	at randoop.jodatime.RandoopTest1.test434(RandoopTest1.java:34851)
	at sun.reflect.NativeMethodAccessorImpl.invoke0(Native Method)
	at sun.reflect.NativeMethodAccessorImpl.invoke(NativeMethodAccessorImpl.java:57)
	at sun.reflect.DelegatingMethodAccessorImpl.invoke(DelegatingMethodAccessorImpl.java:43)
	at edu.washington.cs.dt.util.TestRunnerWrapper.main(TestRunnerWrapper.java:56)

FAILURES!!!
Tests run: 1,  Failures: 1,  Errors: 0

.
Time: 0.016

OK (1 test)

.
Time: 0.007

OK (1 test)

.
Time: 0

OK (1 test)

.
Time: 0

OK (1 test)

.
Time: 0

OK (1 test)

.F
Time: 0.004
There was 1 failure:
1) test303(randoop.jodatime.RandoopTest4)junit.framework.AssertionFailedError: null
	at randoop.jodatime.RandoopTest4.test303(RandoopTest4.java:28756)
	at sun.reflect.NativeMethodAccessorImpl.invoke0(Native Method)
	at sun.reflect.NativeMethodAccessorImpl.invoke(NativeMethodAccessorImpl.java:57)
	at sun.reflect.DelegatingMethodAccessorImpl.invoke(DelegatingMethodAccessorImpl.java:43)
	at edu.washington.cs.dt.util.TestRunnerWrapper.main(TestRunnerWrapper.java:56)

FAILURES!!!
Tests run: 1,  Failures: 1,  Errors: 0

.F
Time: 0.001
There was 1 failure:
1) test197(randoop.jodatime.RandoopTest2)junit.framework.AssertionFailedError: null
	at randoop.jodatime.RandoopTest2.test197(RandoopTest2.java:15090)
	at sun.reflect.NativeMethodAccessorImpl.invoke0(Native Method)
	at sun.reflect.NativeMethodAccessorImpl.invoke(NativeMethodAccessorImpl.java:57)
	at sun.reflect.DelegatingMethodAccessorImpl.invoke(DelegatingMethodAccessorImpl.java:43)
	at edu.washington.cs.dt.util.TestRunnerWrapper.main(TestRunnerWrapper.java:56)

FAILURES!!!
Tests run: 1,  Failures: 1,  Errors: 0

.
Time: 0.015

OK (1 test)

.
Time: 0.003

OK (1 test)

.F
Time: 0.004
There was 1 failure:
1) test406(randoop.jodatime.RandoopTest2)junit.framework.AssertionFailedError: null
	at randoop.jodatime.RandoopTest2.test406(RandoopTest2.java:34399)
	at sun.reflect.NativeMethodAccessorImpl.invoke0(Native Method)
	at sun.reflect.NativeMethodAccessorImpl.invoke(NativeMethodAccessorImpl.java:57)
	at sun.reflect.DelegatingMethodAccessorImpl.invoke(DelegatingMethodAccessorImpl.java:43)
	at edu.washington.cs.dt.util.TestRunnerWrapper.main(TestRunnerWrapper.java:56)

FAILURES!!!
Tests run: 1,  Failures: 1,  Errors: 0

.F
Time: 0.003
There was 1 failure:
1) test252(randoop.jodatime.RandoopTest0)junit.framework.AssertionFailedError: null
	at randoop.jodatime.RandoopTest0.test252(RandoopTest0.java:11615)
	at sun.reflect.NativeMethodAccessorImpl.invoke0(Native Method)
	at sun.reflect.NativeMethodAccessorImpl.invoke(NativeMethodAccessorImpl.java:57)
	at sun.reflect.DelegatingMethodAccessorImpl.invoke(DelegatingMethodAccessorImpl.java:43)
	at edu.washington.cs.dt.util.TestRunnerWrapper.main(TestRunnerWrapper.java:56)

FAILURES!!!
Tests run: 1,  Failures: 1,  Errors: 0

.F
Time: 0.005
There was 1 failure:
1) test400(randoop.jodatime.RandoopTest1)junit.framework.AssertionFailedError: null
	at randoop.jodatime.RandoopTest1.test400(RandoopTest1.java:31664)
	at sun.reflect.NativeMethodAccessorImpl.invoke0(Native Method)
	at sun.reflect.NativeMethodAccessorImpl.invoke(NativeMethodAccessorImpl.java:57)
	at sun.reflect.DelegatingMethodAccessorImpl.invoke(DelegatingMethodAccessorImpl.java:43)
	at edu.washington.cs.dt.util.TestRunnerWrapper.main(TestRunnerWrapper.java:56)

FAILURES!!!
Tests run: 1,  Failures: 1,  Errors: 0

.F
Time: 0
There was 1 failure:
1) test22(randoop.jodatime.RandoopTest2)junit.framework.AssertionFailedError: null
	at randoop.jodatime.RandoopTest2.test22(RandoopTest2.java:1508)
	at sun.reflect.NativeMethodAccessorImpl.invoke0(Native Method)
	at sun.reflect.NativeMethodAccessorImpl.invoke(NativeMethodAccessorImpl.java:57)
	at sun.reflect.DelegatingMethodAccessorImpl.invoke(DelegatingMethodAccessorImpl.java:43)
	at edu.washington.cs.dt.util.TestRunnerWrapper.main(TestRunnerWrapper.java:56)

FAILURES!!!
Tests run: 1,  Failures: 1,  Errors: 0

.
Time: 0.003

OK (1 test)

Execution time: 1492336709
0-th run
Pass: 22, Fail: 12, Error: 0
{randoop.jodatime.RandoopTest2.test186=FAILURE, randoop.jodatime.RandoopTest0.test11=PASS, randoop.jodatime.RandoopTest0.test26=PASS, randoop.jodatime.RandoopTest3.test30=PASS, randoop.jodatime.RandoopTest0.test33=PASS, randoop.jodatime.RandoopTest3.test24=PASS, randoop.jodatime.RandoopTest1.test415=PASS, randoop.jodatime.RandoopTest0.test44=PASS, randoop.jodatime.RandoopTest0.test50=PASS, randoop.jodatime.RandoopTest1.test348=FAILURE, randoop.jodatime.RandoopTest1.test371=FAILURE, randoop.jodatime.RandoopTest1.test13=PASS, randoop.jodatime.RandoopTest2.test1=FAILURE, randoop.jodatime.RandoopTest0.test54=PASS, randoop.jodatime.RandoopTest2.test38=PASS, randoop.jodatime.RandoopTest3.test41=PASS, randoop.jodatime.RandoopTest0.test64=PASS, randoop.jodatime.RandoopTest1.test387=FAILURE, randoop.jodatime.RandoopTest3.test44=PASS, randoop.jodatime.RandoopTest1.test434=FAILURE, randoop.jodatime.RandoopTest2.test214=PASS, randoop.jodatime.RandoopTest0.test69=PASS, randoop.jodatime.RandoopTest1.test7=PASS, randoop.jodatime.RandoopTest1.test438=PASS, randoop.jodatime.RandoopTest1.test205=PASS, randoop.jodatime.RandoopTest4.test303=FAILURE, randoop.jodatime.RandoopTest2.test197=FAILURE, randoop.jodatime.RandoopTest4.test37=PASS, randoop.jodatime.RandoopTest1.test37=PASS, randoop.jodatime.RandoopTest2.test406=FAILURE, randoop.jodatime.RandoopTest0.test252=FAILURE, randoop.jodatime.RandoopTest1.test400=FAILURE, randoop.jodatime.RandoopTest2.test22=FAILURE, randoop.jodatime.RandoopTest1.test186=PASS}


