log4j:WARN No appenders could be found for logger (org.apache.xml.security.utils.JavaUtils).
log4j:WARN Please initialize the log4j system properly.
[Fatal Error] :-1:-1: Premature end of file.
[Fatal Error] :-1:-1: Premature end of file.
0-th run
Pass: 296, Fail: 64, Error: 100
{randoop.xmlsecurity.RandoopTest0.test5=PASS, randoop.xmlsecurity.RandoopTest0.test20=PASS, randoop.xmlsecurity.RandoopTest0.test52=PASS, randoop.xmlsecurity.RandoopTest0.test12=PASS, randoop.xmlsecurity.RandoopTest0.test218=ERROR, randoop.xmlsecurity.RandoopTest0.test220=ERROR, randoop.xmlsecurity.RandoopTest0.test212=PASS, randoop.xmlsecurity.RandoopTest0.test224=PASS, randoop.xmlsecurity.RandoopTest0.test14=ERROR, randoop.xmlsecurity.RandoopTest0.test30=PASS, randoop.xmlsecurity.RandoopTest0.test28=FAILURE, randoop.xmlsecurity.RandoopTest0.test189=PASS, randoop.xmlsecurity.RandoopTest0.test44=ERROR, randoop.xmlsecurity.RandoopTest0.test226=FAILURE, randoop.xmlsecurity.RandoopTest0.test55=PASS, randoop.xmlsecurity.RandoopTest0.test37=FAILURE, randoop.xmlsecurity.RandoopTest0.test42=PASS, randoop.xmlsecurity.RandoopTest0.test305=PASS, randoop.xmlsecurity.RandoopTest0.test353=FAILURE, randoop.xmlsecurity.RandoopTest1.test1=PASS, randoop.xmlsecurity.RandoopTest0.test291=ERROR, randoop.xmlsecurity.RandoopTest0.test475=ERROR, randoop.xmlsecurity.RandoopTest0.test273=PASS, randoop.xmlsecurity.RandoopTest0.test433=PASS, randoop.xmlsecurity.RandoopTest0.test237=ERROR, randoop.xmlsecurity.RandoopTest0.test234=ERROR, randoop.xmlsecurity.RandoopTest0.test161=ERROR, randoop.xmlsecurity.RandoopTest0.test435=PASS, randoop.xmlsecurity.RandoopTest1.test129=ERROR, randoop.xmlsecurity.RandoopTest0.test290=PASS, randoop.xmlsecurity.RandoopTest0.test60=ERROR, randoop.xmlsecurity.RandoopTest0.test379=PASS, randoop.xmlsecurity.RandoopTest0.test477=ERROR, randoop.xmlsecurity.RandoopTest0.test495=PASS, randoop.xmlsecurity.RandoopTest0.test448=PASS, randoop.xmlsecurity.RandoopTest0.test248=ERROR, randoop.xmlsecurity.RandoopTest0.test159=PASS, randoop.xmlsecurity.RandoopTest0.test323=ERROR, randoop.xmlsecurity.RandoopTest0.test80=ERROR, randoop.xmlsecurity.RandoopTest0.test56=PASS, randoop.xmlsecurity.RandoopTest0.test485=ERROR, randoop.xmlsecurity.RandoopTest0.test140=PASS, randoop.xmlsecurity.RandoopTest0.test308=ERROR, randoop.xmlsecurity.RandoopTest0.test403=PASS, randoop.xmlsecurity.RandoopTest0.test372=PASS, randoop.xmlsecurity.RandoopTest0.test122=PASS, randoop.xmlsecurity.RandoopTest0.test278=PASS, randoop.xmlsecurity.RandoopTest0.test178=PASS, randoop.xmlsecurity.RandoopTest1.test15=ERROR, randoop.xmlsecurity.RandoopTest0.test413=PASS, randoop.xmlsecurity.RandoopTest0.test236=ERROR, randoop.xmlsecurity.RandoopTest0.test263=ERROR, randoop.xmlsecurity.RandoopTest0.test450=ERROR, randoop.xmlsecurity.RandoopTest0.test479=PASS, randoop.xmlsecurity.RandoopTest0.test184=ERROR, randoop.xmlsecurity.RandoopTest0.test316=PASS, randoop.xmlsecurity.RandoopTest0.test74=PASS, randoop.xmlsecurity.RandoopTest0.test417=PASS, randoop.xmlsecurity.RandoopTest0.test298=PASS, randoop.xmlsecurity.RandoopTest0.test246=PASS, randoop.xmlsecurity.RandoopTest0.test476=PASS, randoop.xmlsecurity.RandoopTest0.test154=ERROR, randoop.xmlsecurity.RandoopTest0.test422=ERROR, randoop.xmlsecurity.RandoopTest0.test449=PASS, randoop.xmlsecurity.RandoopTest0.test351=PASS, randoop.xmlsecurity.RandoopTest0.test177=PASS, randoop.xmlsecurity.RandoopTest0.test152=PASS, randoop.xmlsecurity.RandoopTest0.test394=PASS, randoop.xmlsecurity.RandoopTest0.test384=FAILURE, randoop.xmlsecurity.RandoopTest0.test473=PASS, randoop.xmlsecurity.RandoopTest0.test95=PASS, randoop.xmlsecurity.RandoopTest1.test66=FAILURE, randoop.xmlsecurity.RandoopTest0.test491=PASS, randoop.xmlsecurity.RandoopTest0.test114=ERROR, randoop.xmlsecurity.RandoopTest0.test266=PASS, randoop.xmlsecurity.RandoopTest0.test339=FAILURE, randoop.xmlsecurity.RandoopTest0.test143=ERROR, randoop.xmlsecurity.RandoopTest1.test39=PASS, randoop.xmlsecurity.RandoopTest0.test206=PASS, randoop.xmlsecurity.RandoopTest0.test500=FAILURE, randoop.xmlsecurity.RandoopTest0.test386=ERROR, randoop.xmlsecurity.RandoopTest0.test285=FAILURE, randoop.xmlsecurity.RandoopTest1.test9=ERROR, randoop.xmlsecurity.RandoopTest0.test329=ERROR, randoop.xmlsecurity.RandoopTest0.test92=FAILURE, randoop.xmlsecurity.RandoopTest0.test53=PASS, randoop.xmlsecurity.RandoopTest0.test427=PASS, randoop.xmlsecurity.RandoopTest0.test365=PASS, randoop.xmlsecurity.RandoopTest0.test398=PASS, randoop.xmlsecurity.RandoopTest0.test182=PASS, randoop.xmlsecurity.RandoopTest1.test23=ERROR, randoop.xmlsecurity.RandoopTest0.test467=PASS, randoop.xmlsecurity.RandoopTest0.test463=FAILURE, randoop.xmlsecurity.RandoopTest1.test139=PASS, randoop.xmlsecurity.RandoopTest0.test191=PASS, randoop.xmlsecurity.RandoopTest0.test395=PASS, randoop.xmlsecurity.RandoopTest0.test430=PASS, randoop.xmlsecurity.RandoopTest0.test264=PASS, randoop.xmlsecurity.RandoopTest0.test438=PASS, randoop.xmlsecurity.RandoopTest0.test355=PASS, randoop.xmlsecurity.RandoopTest0.test179=PASS, randoop.xmlsecurity.RandoopTest0.test108=PASS, randoop.xmlsecurity.RandoopTest0.test474=PASS, randoop.xmlsecurity.RandoopTest0.test452=PASS, randoop.xmlsecurity.RandoopTest0.test188=ERROR, randoop.xmlsecurity.RandoopTest0.test185=PASS, randoop.xmlsecurity.RandoopTest1.test104=PASS, randoop.xmlsecurity.RandoopTest0.test459=PASS, randoop.xmlsecurity.RandoopTest0.test102=ERROR, randoop.xmlsecurity.RandoopTest0.test155=ERROR, randoop.xmlsecurity.RandoopTest0.test407=FAILURE, randoop.xmlsecurity.RandoopTest1.test29=PASS, randoop.xmlsecurity.RandoopTest0.test168=ERROR, randoop.xmlsecurity.RandoopTest0.test142=PASS, randoop.xmlsecurity.RandoopTest0.test499=PASS, randoop.xmlsecurity.RandoopTest0.test58=PASS, randoop.xmlsecurity.RandoopTest0.test301=PASS, randoop.xmlsecurity.RandoopTest0.test486=ERROR, randoop.xmlsecurity.RandoopTest0.test385=ERROR, randoop.xmlsecurity.RandoopTest0.test115=PASS, randoop.xmlsecurity.RandoopTest0.test71=FAILURE, randoop.xmlsecurity.RandoopTest0.test151=FAILURE, randoop.xmlsecurity.RandoopTest0.test175=FAILURE, randoop.xmlsecurity.RandoopTest0.test357=PASS, randoop.xmlsecurity.RandoopTest0.test304=PASS, randoop.xmlsecurity.RandoopTest0.test61=FAILURE, randoop.xmlsecurity.RandoopTest0.test255=FAILURE, randoop.xmlsecurity.RandoopTest0.test492=ERROR, randoop.xmlsecurity.RandoopTest0.test262=PASS, randoop.xmlsecurity.RandoopTest0.test494=ERROR, randoop.xmlsecurity.RandoopTest0.test366=ERROR, randoop.xmlsecurity.RandoopTest0.test487=PASS, randoop.xmlsecurity.RandoopTest0.test478=PASS, randoop.xmlsecurity.RandoopTest0.test376=ERROR, randoop.xmlsecurity.RandoopTest0.test454=PASS, randoop.xmlsecurity.RandoopTest0.test146=PASS, randoop.xmlsecurity.RandoopTest0.test261=PASS, randoop.xmlsecurity.RandoopTest0.test352=FAILURE, randoop.xmlsecurity.RandoopTest0.test415=PASS, randoop.xmlsecurity.RandoopTest0.test282=PASS, randoop.xmlsecurity.RandoopTest0.test284=PASS, randoop.xmlsecurity.RandoopTest0.test343=FAILURE, randoop.xmlsecurity.RandoopTest0.test293=PASS, randoop.xmlsecurity.RandoopTest0.test157=PASS, randoop.xmlsecurity.RandoopTest0.test99=PASS, randoop.xmlsecurity.RandoopTest0.test124=PASS, randoop.xmlsecurity.RandoopTest0.test119=PASS, randoop.xmlsecurity.RandoopTest0.test110=FAILURE, randoop.xmlsecurity.RandoopTest0.test63=FAILURE, randoop.xmlsecurity.RandoopTest0.test81=FAILURE, randoop.xmlsecurity.RandoopTest0.test428=PASS, randoop.xmlsecurity.RandoopTest0.test292=PASS, randoop.xmlsecurity.RandoopTest0.test327=ERROR, randoop.xmlsecurity.RandoopTest0.test137=PASS, randoop.xmlsecurity.RandoopTest0.test364=PASS, randoop.xmlsecurity.RandoopTest0.test192=PASS, randoop.xmlsecurity.RandoopTest0.test176=PASS, randoop.xmlsecurity.RandoopTest1.test121=FAILURE, randoop.xmlsecurity.RandoopTest0.test425=PASS, randoop.xmlsecurity.RandoopTest0.test406=PASS, randoop.xmlsecurity.RandoopTest0.test67=PASS, randoop.xmlsecurity.RandoopTest0.test247=PASS, randoop.xmlsecurity.RandoopTest0.test232=PASS, randoop.xmlsecurity.RandoopTest1.test34=PASS, randoop.xmlsecurity.RandoopTest1.test36=PASS, randoop.xmlsecurity.RandoopTest0.test242=ERROR, randoop.xmlsecurity.RandoopTest0.test349=PASS, randoop.xmlsecurity.RandoopTest0.test388=ERROR, randoop.xmlsecurity.RandoopTest0.test484=ERROR, randoop.xmlsecurity.RandoopTest0.test331=ERROR, randoop.xmlsecurity.RandoopTest1.test22=PASS, randoop.xmlsecurity.RandoopTest0.test88=PASS, randoop.xmlsecurity.RandoopTest1.test10=PASS, randoop.xmlsecurity.RandoopTest0.test335=PASS, randoop.xmlsecurity.RandoopTest0.test260=ERROR, randoop.xmlsecurity.RandoopTest0.test129=ERROR, randoop.xmlsecurity.RandoopTest1.test17=FAILURE, randoop.xmlsecurity.RandoopTest0.test64=PASS, randoop.xmlsecurity.RandoopTest0.test465=ERROR, randoop.xmlsecurity.RandoopTest0.test72=ERROR, randoop.xmlsecurity.RandoopTest0.test135=PASS, randoop.xmlsecurity.RandoopTest1.test136=PASS, randoop.xmlsecurity.RandoopTest1.test37=PASS, randoop.xmlsecurity.RandoopTest0.test408=ERROR, randoop.xmlsecurity.RandoopTest0.test472=PASS, randoop.xmlsecurity.RandoopTest0.test383=ERROR, randoop.xmlsecurity.RandoopTest0.test97=PASS, randoop.xmlsecurity.RandoopTest0.test106=PASS, randoop.xmlsecurity.RandoopTest0.test121=PASS, randoop.xmlsecurity.RandoopTest0.test344=PASS, randoop.xmlsecurity.RandoopTest0.test396=ERROR, randoop.xmlsecurity.RandoopTest1.test4=PASS, randoop.xmlsecurity.RandoopTest0.test82=PASS, randoop.xmlsecurity.RandoopTest0.test128=ERROR, randoop.xmlsecurity.RandoopTest0.test289=PASS, randoop.xmlsecurity.RandoopTest0.test136=ERROR, randoop.xmlsecurity.RandoopTest1.test137=PASS, randoop.xmlsecurity.RandoopTest1.test125=PASS, randoop.xmlsecurity.RandoopTest0.test382=FAILURE, randoop.xmlsecurity.RandoopTest0.test107=FAILURE, randoop.xmlsecurity.RandoopTest0.test210=PASS, randoop.xmlsecurity.RandoopTest0.test93=PASS, randoop.xmlsecurity.RandoopTest1.test126=PASS, randoop.xmlsecurity.RandoopTest0.test233=PASS, randoop.xmlsecurity.RandoopTest0.test361=PASS, randoop.xmlsecurity.RandoopTest1.test112=ERROR, randoop.xmlsecurity.RandoopTest0.test194=PASS, randoop.xmlsecurity.RandoopTest0.test197=ERROR, randoop.xmlsecurity.RandoopTest0.test68=PASS, randoop.xmlsecurity.RandoopTest0.test412=PASS, randoop.xmlsecurity.RandoopTest0.test265=PASS, randoop.xmlsecurity.RandoopTest0.test362=PASS, randoop.xmlsecurity.RandoopTest0.test496=PASS, randoop.xmlsecurity.RandoopTest0.test299=PASS, randoop.xmlsecurity.RandoopTest0.test101=PASS, randoop.xmlsecurity.RandoopTest0.test100=PASS, randoop.xmlsecurity.RandoopTest0.test252=FAILURE, randoop.xmlsecurity.RandoopTest0.test134=FAILURE, randoop.xmlsecurity.RandoopTest0.test257=ERROR, randoop.xmlsecurity.RandoopTest0.test340=PASS, randoop.xmlsecurity.RandoopTest0.test130=PASS, randoop.xmlsecurity.RandoopTest0.test76=PASS, randoop.xmlsecurity.RandoopTest1.test88=PASS, randoop.xmlsecurity.RandoopTest0.test186=PASS, randoop.xmlsecurity.RandoopTest0.test111=FAILURE, randoop.xmlsecurity.RandoopTest0.test457=PASS, randoop.xmlsecurity.RandoopTest0.test326=PASS, randoop.xmlsecurity.RandoopTest0.test250=PASS, randoop.xmlsecurity.RandoopTest0.test109=ERROR, randoop.xmlsecurity.RandoopTest1.test60=ERROR, randoop.xmlsecurity.RandoopTest0.test204=PASS, randoop.xmlsecurity.RandoopTest0.test62=ERROR, randoop.xmlsecurity.RandoopTest0.test332=PASS, randoop.xmlsecurity.RandoopTest0.test187=PASS, randoop.xmlsecurity.RandoopTest0.test69=PASS, randoop.xmlsecurity.RandoopTest0.test443=PASS, randoop.xmlsecurity.RandoopTest0.test131=PASS, randoop.xmlsecurity.RandoopTest0.test317=PASS, randoop.xmlsecurity.RandoopTest1.test41=PASS, randoop.xmlsecurity.RandoopTest0.test148=PASS, randoop.xmlsecurity.RandoopTest0.test342=ERROR, randoop.xmlsecurity.RandoopTest0.test245=PASS, randoop.xmlsecurity.RandoopTest0.test310=FAILURE, randoop.xmlsecurity.RandoopTest0.test423=PASS, randoop.xmlsecurity.RandoopTest0.test113=PASS, randoop.xmlsecurity.RandoopTest0.test313=ERROR, randoop.xmlsecurity.RandoopTest0.test287=PASS, randoop.xmlsecurity.RandoopTest0.test493=PASS, randoop.xmlsecurity.RandoopTest1.test127=PASS, randoop.xmlsecurity.RandoopTest0.test437=ERROR, randoop.xmlsecurity.RandoopTest1.test61=PASS, randoop.xmlsecurity.RandoopTest0.test83=PASS, randoop.xmlsecurity.RandoopTest0.test150=ERROR, randoop.xmlsecurity.RandoopTest1.test33=PASS, randoop.xmlsecurity.RandoopTest0.test336=PASS, randoop.xmlsecurity.RandoopTest1.test18=ERROR, randoop.xmlsecurity.RandoopTest1.test5=PASS, randoop.xmlsecurity.RandoopTest0.test91=ERROR, randoop.xmlsecurity.RandoopTest0.test205=ERROR, randoop.xmlsecurity.RandoopTest0.test181=FAILURE, randoop.xmlsecurity.RandoopTest0.test256=ERROR, randoop.xmlsecurity.RandoopTest0.test307=PASS, randoop.xmlsecurity.RandoopTest0.test165=ERROR, randoop.xmlsecurity.RandoopTest1.test100=PASS, randoop.xmlsecurity.RandoopTest0.test57=FAILURE, randoop.xmlsecurity.RandoopTest0.test190=ERROR, randoop.xmlsecurity.RandoopTest1.test122=ERROR, randoop.xmlsecurity.RandoopTest0.test173=ERROR, randoop.xmlsecurity.RandoopTest1.test118=PASS, randoop.xmlsecurity.RandoopTest0.test462=PASS, randoop.xmlsecurity.RandoopTest0.test464=PASS, randoop.xmlsecurity.RandoopTest0.test445=PASS, randoop.xmlsecurity.RandoopTest0.test402=PASS, randoop.xmlsecurity.RandoopTest0.test279=ERROR, randoop.xmlsecurity.RandoopTest0.test283=PASS, randoop.xmlsecurity.RandoopTest0.test294=PASS, randoop.xmlsecurity.RandoopTest0.test193=FAILURE, randoop.xmlsecurity.RandoopTest0.test280=PASS, randoop.xmlsecurity.RandoopTest0.test98=PASS, randoop.xmlsecurity.RandoopTest0.test141=PASS, randoop.xmlsecurity.RandoopTest0.test199=PASS, randoop.xmlsecurity.RandoopTest0.test149=FAILURE, randoop.xmlsecurity.RandoopTest0.test126=PASS, randoop.xmlsecurity.RandoopTest0.test208=ERROR, randoop.xmlsecurity.RandoopTest0.test426=PASS, randoop.xmlsecurity.RandoopTest0.test421=PASS, randoop.xmlsecurity.RandoopTest0.test397=FAILURE, randoop.xmlsecurity.RandoopTest1.test115=PASS, randoop.xmlsecurity.RandoopTest0.test116=PASS, randoop.xmlsecurity.RandoopTest0.test125=FAILURE, randoop.xmlsecurity.RandoopTest0.test358=PASS, randoop.xmlsecurity.RandoopTest0.test138=FAILURE, randoop.xmlsecurity.RandoopTest0.test132=PASS, randoop.xmlsecurity.RandoopTest0.test380=PASS, randoop.xmlsecurity.RandoopTest0.test483=PASS, randoop.xmlsecurity.RandoopTest0.test65=PASS, randoop.xmlsecurity.RandoopTest0.test466=PASS, randoop.xmlsecurity.RandoopTest0.test238=PASS, randoop.xmlsecurity.RandoopTest0.test447=PASS, randoop.xmlsecurity.RandoopTest0.test469=PASS, randoop.xmlsecurity.RandoopTest0.test59=PASS, randoop.xmlsecurity.RandoopTest1.test7=FAILURE, randoop.xmlsecurity.RandoopTest1.test45=ERROR, randoop.xmlsecurity.RandoopTest0.test350=PASS, randoop.xmlsecurity.RandoopTest0.test215=PASS, randoop.xmlsecurity.RandoopTest0.test268=PASS, randoop.xmlsecurity.RandoopTest0.test348=PASS, randoop.xmlsecurity.RandoopTest0.test414=ERROR, randoop.xmlsecurity.RandoopTest1.test69=ERROR, randoop.xmlsecurity.RandoopTest0.test180=PASS, randoop.xmlsecurity.RandoopTest0.test389=PASS, randoop.xmlsecurity.RandoopTest0.test286=PASS, randoop.xmlsecurity.RandoopTest0.test171=FAILURE, randoop.xmlsecurity.RandoopTest1.test82=PASS, randoop.xmlsecurity.RandoopTest1.test145=FAILURE, randoop.xmlsecurity.RandoopTest0.test409=PASS, randoop.xmlsecurity.RandoopTest0.test312=FAILURE, randoop.xmlsecurity.RandoopTest0.test73=FAILURE, randoop.xmlsecurity.RandoopTest0.test104=FAILURE, randoop.xmlsecurity.RandoopTest1.test110=FAILURE, randoop.xmlsecurity.RandoopTest0.test229=PASS, randoop.xmlsecurity.RandoopTest0.test392=ERROR, randoop.xmlsecurity.RandoopTest0.test89=FAILURE, randoop.xmlsecurity.RandoopTest0.test418=ERROR, randoop.xmlsecurity.RandoopTest0.test79=FAILURE, randoop.xmlsecurity.RandoopTest0.test306=PASS, randoop.xmlsecurity.RandoopTest1.test107=PASS, randoop.xmlsecurity.RandoopTest1.test157=PASS, randoop.xmlsecurity.RandoopTest1.test84=FAILURE, randoop.xmlsecurity.RandoopTest1.test101=PASS, randoop.xmlsecurity.RandoopTest0.test244=FAILURE, randoop.xmlsecurity.RandoopTest0.test160=FAILURE, randoop.xmlsecurity.RandoopTest0.test235=PASS, randoop.xmlsecurity.RandoopTest1.test86=PASS, randoop.xmlsecurity.RandoopTest1.test95=PASS, randoop.xmlsecurity.RandoopTest0.test401=PASS, randoop.xmlsecurity.RandoopTest0.test203=FAILURE, randoop.xmlsecurity.RandoopTest1.test163=FAILURE, randoop.xmlsecurity.RandoopTest1.test6=PASS, randoop.xmlsecurity.RandoopTest1.test52=PASS, randoop.xmlsecurity.RandoopTest1.test50=ERROR, randoop.xmlsecurity.RandoopTest1.test42=PASS, randoop.xmlsecurity.RandoopTest0.test231=FAILURE, randoop.xmlsecurity.RandoopTest1.test160=PASS, randoop.xmlsecurity.RandoopTest1.test54=PASS, randoop.xmlsecurity.RandoopTest1.test97=FAILURE, randoop.xmlsecurity.RandoopTest0.test123=FAILURE, randoop.xmlsecurity.RandoopTest1.test13=FAILURE, randoop.xmlsecurity.RandoopTest1.test150=PASS, randoop.xmlsecurity.RandoopTest0.test300=PASS, randoop.xmlsecurity.RandoopTest0.test322=PASS, randoop.xmlsecurity.RandoopTest0.test489=ERROR, randoop.xmlsecurity.RandoopTest1.test77=PASS, randoop.xmlsecurity.RandoopTest1.test91=PASS, randoop.xmlsecurity.RandoopTest0.test258=PASS, randoop.xmlsecurity.RandoopTest1.test56=PASS, randoop.xmlsecurity.RandoopTest1.test124=FAILURE, randoop.xmlsecurity.RandoopTest1.test40=PASS, randoop.xmlsecurity.RandoopTest0.test378=PASS, randoop.xmlsecurity.RandoopTest1.test161=PASS, randoop.xmlsecurity.RandoopTest1.test79=PASS, randoop.xmlsecurity.RandoopTest0.test439=PASS, randoop.xmlsecurity.RandoopTest0.test169=ERROR, randoop.xmlsecurity.RandoopTest0.test196=ERROR, randoop.xmlsecurity.RandoopTest1.test63=ERROR, randoop.xmlsecurity.RandoopTest0.test441=PASS, randoop.xmlsecurity.RandoopTest0.test481=PASS, randoop.xmlsecurity.RandoopTest0.test144=FAILURE, randoop.xmlsecurity.RandoopTest1.test98=PASS, randoop.xmlsecurity.RandoopTest0.test267=ERROR, randoop.xmlsecurity.RandoopTest1.test24=ERROR, randoop.xmlsecurity.RandoopTest1.test11=ERROR, randoop.xmlsecurity.RandoopTest1.test20=PASS, randoop.xmlsecurity.RandoopTest0.test174=PASS, randoop.xmlsecurity.RandoopTest1.test131=PASS, randoop.xmlsecurity.RandoopTest0.test200=PASS, randoop.xmlsecurity.RandoopTest0.test498=PASS, randoop.xmlsecurity.RandoopTest0.test455=PASS, randoop.xmlsecurity.RandoopTest1.test59=PASS, randoop.xmlsecurity.RandoopTest1.test47=ERROR, randoop.xmlsecurity.RandoopTest0.test411=ERROR, randoop.xmlsecurity.RandoopTest0.test86=PASS, randoop.xmlsecurity.RandoopTest0.test460=PASS, randoop.xmlsecurity.RandoopTest0.test276=PASS, randoop.xmlsecurity.RandoopTest1.test21=ERROR, randoop.xmlsecurity.RandoopTest0.test470=PASS, randoop.xmlsecurity.RandoopTest1.test68=ERROR, randoop.xmlsecurity.RandoopTest0.test359=PASS, randoop.xmlsecurity.RandoopTest1.test148=PASS, randoop.xmlsecurity.RandoopTest1.test27=FAILURE, randoop.xmlsecurity.RandoopTest1.test147=FAILURE, randoop.xmlsecurity.RandoopTest1.test143=PASS, randoop.xmlsecurity.RandoopTest0.test118=PASS, randoop.xmlsecurity.RandoopTest1.test140=PASS, randoop.xmlsecurity.RandoopTest0.test139=PASS, randoop.xmlsecurity.RandoopTest1.test92=PASS, randoop.xmlsecurity.RandoopTest1.test53=PASS, randoop.xmlsecurity.RandoopTest0.test420=PASS, randoop.xmlsecurity.RandoopTest1.test135=ERROR, randoop.xmlsecurity.RandoopTest0.test166=PASS, randoop.xmlsecurity.RandoopTest1.test111=PASS, randoop.xmlsecurity.RandoopTest1.test57=PASS, randoop.xmlsecurity.RandoopTest1.test83=PASS, randoop.xmlsecurity.RandoopTest1.test48=ERROR, randoop.xmlsecurity.RandoopTest1.test152=PASS, randoop.xmlsecurity.RandoopTest1.test151=PASS, randoop.xmlsecurity.RandoopTest1.test149=PASS, randoop.xmlsecurity.RandoopTest1.test12=PASS, randoop.xmlsecurity.RandoopTest1.test96=PASS, randoop.xmlsecurity.RandoopTest1.test51=ERROR, randoop.xmlsecurity.RandoopTest1.test14=PASS, randoop.xmlsecurity.RandoopTest1.test71=ERROR, randoop.xmlsecurity.RandoopTest1.test43=PASS, randoop.xmlsecurity.RandoopTest1.test87=ERROR, randoop.xmlsecurity.RandoopTest1.test90=PASS, randoop.xmlsecurity.RandoopTest1.test19=PASS, randoop.xmlsecurity.RandoopTest1.test74=FAILURE, randoop.xmlsecurity.RandoopTest1.test49=PASS, randoop.xmlsecurity.RandoopTest1.test155=ERROR, randoop.xmlsecurity.RandoopTest1.test94=PASS, randoop.xmlsecurity.RandoopTest1.test142=PASS, randoop.xmlsecurity.RandoopTest1.test114=PASS, randoop.xmlsecurity.RandoopTest1.test72=PASS, randoop.xmlsecurity.RandoopTest1.test58=PASS, randoop.xmlsecurity.RandoopTest1.test80=FAILURE, randoop.xmlsecurity.RandoopTest1.test154=PASS, randoop.xmlsecurity.RandoopTest1.test55=PASS, randoop.xmlsecurity.RandoopTest1.test62=PASS, randoop.xmlsecurity.RandoopTest1.test138=PASS, randoop.xmlsecurity.RandoopTest1.test105=PASS, randoop.xmlsecurity.RandoopTest1.test65=PASS, randoop.xmlsecurity.RandoopTest1.test25=FAILURE, randoop.xmlsecurity.RandoopTest1.test133=ERROR, randoop.xmlsecurity.RandoopTest1.test78=PASS, randoop.xmlsecurity.RandoopTest1.test67=PASS, randoop.xmlsecurity.RandoopTest1.test158=PASS, randoop.xmlsecurity.RandoopTest1.test44=ERROR, randoop.xmlsecurity.RandoopTest1.test109=PASS, randoop.xmlsecurity.RandoopTest1.test64=PASS, randoop.xmlsecurity.RandoopTest1.test85=PASS, randoop.xmlsecurity.RandoopTest1.test93=PASS, randoop.xmlsecurity.RandoopTest1.test116=PASS, randoop.xmlsecurity.RandoopTest1.test164=FAILURE, randoop.xmlsecurity.RandoopTest1.test117=PASS, randoop.xmlsecurity.RandoopTest1.test89=PASS, randoop.xmlsecurity.RandoopTest1.test108=PASS, randoop.xmlsecurity.RandoopTest1.test165=PASS, randoop.xmlsecurity.RandoopTest1.test73=PASS, randoop.xmlsecurity.RandoopTest1.test119=PASS, randoop.xmlsecurity.RandoopTest1.test146=PASS, randoop.xmlsecurity.RandoopTest1.test144=ERROR, randoop.xmlsecurity.RandoopTest1.test120=PASS, randoop.xmlsecurity.RandoopTest1.test102=PASS, randoop.xmlsecurity.RandoopTest1.test113=PASS, randoop.xmlsecurity.RandoopTest1.test156=PASS, randoop.xmlsecurity.RandoopTest1.test81=FAILURE, randoop.xmlsecurity.RandoopTest1.test159=PASS, randoop.xmlsecurity.RandoopTest1.test106=PASS, randoop.xmlsecurity.RandoopTest1.test103=PASS, randoop.xmlsecurity.RandoopTest1.test75=PASS}


.
Time: 3.639

OK (1 test)

.
Time: 0.004

OK (1 test)

.
Time: 0.089

OK (1 test)

.
Time: 0.383

OK (1 test)

.
Time: 0.03

OK (1 test)

.
Time: 0.005

OK (1 test)

.
Time: 0.001

OK (1 test)

.
Time: 0.031

OK (1 test)

.E
Time: 0.022
There was 1 error:
1) test223(randoop.xmlsecurity.RandoopTest0)java.lang.NullPointerException
	at org.apache.xml.security.keys.provider.ApacheKeyStore.engineDeleteEntry(ApacheKeyStore.java:291)
	at randoop.xmlsecurity.RandoopTest0.test223(RandoopTest0.java:2763)
	at sun.reflect.NativeMethodAccessorImpl.invoke0(Native Method)
	at sun.reflect.NativeMethodAccessorImpl.invoke(NativeMethodAccessorImpl.java:57)
	at sun.reflect.DelegatingMethodAccessorImpl.invoke(DelegatingMethodAccessorImpl.java:43)
	at edu.washington.cs.dt.util.TestRunnerWrapper.main(TestRunnerWrapper.java:56)

FAILURES!!!
Tests run: 1,  Failures: 0,  Errors: 1

.E
Time: 0.009
There was 1 error:
1) test222(randoop.xmlsecurity.RandoopTest0)java.lang.NullPointerException
	at org.apache.xml.security.keys.provider.ApacheKeyStore.engineIsKeyEntry(ApacheKeyStore.java:307)
	at randoop.xmlsecurity.RandoopTest0.test222(RandoopTest0.java:2753)
	at sun.reflect.NativeMethodAccessorImpl.invoke0(Native Method)
	at sun.reflect.NativeMethodAccessorImpl.invoke(NativeMethodAccessorImpl.java:57)
	at sun.reflect.DelegatingMethodAccessorImpl.invoke(DelegatingMethodAccessorImpl.java:43)
	at edu.washington.cs.dt.util.TestRunnerWrapper.main(TestRunnerWrapper.java:56)

FAILURES!!!
Tests run: 1,  Failures: 0,  Errors: 1

.
Time: 0.01

OK (1 test)

.
Time: 0

OK (1 test)

.
Time: 0.005

OK (1 test)

.
Time: 0.001

OK (1 test)

.
Time: 0.016

OK (1 test)

[Fatal Error] :-1:-1: Premature end of file.
.
Time: 0.089

OK (1 test)

.
Time: 0.004

OK (1 test)

.
Time: 0.004

OK (1 test)

.F
Time: 0
There was 1 failure:
1) test41(randoop.xmlsecurity.RandoopTest0)junit.framework.AssertionFailedError: '00 00 00 00 00 00 00 00 ' != '0000000000000000'
	at randoop.xmlsecurity.RandoopTest0.test41(RandoopTest0.java:466)
	at sun.reflect.NativeMethodAccessorImpl.invoke0(Native Method)
	at sun.reflect.NativeMethodAccessorImpl.invoke(NativeMethodAccessorImpl.java:57)
	at sun.reflect.DelegatingMethodAccessorImpl.invoke(DelegatingMethodAccessorImpl.java:43)
	at edu.washington.cs.dt.util.TestRunnerWrapper.main(TestRunnerWrapper.java:56)

FAILURES!!!
Tests run: 1,  Failures: 1,  Errors: 0

.
Time: 0.097

OK (1 test)

.
Time: 0

OK (1 test)

[Fatal Error] :1:1: Content is not allowed in prolog.
.F
Time: 0.027
There was 1 failure:
1) test16(randoop.xmlsecurity.RandoopTest1)junit.framework.AssertionFailedError: '0000: 01                                                 .
' != '0000: 01                                                 .
'
	at randoop.xmlsecurity.RandoopTest1.test16(RandoopTest1.java:283)
	at sun.reflect.NativeMethodAccessorImpl.invoke0(Native Method)
	at sun.reflect.NativeMethodAccessorImpl.invoke(NativeMethodAccessorImpl.java:57)
	at sun.reflect.DelegatingMethodAccessorImpl.invoke(DelegatingMethodAccessorImpl.java:43)
	at edu.washington.cs.dt.util.TestRunnerWrapper.main(TestRunnerWrapper.java:56)

FAILURES!!!
Tests run: 1,  Failures: 1,  Errors: 0

.
Time: 0

OK (1 test)

.
Time: 0.003

OK (1 test)

.
Time: 0.015

OK (1 test)

.F
Time: 0.069
There was 1 failure:
1) test84(randoop.xmlsecurity.RandoopTest0)junit.framework.AssertionFailedError: '00a34a00a20a00a00' != '003400200000'
	at randoop.xmlsecurity.RandoopTest0.test84(RandoopTest0.java:995)
	at sun.reflect.NativeMethodAccessorImpl.invoke0(Native Method)
	at sun.reflect.NativeMethodAccessorImpl.invoke(NativeMethodAccessorImpl.java:57)
	at sun.reflect.DelegatingMethodAccessorImpl.invoke(DelegatingMethodAccessorImpl.java:43)
	at edu.washington.cs.dt.util.TestRunnerWrapper.main(TestRunnerWrapper.java:56)

FAILURES!!!
Tests run: 1,  Failures: 1,  Errors: 0

.E
Time: 0
There was 1 error:
1) test360(randoop.xmlsecurity.RandoopTest0)java.lang.NullPointerException
	at org.apache.xml.security.keys.provider.ApacheKeyStore.engineGetCreationDate(ApacheKeyStore.java:288)
	at randoop.xmlsecurity.RandoopTest0.test360(RandoopTest0.java:4720)
	at sun.reflect.NativeMethodAccessorImpl.invoke0(Native Method)
	at sun.reflect.NativeMethodAccessorImpl.invoke(NativeMethodAccessorImpl.java:57)
	at sun.reflect.DelegatingMethodAccessorImpl.invoke(DelegatingMethodAccessorImpl.java:43)
	at edu.washington.cs.dt.util.TestRunnerWrapper.main(TestRunnerWrapper.java:56)

FAILURES!!!
Tests run: 1,  Failures: 0,  Errors: 1

.F
Time: 0.034
There was 1 failure:
1) test490(randoop.xmlsecurity.RandoopTest0)junit.framework.AssertionFailedError: '0000: 36 89 9E B2 C6 A0 7B 08   AD 84 80 BF 36 89 9E B2  6...........6...
0010: C6 A0 7B 08 AD 84 80 BF   D3 4D 34 D3 4D 34 D3 4D  .........M4.M4.M
0020: 34 D3 4D 34 FD FA 2E 9D   D8 A7 AD EB 28 BA B7 1E  4.M4........(...
0030: 6E E9 DD 95 DF E8 AE 0F   DA A5 A7 21 7B FC 66 97  n..........!..f.
0040: FB 1E 72 EA E2 B7 2F EB   7A CA 2E AD C7 BF C6 69  ..r.../.z......i
0050: 6C 79 CB AB 8A DC 7F FD   FA 2E 9D D8 A7 AD EB 28  ly.............(
0060: BA B7 1E 6E E9 DD 95 DF   E8 AE 0F DA A5 A7 21 7B  ...n..........!.
0070: FC 66 97 FB 1E 72 EA E2   B7 2F EB 7A CA 2E AD C7  .f...r.../.z....
0080: BF C6 69 6C 79 CB AB 8A   DC 7F                    ..ily.....
' != '0000: 36 89 9E B2 C6 A0 7B 08   AD 84 80 BF 36 89 9E B2  6...........6...
0010: C6 A0 7B 08 AD 84 80 BF   D3 4D 34 D3 4D 34 D3 4D  .........M4.M4.M
0020: 34 D3 4D 34 FD FA 2E 9D   D8 A7 AD EB 28 BA B7 1E  4.M4........(...
0030: 6E E9 DD 95 DF E8 AE 0F   DA A5 A7 21 7B FC 66 97  n..........!..f.
0040: FB 1E 72 EA E2 B7 2F EB   7A CA 2E AD C7 BF C6 69  ..r.../.z......i
0050: 6C 79 CB AB 8A DC 7F FD   FA 2E 9D D8 A7 AD EB 28  ly.............(
0060: BA B7 1E 6E E9 DD 95 DF   E8 AE 0F DA A5 A7 21 7B  ...n..........!.
0070: FC 66 97 FB 1E 72 EA E2   B7 2F EB 7A CA 2E AD C7  .f...r.../.z....
0080: BF C6 69 6C 79 CB AB 8A   DC 7F                    ..ily.....
'
	at randoop.xmlsecurity.RandoopTest0.test490(RandoopTest0.java:7045)
	at sun.reflect.NativeMethodAccessorImpl.invoke0(Native Method)
	at sun.reflect.NativeMethodAccessorImpl.invoke(NativeMethodAccessorImpl.java:57)
	at sun.reflect.DelegatingMethodAccessorImpl.invoke(DelegatingMethodAccessorImpl.java:43)
	at edu.washington.cs.dt.util.TestRunnerWrapper.main(TestRunnerWrapper.java:56)

FAILURES!!!
Tests run: 1,  Failures: 1,  Errors: 0

.
Time: 0.018

OK (1 test)

.
Time: 0.027

OK (1 test)

.E
Time: 0.022
There was 1 error:
1) test434(randoop.xmlsecurity.RandoopTest0)java.lang.NullPointerException
	at org.apache.xml.security.keys.storage.implementations.CertsInFilesystemDirectoryResolver.readCertsFromHarddrive(CertsInFilesystemDirectoryResolver.java:120)
	at org.apache.xml.security.keys.storage.implementations.CertsInFilesystemDirectoryResolver.<init>(CertsInFilesystemDirectoryResolver.java:104)
	at randoop.xmlsecurity.RandoopTest0.test434(RandoopTest0.java:6003)
	at sun.reflect.NativeMethodAccessorImpl.invoke0(Native Method)
	at sun.reflect.NativeMethodAccessorImpl.invoke(NativeMethodAccessorImpl.java:57)
	at sun.reflect.DelegatingMethodAccessorImpl.invoke(DelegatingMethodAccessorImpl.java:43)
	at edu.washington.cs.dt.util.TestRunnerWrapper.main(TestRunnerWrapper.java:56)

FAILURES!!!
Tests run: 1,  Failures: 0,  Errors: 1

.
Time: 0.001

OK (1 test)

.
Time: 0.009

OK (1 test)

.E
Time: 0.004
There was 1 error:
1) test333(randoop.xmlsecurity.RandoopTest0)java.lang.NullPointerException
	at org.apache.xml.security.keys.storage.implementations.CertsInFilesystemDirectoryResolver.readCertsFromHarddrive(CertsInFilesystemDirectoryResolver.java:120)
	at org.apache.xml.security.keys.storage.implementations.CertsInFilesystemDirectoryResolver.<init>(CertsInFilesystemDirectoryResolver.java:104)
	at randoop.xmlsecurity.RandoopTest0.test333(RandoopTest0.java:4348)
	at sun.reflect.NativeMethodAccessorImpl.invoke0(Native Method)
	at sun.reflect.NativeMethodAccessorImpl.invoke(NativeMethodAccessorImpl.java:57)
	at sun.reflect.DelegatingMethodAccessorImpl.invoke(DelegatingMethodAccessorImpl.java:43)
	at edu.washington.cs.dt.util.TestRunnerWrapper.main(TestRunnerWrapper.java:56)

FAILURES!!!
Tests run: 1,  Failures: 0,  Errors: 1

.
Time: 0.012

OK (1 test)

.
Time: 0

OK (1 test)

.
Time: 0.019

OK (1 test)

[Fatal Error] :1:1: Content is not allowed in prolog.
.
Time: 0.024

OK (1 test)

.
Time: 0.004

OK (1 test)

.
Time: 0

OK (1 test)

.

Time: 0.041

OK (1 test)

.
Time: 0

OK (1 test)

.
Time: 0

OK (1 test)

.
Time: 0.001

OK (1 test)

.
Time: 0

OK (1 test)

.
Time: 0

OK (1 test)

.E
Time: 0.005
There was 1 error:
1) test153(randoop.xmlsecurity.RandoopTest0)java.lang.NullPointerException
	at org.apache.xml.security.keys.storage.implementations.CertsInFilesystemDirectoryResolver.readCertsFromHarddrive(CertsInFilesystemDirectoryResolver.java:120)
	at org.apache.xml.security.keys.storage.implementations.CertsInFilesystemDirectoryResolver.<init>(CertsInFilesystemDirectoryResolver.java:104)
	at randoop.xmlsecurity.RandoopTest0.test153(RandoopTest0.java:1912)
	at sun.reflect.NativeMethodAccessorImpl.invoke0(Native Method)
	at sun.reflect.NativeMethodAccessorImpl.invoke(NativeMethodAccessorImpl.java:57)
	at sun.reflect.DelegatingMethodAccessorImpl.invoke(DelegatingMethodAccessorImpl.java:43)
	at edu.washington.cs.dt.util.TestRunnerWrapper.main(TestRunnerWrapper.java:56)

FAILURES!!!
Tests run: 1,  Failures: 0,  Errors: 1

.E
Time: 0.004
There was 1 error:
1) test369(randoop.xmlsecurity.RandoopTest0)java.lang.NullPointerException
	at org.apache.xml.security.keys.provider.ApacheKeyStore.engineGetCertificate(ApacheKeyStore.java:301)
	at randoop.xmlsecurity.RandoopTest0.test369(RandoopTest0.java:4817)
	at sun.reflect.NativeMethodAccessorImpl.invoke0(Native Method)
	at sun.reflect.NativeMethodAccessorImpl.invoke(NativeMethodAccessorImpl.java:57)
	at sun.reflect.DelegatingMethodAccessorImpl.invoke(DelegatingMethodAccessorImpl.java:43)
	at edu.washington.cs.dt.util.TestRunnerWrapper.main(TestRunnerWrapper.java:56)

FAILURES!!!
Tests run: 1,  Failures: 0,  Errors: 1

.
Time: 0

OK (1 test)

.
Time: 0.03

OK (1 test)

.
Time: 0

OK (1 test)

.
Time: 0

OK (1 test)

.
Time: 0

OK (1 test)

.E
Time: 0.013
There was 1 error:
1) test274(randoop.xmlsecurity.RandoopTest0)java.lang.NullPointerException
	at org.apache.xml.security.algorithms.JCEMapper.getProviderIsInClassPath(JCEMapper.java:161)
	at org.apache.xml.security.algorithms.JCEMapper.translateURItoJCEID(JCEMapper.java:260)
	at randoop.xmlsecurity.RandoopTest0.test274(RandoopTest0.java:3492)
	at sun.reflect.NativeMethodAccessorImpl.invoke0(Native Method)
	at sun.reflect.NativeMethodAccessorImpl.invoke(NativeMethodAccessorImpl.java:57)
	at sun.reflect.DelegatingMethodAccessorImpl.invoke(DelegatingMethodAccessorImpl.java:43)
	at edu.washington.cs.dt.util.TestRunnerWrapper.main(TestRunnerWrapper.java:56)

FAILURES!!!
Tests run: 1,  Failures: 0,  Errors: 1

.
Time: 0.004

OK (1 test)

.
Time: 0.001

OK (1 test)

.F
Time: 0.011
There was 1 failure:
1) test399(randoop.xmlsecurity.RandoopTest0)junit.framework.AssertionFailedError: '0000: FF FF FF FF                                        ....
' != '0000: FF FF FF FF                                        ....
'
	at randoop.xmlsecurity.RandoopTest0.test399(RandoopTest0.java:5325)
	at sun.reflect.NativeMethodAccessorImpl.invoke0(Native Method)
	at sun.reflect.NativeMethodAccessorImpl.invoke(NativeMethodAccessorImpl.java:57)
	at sun.reflect.DelegatingMethodAccessorImpl.invoke(DelegatingMethodAccessorImpl.java:43)
	at edu.washington.cs.dt.util.TestRunnerWrapper.main(TestRunnerWrapper.java:56)

FAILURES!!!
Tests run: 1,  Failures: 1,  Errors: 0

.
Time: 0

OK (1 test)

.
Time: 0.013

OK (1 test)

.
Time: 0

OK (1 test)

.
Time: 0.001

OK (1 test)

.
Time: 0

OK (1 test)

.
Time: 0

OK (1 test)

.E
Time: 0.006
There was 1 error:
1) test347(randoop.xmlsecurity.RandoopTest0)java.lang.NullPointerException
	at org.apache.xml.security.algorithms.JCEMapper.addProvider(JCEMapper.java:119)
	at randoop.xmlsecurity.RandoopTest0.test347(RandoopTest0.java:4549)
	at sun.reflect.NativeMethodAccessorImpl.invoke0(Native Method)
	at sun.reflect.NativeMethodAccessorImpl.invoke(NativeMethodAccessorImpl.java:57)
	at sun.reflect.DelegatingMethodAccessorImpl.invoke(DelegatingMethodAccessorImpl.java:43)
	at edu.washington.cs.dt.util.TestRunnerWrapper.main(TestRunnerWrapper.java:56)

FAILURES!!!
Tests run: 1,  Failures: 0,  Errors: 1

.
Time: 0

OK (1 test)

.
Time: 0

OK (1 test)

.
Time: 0

OK (1 test)

.
Time: 0

OK (1 test)

.
Time: 0

OK (1 test)

.
Time: 0

OK (1 test)

.
Time: 0

OK (1 test)

0-th run
Pass: 57, Fail: 5, Error: 9
{randoop.xmlsecurity.RandoopTest0.test211=PASS, randoop.xmlsecurity.RandoopTest0.test1=PASS, randoop.xmlsecurity.RandoopTest0.test50=PASS, randoop.xmlsecurity.RandoopTest1.test26=PASS, randoop.xmlsecurity.RandoopTest0.test11=PASS, randoop.xmlsecurity.RandoopTest0.test4=PASS, randoop.xmlsecurity.RandoopTest0.test7=PASS, randoop.xmlsecurity.RandoopTest0.test221=PASS, randoop.xmlsecurity.RandoopTest0.test223=ERROR, randoop.xmlsecurity.RandoopTest0.test222=ERROR, randoop.xmlsecurity.RandoopTest0.test13=PASS, randoop.xmlsecurity.RandoopTest0.test49=PASS, randoop.xmlsecurity.RandoopTest0.test370=PASS, randoop.xmlsecurity.RandoopTest0.test36=PASS, randoop.xmlsecurity.RandoopTest0.test27=PASS, randoop.xmlsecurity.RandoopTest1.test123=PASS, randoop.xmlsecurity.RandoopTest0.test39=PASS, randoop.xmlsecurity.RandoopTest0.test371=PASS, randoop.xmlsecurity.RandoopTest0.test41=FAILURE, randoop.xmlsecurity.RandoopTest0.test328=PASS, randoop.xmlsecurity.RandoopTest0.test213=PASS, randoop.xmlsecurity.RandoopTest1.test16=FAILURE, randoop.xmlsecurity.RandoopTest0.test15=PASS, randoop.xmlsecurity.RandoopTest0.test38=PASS, randoop.xmlsecurity.RandoopTest0.test461=PASS, randoop.xmlsecurity.RandoopTest0.test84=FAILURE, randoop.xmlsecurity.RandoopTest0.test360=ERROR, randoop.xmlsecurity.RandoopTest0.test490=FAILURE, randoop.xmlsecurity.RandoopTest0.test112=PASS, randoop.xmlsecurity.RandoopTest0.test277=PASS, randoop.xmlsecurity.RandoopTest0.test434=ERROR, randoop.xmlsecurity.RandoopTest0.test271=PASS, randoop.xmlsecurity.RandoopTest0.test373=PASS, randoop.xmlsecurity.RandoopTest0.test333=ERROR, randoop.xmlsecurity.RandoopTest0.test230=PASS, randoop.xmlsecurity.RandoopTest0.test453=PASS, randoop.xmlsecurity.RandoopTest0.test207=PASS, randoop.xmlsecurity.RandoopTest1.test70=PASS, randoop.xmlsecurity.RandoopTest0.test90=PASS, randoop.xmlsecurity.RandoopTest0.test254=PASS, randoop.xmlsecurity.RandoopTest0.test295=PASS, randoop.xmlsecurity.RandoopTest0.test456=PASS, randoop.xmlsecurity.RandoopTest0.test314=PASS, randoop.xmlsecurity.RandoopTest1.test3=PASS, randoop.xmlsecurity.RandoopTest0.test387=PASS, randoop.xmlsecurity.RandoopTest0.test96=PASS, randoop.xmlsecurity.RandoopTest0.test153=ERROR, randoop.xmlsecurity.RandoopTest0.test369=ERROR, randoop.xmlsecurity.RandoopTest0.test70=PASS, randoop.xmlsecurity.RandoopTest0.test324=PASS, randoop.xmlsecurity.RandoopTest0.test117=PASS, randoop.xmlsecurity.RandoopTest0.test410=PASS, randoop.xmlsecurity.RandoopTest0.test198=PASS, randoop.xmlsecurity.RandoopTest0.test274=ERROR, randoop.xmlsecurity.RandoopTest0.test133=PASS, randoop.xmlsecurity.RandoopTest0.test400=PASS, randoop.xmlsecurity.RandoopTest0.test399=FAILURE, randoop.xmlsecurity.RandoopTest0.test321=PASS, randoop.xmlsecurity.RandoopTest0.test162=PASS, randoop.xmlsecurity.RandoopTest0.test195=PASS, randoop.xmlsecurity.RandoopTest0.test480=PASS, randoop.xmlsecurity.RandoopTest0.test482=PASS, randoop.xmlsecurity.RandoopTest0.test167=PASS, randoop.xmlsecurity.RandoopTest0.test347=ERROR, randoop.xmlsecurity.RandoopTest0.test497=PASS, randoop.xmlsecurity.RandoopTest0.test87=PASS, randoop.xmlsecurity.RandoopTest0.test251=PASS, randoop.xmlsecurity.RandoopTest0.test127=PASS, randoop.xmlsecurity.RandoopTest0.test318=PASS, randoop.xmlsecurity.RandoopTest0.test77=PASS, randoop.xmlsecurity.RandoopTest0.test393=PASS}


.F
Time: 0.212
There was 1 failure:
1) test6(randoop.xmlsecurity.RandoopTest0)junit.framework.AssertionFailedError: 'You must initialize the xml-security library correctly before you use it. Call the static method "org.apache.xml.security.Init.init();" to do that before you use any functionality from that library.' != 'No message with ID "68 69 21 " found in resource bundle "org/apache/xml/security/resource/xmlsecurity"'
	at randoop.xmlsecurity.RandoopTest0.test6(RandoopTest0.java:77)
	at sun.reflect.NativeMethodAccessorImpl.invoke0(Native Method)
	at sun.reflect.NativeMethodAccessorImpl.invoke(NativeMethodAccessorImpl.java:57)
	at sun.reflect.DelegatingMethodAccessorImpl.invoke(DelegatingMethodAccessorImpl.java:43)
	at edu.washington.cs.dt.util.TestRunnerWrapper.main(TestRunnerWrapper.java:56)

FAILURES!!!
Tests run: 1,  Failures: 1,  Errors: 0

.
Time: 0.022

OK (1 test)

.
Time: 0.001

OK (1 test)

.
Time: 0.01

OK (1 test)

.
Time: 0.005

OK (1 test)

.
Time: 0.002

OK (1 test)

.
Time: 0.014

OK (1 test)

.
Time: 0

OK (1 test)

.
Time: 0.01

OK (1 test)

.E
Time: 0.108
There was 1 error:
1) test33(randoop.xmlsecurity.RandoopTest0)java.lang.NullPointerException
	at org.apache.xpath.XPathAPI.eval(XPathAPI.java:266)
	at org.apache.xpath.XPathAPI.selectNodeIterator(XPathAPI.java:164)
	at org.apache.xpath.XPathAPI.selectSingleNode(XPathAPI.java:125)
	at org.apache.xml.security.algorithms.JCEMapper.getProviderIsInClassPath(JCEMapper.java:157)
	at randoop.xmlsecurity.RandoopTest0.test33(RandoopTest0.java:382)
	at sun.reflect.NativeMethodAccessorImpl.invoke0(Native Method)
	at sun.reflect.NativeMethodAccessorImpl.invoke(NativeMethodAccessorImpl.java:57)
	at sun.reflect.DelegatingMethodAccessorImpl.invoke(DelegatingMethodAccessorImpl.java:43)
	at edu.washington.cs.dt.util.TestRunnerWrapper.main(TestRunnerWrapper.java:56)

FAILURES!!!
Tests run: 1,  Failures: 0,  Errors: 1

log4j:WARN No appenders could be found for logger (org.apache.xml.security.utils.IgnoreAllErrorHandler).
log4j:WARN Please initialize the log4j system properly.
.
Time: 0.648

OK (1 test)

.
Time: 0

OK (1 test)

.
Time: 0.106

OK (1 test)

.E
Time: 0.008
There was 1 error:
1) test31(randoop.xmlsecurity.RandoopTest1)java.lang.NullPointerException
	at org.apache.xpath.XPathAPI.eval(XPathAPI.java:266)
	at org.apache.xpath.XPathAPI.selectNodeIterator(XPathAPI.java:164)
	at org.apache.xpath.XPathAPI.selectSingleNode(XPathAPI.java:125)
	at org.apache.xml.security.algorithms.JCEMapper.getKeyLengthFromURI(JCEMapper.java:365)
	at randoop.xmlsecurity.RandoopTest1.test31(RandoopTest1.java:689)
	at sun.reflect.NativeMethodAccessorImpl.invoke0(Native Method)
	at sun.reflect.NativeMethodAccessorImpl.invoke(NativeMethodAccessorImpl.java:57)
	at sun.reflect.DelegatingMethodAccessorImpl.invoke(DelegatingMethodAccessorImpl.java:43)
	at edu.washington.cs.dt.util.TestRunnerWrapper.main(TestRunnerWrapper.java:56)

FAILURES!!!
Tests run: 1,  Failures: 0,  Errors: 1

.
Time: 0.006

OK (1 test)

.E
Time: 0
There was 1 error:
1) test368(randoop.xmlsecurity.RandoopTest0)java.lang.NullPointerException
	at org.apache.xpath.XPathAPI.eval(XPathAPI.java:266)
	at org.apache.xpath.XPathAPI.selectNodeIterator(XPathAPI.java:164)
	at org.apache.xpath.XPathAPI.selectSingleNode(XPathAPI.java:125)
	at org.apache.xml.security.algorithms.JCEMapper.getKeyTypeFromURI(JCEMapper.java:329)
	at randoop.xmlsecurity.RandoopTest0.test368(RandoopTest0.java:4804)
	at sun.reflect.NativeMethodAccessorImpl.invoke0(Native Method)
	at sun.reflect.NativeMethodAccessorImpl.invoke(NativeMethodAccessorImpl.java:57)
	at sun.reflect.DelegatingMethodAccessorImpl.invoke(DelegatingMethodAccessorImpl.java:43)
	at edu.washington.cs.dt.util.TestRunnerWrapper.main(TestRunnerWrapper.java:56)

FAILURES!!!
Tests run: 1,  Failures: 0,  Errors: 1

.F
Time: 0.02
There was 1 failure:
1) test228(randoop.xmlsecurity.RandoopTest0)junit.framework.AssertionFailedError: '0000: 68 74 74 70 3A 2F 2F 77   77 77 2E 77 33 2E 6F 72  http://www.w3.or
0010: 67 2F 32 30 30 31 2F 30   34 2F 78 6D 6C 65 6E 63  g/2001/04/xmlenc
0020: 23 61 65 73 31 39 32 2D   63 62 63                 #aes192-cbc
' != '0000: 68 74 74 70 3A 2F 2F 77   77 77 2E 77 33 2E 6F 72  http://www.w3.or
0010: 67 2F 32 30 30 31 2F 30   34 2F 78 6D 6C 65 6E 63  g/2001/04/xmlenc
0020: 23 61 65 73 31 39 32 2D   63 62 63                 #aes192-cbc
'
	at randoop.xmlsecurity.RandoopTest0.test228(RandoopTest0.java:2822)
	at sun.reflect.NativeMethodAccessorImpl.invoke0(Native Method)
	at sun.reflect.NativeMethodAccessorImpl.invoke(NativeMethodAccessorImpl.java:57)
	at sun.reflect.DelegatingMethodAccessorImpl.invoke(DelegatingMethodAccessorImpl.java:43)
	at edu.washington.cs.dt.util.TestRunnerWrapper.main(TestRunnerWrapper.java:56)

FAILURES!!!
Tests run: 1,  Failures: 1,  Errors: 0

.
Time: 0

OK (1 test)

.
Time: 0

OK (1 test)

.E
Time: 0.001
There was 1 error:
1) test272(randoop.xmlsecurity.RandoopTest0)java.lang.NullPointerException
	at org.apache.xpath.XPathAPI.eval(XPathAPI.java:266)
	at org.apache.xpath.XPathAPI.selectNodeIterator(XPathAPI.java:164)
	at org.apache.xpath.XPathAPI.selectSingleNode(XPathAPI.java:125)
	at org.apache.xml.security.algorithms.JCEMapper.getKeyTypeFromURI(JCEMapper.java:329)
	at randoop.xmlsecurity.RandoopTest0.test272(RandoopTest0.java:3450)
	at sun.reflect.NativeMethodAccessorImpl.invoke0(Native Method)
	at sun.reflect.NativeMethodAccessorImpl.invoke(NativeMethodAccessorImpl.java:57)
	at sun.reflect.DelegatingMethodAccessorImpl.invoke(DelegatingMethodAccessorImpl.java:43)
	at edu.washington.cs.dt.util.TestRunnerWrapper.main(TestRunnerWrapper.java:56)

FAILURES!!!
Tests run: 1,  Failures: 0,  Errors: 1

.
Time: 0.003

OK (1 test)

.
Time: 0.046

OK (1 test)

.E
Time: 0.007
There was 1 error:
1) test240(randoop.xmlsecurity.RandoopTest0)java.lang.NullPointerException
	at org.apache.xml.security.keys.provider.ApacheKeyStore.engineIsKeyEntry(ApacheKeyStore.java:307)
	at randoop.xmlsecurity.RandoopTest0.test240(RandoopTest0.java:3010)
	at sun.reflect.NativeMethodAccessorImpl.invoke0(Native Method)
	at sun.reflect.NativeMethodAccessorImpl.invoke(NativeMethodAccessorImpl.java:57)
	at sun.reflect.DelegatingMethodAccessorImpl.invoke(DelegatingMethodAccessorImpl.java:43)
	at edu.washington.cs.dt.util.TestRunnerWrapper.main(TestRunnerWrapper.java:56)

FAILURES!!!
Tests run: 1,  Failures: 0,  Errors: 1

.
Time: 0.007

OK (1 test)

.E
Time: 0.001
There was 1 error:
1) test363(randoop.xmlsecurity.RandoopTest0)java.lang.NullPointerException
	at org.apache.xpath.XPathAPI.eval(XPathAPI.java:266)
	at org.apache.xpath.XPathAPI.selectNodeIterator(XPathAPI.java:164)
	at org.apache.xpath.XPathAPI.selectSingleNode(XPathAPI.java:125)
	at org.apache.xml.security.algorithms.JCEMapper.getKeyLengthFromURI(JCEMapper.java:365)
	at randoop.xmlsecurity.RandoopTest0.test363(RandoopTest0.java:4749)
	at sun.reflect.NativeMethodAccessorImpl.invoke0(Native Method)
	at sun.reflect.NativeMethodAccessorImpl.invoke(NativeMethodAccessorImpl.java:57)
	at sun.reflect.DelegatingMethodAccessorImpl.invoke(DelegatingMethodAccessorImpl.java:43)
	at edu.washington.cs.dt.util.TestRunnerWrapper.main(TestRunnerWrapper.java:56)

FAILURES!!!
Tests run: 1,  Failures: 0,  Errors: 1

.E
Time: 0.163
There was 1 error:
1) test440(randoop.xmlsecurity.RandoopTest0)java.lang.NullPointerException
	at org.apache.xpath.XPathAPI.eval(XPathAPI.java:266)
	at org.apache.xpath.XPathAPI.selectNodeIterator(XPathAPI.java:164)
	at org.apache.xpath.XPathAPI.selectSingleNode(XPathAPI.java:125)
	at org.apache.xml.security.algorithms.JCEMapper.addProvider(JCEMapper.java:115)
	at randoop.xmlsecurity.RandoopTest0.test440(RandoopTest0.java:6114)
	at sun.reflect.NativeMethodAccessorImpl.invoke0(Native Method)
	at sun.reflect.NativeMethodAccessorImpl.invoke(NativeMethodAccessorImpl.java:57)
	at sun.reflect.DelegatingMethodAccessorImpl.invoke(DelegatingMethodAccessorImpl.java:43)
	at edu.washington.cs.dt.util.TestRunnerWrapper.main(TestRunnerWrapper.java:56)

FAILURES!!!
Tests run: 1,  Failures: 0,  Errors: 1

.E
Time: 0.014
There was 1 error:
1) test436(randoop.xmlsecurity.RandoopTest0)java.lang.NullPointerException
	at org.apache.xml.security.Init.registerKeyInfoContentHandler(Init.java:663)
	at org.apache.xml.security.keys.KeyInfo.registerKeyInfoContentHandler(KeyInfo.java:1104)
	at randoop.xmlsecurity.RandoopTest0.test436(RandoopTest0.java:6025)
	at sun.reflect.NativeMethodAccessorImpl.invoke0(Native Method)
	at sun.reflect.NativeMethodAccessorImpl.invoke(NativeMethodAccessorImpl.java:57)
	at sun.reflect.DelegatingMethodAccessorImpl.invoke(DelegatingMethodAccessorImpl.java:43)
	at edu.washington.cs.dt.util.TestRunnerWrapper.main(TestRunnerWrapper.java:56)

FAILURES!!!
Tests run: 1,  Failures: 0,  Errors: 1

.E
Time: 0.008
There was 1 error:
1) test30(randoop.xmlsecurity.RandoopTest1)java.lang.NullPointerException
	at org.apache.xml.security.keys.provider.ApacheKeyStore.engineGetCertificate(ApacheKeyStore.java:301)
	at randoop.xmlsecurity.RandoopTest1.test30(RandoopTest1.java:680)
	at sun.reflect.NativeMethodAccessorImpl.invoke0(Native Method)
	at sun.reflect.NativeMethodAccessorImpl.invoke(NativeMethodAccessorImpl.java:57)
	at sun.reflect.DelegatingMethodAccessorImpl.invoke(DelegatingMethodAccessorImpl.java:43)
	at edu.washington.cs.dt.util.TestRunnerWrapper.main(TestRunnerWrapper.java:56)

FAILURES!!!
Tests run: 1,  Failures: 0,  Errors: 1

.E
Time: 0.001
There was 1 error:
1) test270(randoop.xmlsecurity.RandoopTest0)java.lang.NullPointerException
	at org.apache.xml.security.keys.provider.ApacheKeyStore.engineGetCertificate(ApacheKeyStore.java:301)
	at randoop.xmlsecurity.RandoopTest0.test270(RandoopTest0.java:3405)
	at sun.reflect.NativeMethodAccessorImpl.invoke0(Native Method)
	at sun.reflect.NativeMethodAccessorImpl.invoke(NativeMethodAccessorImpl.java:57)
	at sun.reflect.DelegatingMethodAccessorImpl.invoke(DelegatingMethodAccessorImpl.java:43)
	at edu.washington.cs.dt.util.TestRunnerWrapper.main(TestRunnerWrapper.java:56)

FAILURES!!!
Tests run: 1,  Failures: 0,  Errors: 1

.
Time: 0.03

OK (1 test)

.
Time: 0.024

OK (1 test)

.E
Time: 0.021
There was 1 error:
1) test164(randoop.xmlsecurity.RandoopTest0)java.lang.NullPointerException
	at org.apache.xml.security.algorithms.encryption.implementations.BC.KeyWrapImpl_TRIPLEDES_BC.engineGetBlockSize(KeyWrapImpl_TRIPLEDES_BC.java:133)
	at randoop.xmlsecurity.RandoopTest0.test164(RandoopTest0.java:2022)
	at sun.reflect.NativeMethodAccessorImpl.invoke0(Native Method)
	at sun.reflect.NativeMethodAccessorImpl.invoke(NativeMethodAccessorImpl.java:57)
	at sun.reflect.DelegatingMethodAccessorImpl.invoke(DelegatingMethodAccessorImpl.java:43)
	at edu.washington.cs.dt.util.TestRunnerWrapper.main(TestRunnerWrapper.java:56)

FAILURES!!!
Tests run: 1,  Failures: 0,  Errors: 1

.E
Time: 0.003
There was 1 error:
1) test303(randoop.xmlsecurity.RandoopTest0)java.lang.NullPointerException
	at org.apache.xpath.XPathAPI.eval(XPathAPI.java:266)
	at org.apache.xpath.XPathAPI.selectNodeIterator(XPathAPI.java:164)
	at org.apache.xpath.XPathAPI.selectSingleNode(XPathAPI.java:125)
	at org.apache.xml.security.algorithms.JCEMapper.getKeyLengthFromURI(JCEMapper.java:365)
	at randoop.xmlsecurity.RandoopTest0.test303(RandoopTest0.java:3888)
	at sun.reflect.NativeMethodAccessorImpl.invoke0(Native Method)
	at sun.reflect.NativeMethodAccessorImpl.invoke(NativeMethodAccessorImpl.java:57)
	at sun.reflect.DelegatingMethodAccessorImpl.invoke(DelegatingMethodAccessorImpl.java:43)
	at edu.washington.cs.dt.util.TestRunnerWrapper.main(TestRunnerWrapper.java:56)

FAILURES!!!
Tests run: 1,  Failures: 0,  Errors: 1

.
Time: 0

OK (1 test)

.F
Time: 0.029
There was 1 failure:
1) test141(randoop.xmlsecurity.RandoopTest1)junit.framework.AssertionFailedError: 'You must initialize the xml-security library correctly before you use it. Call the static method "org.apache.xml.security.Init.init();" to do that before you use any functionality from that library.' != 'No message with ID "0000: 30 30 30 30 30 30 30 30   30 30 30 30 30 30 30 30  0000000000000000
" found in resource bundle "org/apache/xml/security/resource/xmlsecurity". Original Exception was a org.apache.xml.security.exceptions.XMLSecurityException and message No message with ID "0000: 01                                                 .
" found in resource bundle "org/apache/xml/security/resource/xmlsecurity"'
	at randoop.xmlsecurity.RandoopTest1.test141(RandoopTest1.java:2710)
	at sun.reflect.NativeMethodAccessorImpl.invoke0(Native Method)
	at sun.reflect.NativeMethodAccessorImpl.invoke(NativeMethodAccessorImpl.java:57)
	at sun.reflect.DelegatingMethodAccessorImpl.invoke(DelegatingMethodAccessorImpl.java:43)
	at edu.washington.cs.dt.util.TestRunnerWrapper.main(TestRunnerWrapper.java:56)

FAILURES!!!
Tests run: 1,  Failures: 1,  Errors: 0

.F
Time: 0
There was 1 failure:
1) test471(randoop.xmlsecurity.RandoopTest0)junit.framework.AssertionFailedError: 'You must initialize the xml-security library correctly before you use it. Call the static method "org.apache.xml.security.Init.init();" to do that before you use any functionality from that library.' != 'No message with ID "0000: 36 38 20 36 39 20 32 31   20                       68 69 21 
" found in resource bundle "org/apache/xml/security/resource/xmlsecurity"'
	at randoop.xmlsecurity.RandoopTest0.test471(RandoopTest0.java:6721)
	at sun.reflect.NativeMethodAccessorImpl.invoke0(Native Method)
	at sun.reflect.NativeMethodAccessorImpl.invoke(NativeMethodAccessorImpl.java:57)
	at sun.reflect.DelegatingMethodAccessorImpl.invoke(DelegatingMethodAccessorImpl.java:43)
	at edu.washington.cs.dt.util.TestRunnerWrapper.main(TestRunnerWrapper.java:56)

FAILURES!!!
Tests run: 1,  Failures: 1,  Errors: 0

.
Time: 0.061

OK (1 test)

.E
Time: 0
There was 1 error:
1) test134(randoop.xmlsecurity.RandoopTest1)java.lang.NullPointerException
	at org.apache.xpath.XPathAPI.eval(XPathAPI.java:266)
	at org.apache.xpath.XPathAPI.selectNodeIterator(XPathAPI.java:164)
	at org.apache.xpath.XPathAPI.selectSingleNode(XPathAPI.java:125)
	at org.apache.xml.security.algorithms.JCEMapper.getProviderIsInClassPath(JCEMapper.java:157)
	at randoop.xmlsecurity.RandoopTest1.test134(RandoopTest1.java:2545)
	at sun.reflect.NativeMethodAccessorImpl.invoke0(Native Method)
	at sun.reflect.NativeMethodAccessorImpl.invoke(NativeMethodAccessorImpl.java:57)
	at sun.reflect.DelegatingMethodAccessorImpl.invoke(DelegatingMethodAccessorImpl.java:43)
	at edu.washington.cs.dt.util.TestRunnerWrapper.main(TestRunnerWrapper.java:56)

FAILURES!!!
Tests run: 1,  Failures: 0,  Errors: 1

.
Time: 0.006

OK (1 test)

.
Time: 0.061

OK (1 test)

.

Time: 0

OK (1 test)

.
Time: 0.016

OK (1 test)

[Fatal Error] :-1:-1: Premature end of file.
.
Time: 0.025

OK (1 test)

.F
Time: 0.023
There was 1 failure:
1) test85(randoop.xmlsecurity.RandoopTest0)junit.framework.AssertionFailedError: '00 34 00 20 00 00' != '003400200000'
	at randoop.xmlsecurity.RandoopTest0.test85(RandoopTest0.java:1038)
	at sun.reflect.NativeMethodAccessorImpl.invoke0(Native Method)
	at sun.reflect.NativeMethodAccessorImpl.invoke(NativeMethodAccessorImpl.java:57)
	at sun.reflect.DelegatingMethodAccessorImpl.invoke(DelegatingMethodAccessorImpl.java:43)
	at edu.washington.cs.dt.util.TestRunnerWrapper.main(TestRunnerWrapper.java:56)

FAILURES!!!
Tests run: 1,  Failures: 1,  Errors: 0

.E
Time: 0.013
There was 1 error:
1) test354(randoop.xmlsecurity.RandoopTest0)java.lang.NullPointerException
	at org.apache.xml.security.c14n.Canonicalizer.getImplementingClass(Canonicalizer.java:356)
	at org.apache.xml.security.c14n.Canonicalizer.register(Canonicalizer.java:168)
	at randoop.xmlsecurity.RandoopTest0.test354(RandoopTest0.java:4627)
	at sun.reflect.NativeMethodAccessorImpl.invoke0(Native Method)
	at sun.reflect.NativeMethodAccessorImpl.invoke(NativeMethodAccessorImpl.java:57)
	at sun.reflect.DelegatingMethodAccessorImpl.invoke(DelegatingMethodAccessorImpl.java:43)
	at edu.washington.cs.dt.util.TestRunnerWrapper.main(TestRunnerWrapper.java:56)

FAILURES!!!
Tests run: 1,  Failures: 0,  Errors: 1

.
Time: 0.001

OK (1 test)

.
Time: 0

OK (1 test)

.E
Time: 0.006
There was 1 error:
1) test76(randoop.xmlsecurity.RandoopTest1)java.lang.NullPointerException
	at org.apache.xpath.XPathAPI.eval(XPathAPI.java:266)
	at org.apache.xpath.XPathAPI.selectNodeIterator(XPathAPI.java:164)
	at org.apache.xpath.XPathAPI.selectSingleNode(XPathAPI.java:125)
	at org.apache.xml.security.algorithms.JCEMapper.getJCEIVAlgorithmFromURI(JCEMapper.java:415)
	at randoop.xmlsecurity.RandoopTest1.test76(RandoopTest1.java:1383)
	at sun.reflect.NativeMethodAccessorImpl.invoke0(Native Method)
	at sun.reflect.NativeMethodAccessorImpl.invoke(NativeMethodAccessorImpl.java:57)
	at sun.reflect.DelegatingMethodAccessorImpl.invoke(DelegatingMethodAccessorImpl.java:43)
	at edu.washington.cs.dt.util.TestRunnerWrapper.main(TestRunnerWrapper.java:56)

FAILURES!!!
Tests run: 1,  Failures: 0,  Errors: 1

.E
Time: 0
There was 1 error:
1) test341(randoop.xmlsecurity.RandoopTest0)java.lang.NullPointerException
	at org.apache.xml.security.keys.provider.ApacheKeyStore.engineIsKeyEntry(ApacheKeyStore.java:307)
	at randoop.xmlsecurity.RandoopTest0.test341(RandoopTest0.java:4469)
	at sun.reflect.NativeMethodAccessorImpl.invoke0(Native Method)
	at sun.reflect.NativeMethodAccessorImpl.invoke(NativeMethodAccessorImpl.java:57)
	at sun.reflect.DelegatingMethodAccessorImpl.invoke(DelegatingMethodAccessorImpl.java:43)
	at edu.washington.cs.dt.util.TestRunnerWrapper.main(TestRunnerWrapper.java:56)

FAILURES!!!
Tests run: 1,  Failures: 0,  Errors: 1

.
Time: 0.005

OK (1 test)

.E
Time: 0
There was 1 error:
1) test147(randoop.xmlsecurity.RandoopTest0)java.lang.NullPointerException
	at org.apache.xml.security.keys.provider.ApacheKeyStore.engineGetCreationDate(ApacheKeyStore.java:288)
	at randoop.xmlsecurity.RandoopTest0.test147(RandoopTest0.java:1846)
	at sun.reflect.NativeMethodAccessorImpl.invoke0(Native Method)
	at sun.reflect.NativeMethodAccessorImpl.invoke(NativeMethodAccessorImpl.java:57)
	at sun.reflect.DelegatingMethodAccessorImpl.invoke(DelegatingMethodAccessorImpl.java:43)
	at edu.washington.cs.dt.util.TestRunnerWrapper.main(TestRunnerWrapper.java:56)

FAILURES!!!
Tests run: 1,  Failures: 0,  Errors: 1

.F
Time: 0
There was 1 failure:
1) test309(randoop.xmlsecurity.RandoopTest0)junit.framework.AssertionFailedError: null
	at randoop.xmlsecurity.RandoopTest0.test309(RandoopTest0.java:3983)
	at sun.reflect.NativeMethodAccessorImpl.invoke0(Native Method)
	at sun.reflect.NativeMethodAccessorImpl.invoke(NativeMethodAccessorImpl.java:57)
	at sun.reflect.DelegatingMethodAccessorImpl.invoke(DelegatingMethodAccessorImpl.java:43)
	at edu.washington.cs.dt.util.TestRunnerWrapper.main(TestRunnerWrapper.java:56)

FAILURES!!!
Tests run: 1,  Failures: 1,  Errors: 0

.
Time: 0.001

OK (1 test)

.F
Time: 0.005
There was 1 failure:
1) test338(randoop.xmlsecurity.RandoopTest0)junit.framework.AssertionFailedError: '' != ''
	at randoop.xmlsecurity.RandoopTest0.test338(RandoopTest0.java:4430)
	at sun.reflect.NativeMethodAccessorImpl.invoke0(Native Method)
	at sun.reflect.NativeMethodAccessorImpl.invoke(NativeMethodAccessorImpl.java:57)
	at sun.reflect.DelegatingMethodAccessorImpl.invoke(DelegatingMethodAccessorImpl.java:43)
	at edu.washington.cs.dt.util.TestRunnerWrapper.main(TestRunnerWrapper.java:56)

FAILURES!!!
Tests run: 1,  Failures: 1,  Errors: 0

.E
Time: 0.002
There was 1 error:
1) test337(randoop.xmlsecurity.RandoopTest0)java.lang.NullPointerException
	at org.apache.xml.security.keys.provider.ApacheKeyStore.engineGetCertificateChain(ApacheKeyStore.java:304)
	at randoop.xmlsecurity.RandoopTest0.test337(RandoopTest0.java:4393)
	at sun.reflect.NativeMethodAccessorImpl.invoke0(Native Method)
	at sun.reflect.NativeMethodAccessorImpl.invoke(NativeMethodAccessorImpl.java:57)
	at sun.reflect.DelegatingMethodAccessorImpl.invoke(DelegatingMethodAccessorImpl.java:43)
	at edu.washington.cs.dt.util.TestRunnerWrapper.main(TestRunnerWrapper.java:56)

FAILURES!!!
Tests run: 1,  Failures: 0,  Errors: 1

.E
Time: 0.002
There was 1 error:
1) test170(randoop.xmlsecurity.RandoopTest0)java.lang.NullPointerException
	at org.apache.xml.security.keys.provider.ApacheKeyStore.engineGetCertificateChain(ApacheKeyStore.java:304)
	at randoop.xmlsecurity.RandoopTest0.test170(RandoopTest0.java:2107)
	at sun.reflect.NativeMethodAccessorImpl.invoke0(Native Method)
	at sun.reflect.NativeMethodAccessorImpl.invoke(NativeMethodAccessorImpl.java:57)
	at sun.reflect.DelegatingMethodAccessorImpl.invoke(DelegatingMethodAccessorImpl.java:43)
	at edu.washington.cs.dt.util.TestRunnerWrapper.main(TestRunnerWrapper.java:56)

FAILURES!!!
Tests run: 1,  Failures: 0,  Errors: 1

.E
Time: 0.006
There was 1 error:
1) test356(randoop.xmlsecurity.RandoopTest0)java.lang.NullPointerException
	at org.apache.xml.security.algorithms.encryption.implementations.BC.KeyWrapImpl_AES_BC.engineGetBlockSize(KeyWrapImpl_AES_BC.java:63)
	at randoop.xmlsecurity.RandoopTest0.test356(RandoopTest0.java:4659)
	at sun.reflect.NativeMethodAccessorImpl.invoke0(Native Method)
	at sun.reflect.NativeMethodAccessorImpl.invoke(NativeMethodAccessorImpl.java:57)
	at sun.reflect.DelegatingMethodAccessorImpl.invoke(DelegatingMethodAccessorImpl.java:43)
	at edu.washington.cs.dt.util.TestRunnerWrapper.main(TestRunnerWrapper.java:56)

FAILURES!!!
Tests run: 1,  Failures: 0,  Errors: 1

.
Time: 0.019

OK (1 test)

.F
Time: 0
There was 1 failure:
1) test488(randoop.xmlsecurity.RandoopTest0)junit.framework.AssertionFailedError: '20 61 61 20 20 61 20 20 ' != '2061612020612020'
	at randoop.xmlsecurity.RandoopTest0.test488(RandoopTest0.java:7019)
	at sun.reflect.NativeMethodAccessorImpl.invoke0(Native Method)
	at sun.reflect.NativeMethodAccessorImpl.invoke(NativeMethodAccessorImpl.java:57)
	at sun.reflect.DelegatingMethodAccessorImpl.invoke(DelegatingMethodAccessorImpl.java:43)
	at edu.washington.cs.dt.util.TestRunnerWrapper.main(TestRunnerWrapper.java:56)

FAILURES!!!
Tests run: 1,  Failures: 1,  Errors: 0

.F
Time: 0.005
There was 1 failure:
1) test249(randoop.xmlsecurity.RandoopTest0)junit.framework.AssertionFailedError: '00 0A ' != '000A'
	at randoop.xmlsecurity.RandoopTest0.test249(RandoopTest0.java:3142)
	at sun.reflect.NativeMethodAccessorImpl.invoke0(Native Method)
	at sun.reflect.NativeMethodAccessorImpl.invoke(NativeMethodAccessorImpl.java:57)
	at sun.reflect.DelegatingMethodAccessorImpl.invoke(DelegatingMethodAccessorImpl.java:43)
	at edu.washington.cs.dt.util.TestRunnerWrapper.main(TestRunnerWrapper.java:56)

FAILURES!!!
Tests run: 1,  Failures: 1,  Errors: 0

.E
Time: 0
There was 1 error:
1) test105(randoop.xmlsecurity.RandoopTest0)java.lang.NullPointerException
	at org.apache.xml.security.Init.registerKeyInfoContentHandler(Init.java:663)
	at randoop.xmlsecurity.RandoopTest0.test105(RandoopTest0.java:1307)
	at sun.reflect.NativeMethodAccessorImpl.invoke0(Native Method)
	at sun.reflect.NativeMethodAccessorImpl.invoke(NativeMethodAccessorImpl.java:57)
	at sun.reflect.DelegatingMethodAccessorImpl.invoke(DelegatingMethodAccessorImpl.java:43)
	at edu.washington.cs.dt.util.TestRunnerWrapper.main(TestRunnerWrapper.java:56)

FAILURES!!!
Tests run: 1,  Failures: 0,  Errors: 1

.E
Time: 0.012
There was 1 error:
1) test468(randoop.xmlsecurity.RandoopTest0)java.lang.NullPointerException
	at org.apache.xml.security.utils.resolver.ResourceResolver.register(ResourceResolver.java:256)
	at randoop.xmlsecurity.RandoopTest0.test468(RandoopTest0.java:6633)
	at sun.reflect.NativeMethodAccessorImpl.invoke0(Native Method)
	at sun.reflect.NativeMethodAccessorImpl.invoke(NativeMethodAccessorImpl.java:57)
	at sun.reflect.DelegatingMethodAccessorImpl.invoke(DelegatingMethodAccessorImpl.java:43)
	at edu.washington.cs.dt.util.TestRunnerWrapper.main(TestRunnerWrapper.java:56)

FAILURES!!!
Tests run: 1,  Failures: 0,  Errors: 1

.F
Time: 0.007
There was 1 failure:
1) test458(randoop.xmlsecurity.RandoopTest0)junit.framework.AssertionFailedError: '00000000 00000000 00000000 00001101' != '                                '
	at randoop.xmlsecurity.RandoopTest0.test458(RandoopTest0.java:6476)
	at sun.reflect.NativeMethodAccessorImpl.invoke0(Native Method)
	at sun.reflect.NativeMethodAccessorImpl.invoke(NativeMethodAccessorImpl.java:57)
	at sun.reflect.DelegatingMethodAccessorImpl.invoke(DelegatingMethodAccessorImpl.java:43)
	at edu.washington.cs.dt.util.TestRunnerWrapper.main(TestRunnerWrapper.java:56)

FAILURES!!!
Tests run: 1,  Failures: 1,  Errors: 0

.E
Time: 0
There was 1 error:
1) test325(randoop.xmlsecurity.RandoopTest0)java.lang.NullPointerException
	at org.apache.xml.security.keys.provider.ApacheKeyStore.engineGetCertificate(ApacheKeyStore.java:301)
	at randoop.xmlsecurity.RandoopTest0.test325(RandoopTest0.java:4226)
	at sun.reflect.NativeMethodAccessorImpl.invoke0(Native Method)
	at sun.reflect.NativeMethodAccessorImpl.invoke(NativeMethodAccessorImpl.java:57)
	at sun.reflect.DelegatingMethodAccessorImpl.invoke(DelegatingMethodAccessorImpl.java:43)
	at edu.washington.cs.dt.util.TestRunnerWrapper.main(TestRunnerWrapper.java:56)

FAILURES!!!
Tests run: 1,  Failures: 0,  Errors: 1

.
Time: 0

OK (1 test)

.E
Time: 0
There was 1 error:
1) test334(randoop.xmlsecurity.RandoopTest0)java.lang.NullPointerException
	at org.apache.xml.security.keys.provider.ApacheKeyStore.engineDeleteEntry(ApacheKeyStore.java:291)
	at randoop.xmlsecurity.RandoopTest0.test334(RandoopTest0.java:4358)
	at sun.reflect.NativeMethodAccessorImpl.invoke0(Native Method)
	at sun.reflect.NativeMethodAccessorImpl.invoke(NativeMethodAccessorImpl.java:57)
	at sun.reflect.DelegatingMethodAccessorImpl.invoke(DelegatingMethodAccessorImpl.java:43)
	at edu.washington.cs.dt.util.TestRunnerWrapper.main(TestRunnerWrapper.java:56)

FAILURES!!!
Tests run: 1,  Failures: 0,  Errors: 1

.F
Time: 0.001
There was 1 failure:
1) test78(randoop.xmlsecurity.RandoopTest0)junit.framework.AssertionFailedError: '0000: 01                                                 .
' != '0000: 01                                                 .
'
	at randoop.xmlsecurity.RandoopTest0.test78(RandoopTest0.java:900)
	at sun.reflect.NativeMethodAccessorImpl.invoke0(Native Method)
	at sun.reflect.NativeMethodAccessorImpl.invoke(NativeMethodAccessorImpl.java:57)
	at sun.reflect.DelegatingMethodAccessorImpl.invoke(DelegatingMethodAccessorImpl.java:43)
	at edu.washington.cs.dt.util.TestRunnerWrapper.main(TestRunnerWrapper.java:56)

FAILURES!!!
Tests run: 1,  Failures: 1,  Errors: 0

0-th run
Pass: 32, Fail: 11, Error: 24
{randoop.xmlsecurity.RandoopTest0.test6=FAILURE, randoop.xmlsecurity.RandoopTest0.test8=PASS, randoop.xmlsecurity.RandoopTest0.test9=PASS, randoop.xmlsecurity.RandoopTest0.test19=PASS, randoop.xmlsecurity.RandoopTest0.test3=PASS, randoop.xmlsecurity.RandoopTest0.test26=PASS, randoop.xmlsecurity.RandoopTest0.test227=PASS, randoop.xmlsecurity.RandoopTest0.test24=PASS, randoop.xmlsecurity.RandoopTest0.test23=PASS, randoop.xmlsecurity.RandoopTest0.test33=ERROR, randoop.xmlsecurity.RandoopTest0.test239=PASS, randoop.xmlsecurity.RandoopTest0.test32=PASS, randoop.xmlsecurity.RandoopTest0.test269=PASS, randoop.xmlsecurity.RandoopTest1.test31=ERROR, randoop.xmlsecurity.RandoopTest0.test35=PASS, randoop.xmlsecurity.RandoopTest0.test368=ERROR, randoop.xmlsecurity.RandoopTest0.test228=FAILURE, randoop.xmlsecurity.RandoopTest0.test217=PASS, randoop.xmlsecurity.RandoopTest0.test46=PASS, randoop.xmlsecurity.RandoopTest0.test272=ERROR, randoop.xmlsecurity.RandoopTest0.test48=PASS, randoop.xmlsecurity.RandoopTest0.test431=PASS, randoop.xmlsecurity.RandoopTest0.test240=ERROR, randoop.xmlsecurity.RandoopTest0.test54=PASS, randoop.xmlsecurity.RandoopTest0.test363=ERROR, randoop.xmlsecurity.RandoopTest0.test440=ERROR, randoop.xmlsecurity.RandoopTest0.test436=ERROR, randoop.xmlsecurity.RandoopTest1.test30=ERROR, randoop.xmlsecurity.RandoopTest0.test270=ERROR, randoop.xmlsecurity.RandoopTest0.test442=PASS, randoop.xmlsecurity.RandoopTest0.test404=PASS, randoop.xmlsecurity.RandoopTest0.test164=ERROR, randoop.xmlsecurity.RandoopTest0.test303=ERROR, randoop.xmlsecurity.RandoopTest0.test367=PASS, randoop.xmlsecurity.RandoopTest1.test141=FAILURE, randoop.xmlsecurity.RandoopTest0.test471=FAILURE, randoop.xmlsecurity.RandoopTest0.test374=PASS, randoop.xmlsecurity.RandoopTest1.test134=ERROR, randoop.xmlsecurity.RandoopTest0.test451=PASS, randoop.xmlsecurity.RandoopTest0.test253=PASS, randoop.xmlsecurity.RandoopTest0.test432=PASS, randoop.xmlsecurity.RandoopTest0.test120=PASS, randoop.xmlsecurity.RandoopTest1.test153=PASS, randoop.xmlsecurity.RandoopTest0.test85=FAILURE, randoop.xmlsecurity.RandoopTest0.test354=ERROR, randoop.xmlsecurity.RandoopTest0.test183=PASS, randoop.xmlsecurity.RandoopTest0.test424=PASS, randoop.xmlsecurity.RandoopTest1.test76=ERROR, randoop.xmlsecurity.RandoopTest0.test341=ERROR, randoop.xmlsecurity.RandoopTest0.test446=PASS, randoop.xmlsecurity.RandoopTest0.test147=ERROR, randoop.xmlsecurity.RandoopTest0.test309=FAILURE, randoop.xmlsecurity.RandoopTest0.test145=PASS, randoop.xmlsecurity.RandoopTest0.test338=FAILURE, randoop.xmlsecurity.RandoopTest0.test337=ERROR, randoop.xmlsecurity.RandoopTest0.test170=ERROR, randoop.xmlsecurity.RandoopTest0.test356=ERROR, randoop.xmlsecurity.RandoopTest0.test315=PASS, randoop.xmlsecurity.RandoopTest0.test488=FAILURE, randoop.xmlsecurity.RandoopTest0.test249=FAILURE, randoop.xmlsecurity.RandoopTest0.test105=ERROR, randoop.xmlsecurity.RandoopTest0.test468=ERROR, randoop.xmlsecurity.RandoopTest0.test458=FAILURE, randoop.xmlsecurity.RandoopTest0.test325=ERROR, randoop.xmlsecurity.RandoopTest0.test416=PASS, randoop.xmlsecurity.RandoopTest0.test334=ERROR, randoop.xmlsecurity.RandoopTest0.test78=FAILURE}


.
Time: 0.216

OK (1 test)

.
Time: 0.001

OK (1 test)

.
Time: 0.022

OK (1 test)

.F
Time: 0.11
There was 1 failure:
1) test156(randoop.xmlsecurity.RandoopTest0)junit.framework.AssertionFailedError: 'xmlsecurityOrgPrefsODIoU3Z1o6Bhi1uvqGJeQNdKIfv' != 'xmlsecurityOrgPrefsJbGzQBZSDvfRMokD5jmlgqidZuO'
	at randoop.xmlsecurity.RandoopTest0.test156(RandoopTest0.java:1942)
	at sun.reflect.NativeMethodAccessorImpl.invoke0(Native Method)
	at sun.reflect.NativeMethodAccessorImpl.invoke(NativeMethodAccessorImpl.java:57)
	at sun.reflect.DelegatingMethodAccessorImpl.invoke(DelegatingMethodAccessorImpl.java:43)
	at edu.washington.cs.dt.util.TestRunnerWrapper.main(TestRunnerWrapper.java:56)

FAILURES!!!
Tests run: 1,  Failures: 1,  Errors: 0

.
Time: 0.019

OK (1 test)

.
Time: 0.002

OK (1 test)

.F
Time: 0.007
There was 1 failure:
1) test22(randoop.xmlsecurity.RandoopTest0)junit.framework.AssertionFailedError: '' != ''
	at randoop.xmlsecurity.RandoopTest0.test22(RandoopTest0.java:248)
	at sun.reflect.NativeMethodAccessorImpl.invoke0(Native Method)
	at sun.reflect.NativeMethodAccessorImpl.invoke(NativeMethodAccessorImpl.java:57)
	at sun.reflect.DelegatingMethodAccessorImpl.invoke(DelegatingMethodAccessorImpl.java:43)
	at edu.washington.cs.dt.util.TestRunnerWrapper.main(TestRunnerWrapper.java:56)

FAILURES!!!
Tests run: 1,  Failures: 1,  Errors: 0

.E
Time: 0.019
There was 1 error:
1) test29(randoop.xmlsecurity.RandoopTest0)java.lang.NullPointerException
	at org.apache.xml.security.utils.resolver.ResourceResolver.register(ResourceResolver.java:256)
	at randoop.xmlsecurity.RandoopTest0.test29(RandoopTest0.java:323)
	at sun.reflect.NativeMethodAccessorImpl.invoke0(Native Method)
	at sun.reflect.NativeMethodAccessorImpl.invoke(NativeMethodAccessorImpl.java:57)
	at sun.reflect.DelegatingMethodAccessorImpl.invoke(DelegatingMethodAccessorImpl.java:43)
	at edu.washington.cs.dt.util.TestRunnerWrapper.main(TestRunnerWrapper.java:56)

FAILURES!!!
Tests run: 1,  Failures: 0,  Errors: 1

.
Time: 0.006

OK (1 test)

.
Time: 0.001

OK (1 test)

.E
Time: 0.007
There was 1 error:
1) test225(randoop.xmlsecurity.RandoopTest0)java.lang.NullPointerException
	at org.apache.xml.security.keys.provider.ApacheKeyStore.engineGetCertificate(ApacheKeyStore.java:301)
	at randoop.xmlsecurity.RandoopTest0.test225(RandoopTest0.java:2785)
	at sun.reflect.NativeMethodAccessorImpl.invoke0(Native Method)
	at sun.reflect.NativeMethodAccessorImpl.invoke(NativeMethodAccessorImpl.java:57)
	at sun.reflect.DelegatingMethodAccessorImpl.invoke(DelegatingMethodAccessorImpl.java:43)
	at edu.washington.cs.dt.util.TestRunnerWrapper.main(TestRunnerWrapper.java:56)

FAILURES!!!
Tests run: 1,  Failures: 0,  Errors: 1

.
Time: 0

OK (1 test)

.
Time: 0.002

OK (1 test)

.
Time: 0.001

OK (1 test)

.
Time: 0.001

OK (1 test)

.E
Time: 0.105
There was 1 error:
1) test43(randoop.xmlsecurity.RandoopTest0)java.lang.NullPointerException
	at org.apache.xpath.XPathAPI.eval(XPathAPI.java:266)
	at org.apache.xpath.XPathAPI.selectNodeIterator(XPathAPI.java:164)
	at org.apache.xpath.XPathAPI.selectSingleNode(XPathAPI.java:125)
	at org.apache.xml.security.algorithms.JCEMapper.getJCEIVAlgorithmFromURI(JCEMapper.java:415)
	at randoop.xmlsecurity.RandoopTest0.test43(RandoopTest0.java:484)
	at sun.reflect.NativeMethodAccessorImpl.invoke0(Native Method)
	at sun.reflect.NativeMethodAccessorImpl.invoke(NativeMethodAccessorImpl.java:57)
	at sun.reflect.DelegatingMethodAccessorImpl.invoke(DelegatingMethodAccessorImpl.java:43)
	at edu.washington.cs.dt.util.TestRunnerWrapper.main(TestRunnerWrapper.java:56)

FAILURES!!!
Tests run: 1,  Failures: 0,  Errors: 1

.
Time: 0

OK (1 test)

.
Time: 0

OK (1 test)

.E
Time: 0.022
There was 1 error:
1) test201(randoop.xmlsecurity.RandoopTest0)java.lang.NullPointerException
	at org.apache.xpath.XPathAPI.eval(XPathAPI.java:266)
	at org.apache.xpath.XPathAPI.selectNodeIterator(XPathAPI.java:164)
	at org.apache.xpath.XPathAPI.selectSingleNode(XPathAPI.java:125)
	at org.apache.xml.security.algorithms.JCEMapper.addProvider(JCEMapper.java:115)
	at randoop.xmlsecurity.RandoopTest0.test201(RandoopTest0.java:2499)
	at sun.reflect.NativeMethodAccessorImpl.invoke0(Native Method)
	at sun.reflect.NativeMethodAccessorImpl.invoke(NativeMethodAccessorImpl.java:57)
	at sun.reflect.DelegatingMethodAccessorImpl.invoke(DelegatingMethodAccessorImpl.java:43)
	at edu.washington.cs.dt.util.TestRunnerWrapper.main(TestRunnerWrapper.java:56)

FAILURES!!!
Tests run: 1,  Failures: 0,  Errors: 1

log4j:WARN No appenders could be found for logger (org.apache.xml.security.algorithms.JCEMapper).
log4j:WARN Please initialize the log4j system properly.
.E
Time: 0.008
There was 1 error:
1) test8(randoop.xmlsecurity.RandoopTest1)java.lang.NullPointerException
	at org.apache.xpath.XPathAPI.eval(XPathAPI.java:266)
	at org.apache.xpath.XPathAPI.selectNodeList(XPathAPI.java:203)
	at org.apache.xml.security.algorithms.JCEMapper.getAlgorithmClassFromURI(JCEMapper.java:299)
	at randoop.xmlsecurity.RandoopTest1.test8(RandoopTest1.java:115)
	at sun.reflect.NativeMethodAccessorImpl.invoke0(Native Method)
	at sun.reflect.NativeMethodAccessorImpl.invoke(NativeMethodAccessorImpl.java:57)
	at sun.reflect.DelegatingMethodAccessorImpl.invoke(DelegatingMethodAccessorImpl.java:43)
	at edu.washington.cs.dt.util.TestRunnerWrapper.main(TestRunnerWrapper.java:56)

FAILURES!!!
Tests run: 1,  Failures: 0,  Errors: 1

[Fatal Error] :-1:-1: Premature end of file.
.
Time: 0.448

OK (1 test)

.E
Time: 0.038
There was 1 error:
1) test162(randoop.xmlsecurity.RandoopTest1)java.lang.NullPointerException
	at org.apache.xpath.XPathAPI.eval(XPathAPI.java:266)
	at org.apache.xpath.XPathAPI.selectNodeIterator(XPathAPI.java:164)
	at org.apache.xpath.XPathAPI.selectSingleNode(XPathAPI.java:125)
	at org.apache.xml.security.algorithms.JCEMapper.getProviderIsInClassPath(JCEMapper.java:157)
	at org.apache.xml.security.algorithms.encryption.EncryptionMethodSpi.getRequiredProviderAvailable(EncryptionMethodSpi.java:98)
	at randoop.xmlsecurity.RandoopTest1.test162(RandoopTest1.java:3150)
	at sun.reflect.NativeMethodAccessorImpl.invoke0(Native Method)
	at sun.reflect.NativeMethodAccessorImpl.invoke(NativeMethodAccessorImpl.java:57)
	at sun.reflect.DelegatingMethodAccessorImpl.invoke(DelegatingMethodAccessorImpl.java:43)
	at edu.washington.cs.dt.util.TestRunnerWrapper.main(TestRunnerWrapper.java:56)

FAILURES!!!
Tests run: 1,  Failures: 0,  Errors: 1

.E
Time: 0.001
There was 1 error:
1) test51(randoop.xmlsecurity.RandoopTest0)java.lang.NullPointerException
	at org.apache.xpath.XPathAPI.eval(XPathAPI.java:266)
	at org.apache.xpath.XPathAPI.selectNodeList(XPathAPI.java:203)
	at org.apache.xml.security.algorithms.JCEMapper.translateURItoJCEID(JCEMapper.java:218)
	at randoop.xmlsecurity.RandoopTest0.test51(RandoopTest0.java:575)
	at sun.reflect.NativeMethodAccessorImpl.invoke0(Native Method)
	at sun.reflect.NativeMethodAccessorImpl.invoke(NativeMethodAccessorImpl.java:57)
	at sun.reflect.DelegatingMethodAccessorImpl.invoke(DelegatingMethodAccessorImpl.java:43)
	at edu.washington.cs.dt.util.TestRunnerWrapper.main(TestRunnerWrapper.java:56)

FAILURES!!!
Tests run: 1,  Failures: 0,  Errors: 1

.
Time: 0.001

OK (1 test)

.
Time: 0.001

OK (1 test)

.F
Time: 0.079
There was 1 failure:
1) test99(randoop.xmlsecurity.RandoopTest1)junit.framework.AssertionFailedError: '0000: 30 30 30 30 3A 20 34 45   20 36 46 20 32 30 20 36  0000: 4E 6F 20 6
0010: 44 20 36 35 20 37 33 20   37 33 20 36 31 20 20 20  D 65 73 73 61   
0020: 36 37 20 36 35 20 32 30   20 37 37 20 36 39 20 37  67 65 20 77 69 7
0030: 34 20 36 38 20 32 30 20   20 4E 6F 20 6D 65 73 73  4 68 20  No mess
0040: 61 67 65 20 77 69 74 68   20 0D 0A 30 30 31 30 3A  age with ..0010:
0050: 20 34 39 20 34 34 20 32   30 20 32 32 20 33 34 20   49 44 20 22 34 
0060: 33 31 20 33 34 20 33 34   20 20 20 33 35 20 33 31  31 34 34   35 31
0070: 20 33 34 20 33 31 20 33   30 20 34 31 20 33 34 20   34 31 30 41 34 
0080: 33 39 20 20 49 44 20 22   34 31 34 34 35 31 34 31  39  ID "41445141
0090: 30 41 34 39 0D 0A 30 30   32 30 3A 20 33 34 20 33  0A49..0020: 34 3
00A0: 31 20 33 34 20 33 31 20   33 34 20 33 31 20 33 30  1 34 31 34 31 30
00B0: 20 34 31 20 20 20 32 32   20 32 30 20 36 36 20 36   41   22 20 66 6
00C0: 46 20 37 35 20 36 45 20   36 34 20 32 30 20 20 34  F 75 6E 64 20  4
00D0: 31 34 31 34 31 30 41 22   20 66 6F 75 6E 64 20 0D  141410A" found .
00E0: 0A 30 30 33 30 3A 20 36   39 20 36 45 20 32 30 20  .0030: 69 6E 20 
00F0: 37 32 20 36 35 20 37 33   20 36 46 20 37 35 20 20  72 65 73 6F 75  
0100: 20 37 32 20 36 33 20 36   35 20 32 30 20 36 32 20   72 63 65 20 62 
0110: 37 35 20 36 45 20 36 34   20 20 69 6E 20 72 65 73  75 6E 64  in res
0120: 6F 75 72 63 65 20 62 75   6E 64 0D 0A 30 30 34 30  ource bund..0040
0130: 3A 20 36 43 20 36 35 20   32 30 20 32 32 20 36 46  : 6C 65 20 22 6F
0140: 20 37 32 20 36 37 20 32   46 20 20 20 36 31 20 37   72 67 2F   61 7
0150: 30 20 36 31 20 36 33 20   36 38 20 36 35 20 32 46  0 61 63 68 65 2F
0160: 20 37 38 20 20 6C 65 20   22 6F 72 67 2F 61 70 61   78  le "org/apa
0170: 63 68 65 2F 78 0D 0A 30   30 35 30 3A 20 36 44 20  che/x..0050: 6D 
0180: 36 43 20 32 46 20 37 33   20 36 35 20 36 33 20 37  6C 2F 73 65 63 7
0190: 35 20 37 32 20 20 20 36   39 20 37 34 20 37 39 20  5 72   69 74 79 
01A0: 32 46 20 37 32 20 36 35   20 37 33 20 36 46 20 20  2F 72 65 73 6F  
01B0: 6D 6C 2F 73 65 63 75 72   69 74 79 2F 72 65 73 6F  ml/security/reso
01C0: 0D 0A 30 30 36 30 3A 20   37 35 20 37 32 20 36 33  ..0060: 75 72 63
01D0: 20 36 35 20 32 46 20 37   38 20 36 44 20 36 43 20   65 2F 78 6D 6C 
01E0: 20 20 37 33 20 36 35 20   36 33 20 37 35 20 37 32    73 65 63 75 72
01F0: 20 36 39 20 37 34 20 37   39 20 20 75 72 63 65 2F   69 74 79  urce/
0200: 78 6D 6C 73 65 63 75 72   69 74 79 0D 0A 30 30 37  xmlsecurity..007
0210: 30 3A 20 32 32 20 20 20   20 20 20 20 20 20 20 20  0: 22           
0220: 20 20 20 20 20 20 20 20   20 20 20 20 20 20 20 20                  
0230: 20 20 20 20 20 20 20 20   20 20 20 20 20 20 20 20                  
0240: 20 20 20 20 20 20 22 0D   0A                             "..
' != '0000: 30 30 30 30 3A 20 34 45   20 36 46 20 32 30 20 36  0000: 4E 6F 20 6
0010: 44 20 36 35 20 37 33 20   37 33 20 36 31 20 20 20  D 65 73 73 61   
0020: 36 37 20 36 35 20 32 30   20 37 37 20 36 39 20 37  67 65 20 77 69 7
0030: 34 20 36 38 20 32 30 20   20 4E 6F 20 6D 65 73 73  4 68 20  No mess
0040: 61 67 65 20 77 69 74 68   20 0D 0A 30 30 31 30 3A  age with ..0010:
0050: 20 34 39 20 34 34 20 32   30 20 32 32 20 33 34 20   49 44 20 22 34 
0060: 33 31 20 33 34 20 33 34   20 20 20 33 35 20 33 31  31 34 34   35 31
0070: 20 33 34 20 33 31 20 33   30 20 34 31 20 33 34 20   34 31 30 41 34 
0080: 33 39 20 20 49 44 20 22   34 31 34 34 35 31 34 31  39  ID "41445141
0090: 30 41 34 39 0D 0A 30 30   32 30 3A 20 33 34 20 33  0A49..0020: 34 3
00A0: 31 20 33 34 20 33 31 20   33 34 20 33 31 20 33 30  1 34 31 34 31 30
00B0: 20 34 31 20 20 20 32 32   20 32 30 20 36 36 20 36   41   22 20 66 6
00C0: 46 20 37 35 20 36 45 20   36 34 20 32 30 20 20 34  F 75 6E 64 20  4
00D0: 31 34 31 34 31 30 41 22   20 66 6F 75 6E 64 20 0D  141410A" found .
00E0: 0A 30 30 33 30 3A 20 36   39 20 36 45 20 32 30 20  .0030: 69 6E 20 
00F0: 37 32 20 36 35 20 37 33   20 36 46 20 37 35 20 20  72 65 73 6F 75  
0100: 20 37 32 20 36 33 20 36   35 20 32 30 20 36 32 20   72 63 65 20 62 
0110: 37 35 20 36 45 20 36 34   20 20 69 6E 20 72 65 73  75 6E 64  in res
0120: 6F 75 72 63 65 20 62 75   6E 64 0D 0A 30 30 34 30  ource bund..0040
0130: 3A 20 36 43 20 36 35 20   32 30 20 32 32 20 36 46  : 6C 65 20 22 6F
0140: 20 37 32 20 36 37 20 32   46 20 20 20 36 31 20 37   72 67 2F   61 7
0150: 30 20 36 31 20 36 33 20   36 38 20 36 35 20 32 46  0 61 63 68 65 2F
0160: 20 37 38 20 20 6C 65 20   22 6F 72 67 2F 61 70 61   78  le "org/apa
0170: 63 68 65 2F 78 0D 0A 30   30 35 30 3A 20 36 44 20  che/x..0050: 6D 
0180: 36 43 20 32 46 20 37 33   20 36 35 20 36 33 20 37  6C 2F 73 65 63 7
0190: 35 20 37 32 20 20 20 36   39 20 37 34 20 37 39 20  5 72   69 74 79 
01A0: 32 46 20 37 32 20 36 35   20 37 33 20 36 46 20 20  2F 72 65 73 6F  
01B0: 6D 6C 2F 73 65 63 75 72   69 74 79 2F 72 65 73 6F  ml/security/reso
01C0: 0D 0A 30 30 36 30 3A 20   37 35 20 37 32 20 36 33  ..0060: 75 72 63
01D0: 20 36 35 20 32 46 20 37   38 20 36 44 20 36 43 20   65 2F 78 6D 6C 
01E0: 20 20 37 33 20 36 35 20   36 33 20 37 35 20 37 32    73 65 63 75 72
01F0: 20 36 39 20 37 34 20 37   39 20 20 75 72 63 65 2F   69 74 79  urce/
0200: 78 6D 6C 73 65 63 75 72   69 74 79 0D 0A 30 30 37  xmlsecurity..007
0210: 30 3A 20 32 32 20 20 20   20 20 20 20 20 20 20 20  0: 22           
0220: 20 20 20 20 20 20 20 20   20 20 20 20 20 20 20 20                  
0230: 20 20 20 20 20 20 20 20   20 20 20 20 20 20 20 20                  
0240: 20 20 20 20 20 20 22 0D   0A                             "..
'
	at randoop.xmlsecurity.RandoopTest1.test99(RandoopTest1.java:1816)
	at sun.reflect.NativeMethodAccessorImpl.invoke0(Native Method)
	at sun.reflect.NativeMethodAccessorImpl.invoke(NativeMethodAccessorImpl.java:57)
	at sun.reflect.DelegatingMethodAccessorImpl.invoke(DelegatingMethodAccessorImpl.java:43)
	at edu.washington.cs.dt.util.TestRunnerWrapper.main(TestRunnerWrapper.java:56)

FAILURES!!!
Tests run: 1,  Failures: 1,  Errors: 0

.E
Time: 0
There was 1 error:
1) test345(randoop.xmlsecurity.RandoopTest0)java.lang.NullPointerException
	at org.apache.xpath.XPathAPI.eval(XPathAPI.java:266)
	at org.apache.xpath.XPathAPI.selectNodeIterator(XPathAPI.java:164)
	at org.apache.xpath.XPathAPI.selectSingleNode(XPathAPI.java:125)
	at org.apache.xml.security.algorithms.JCEMapper.getProviderIsInClassPath(JCEMapper.java:157)
	at randoop.xmlsecurity.RandoopTest0.test345(RandoopTest0.java:4528)
	at sun.reflect.NativeMethodAccessorImpl.invoke0(Native Method)
	at sun.reflect.NativeMethodAccessorImpl.invoke(NativeMethodAccessorImpl.java:57)
	at sun.reflect.DelegatingMethodAccessorImpl.invoke(DelegatingMethodAccessorImpl.java:43)
	at edu.washington.cs.dt.util.TestRunnerWrapper.main(TestRunnerWrapper.java:56)

FAILURES!!!
Tests run: 1,  Failures: 0,  Errors: 1

.
Time: 0.087

OK (1 test)

.E
Time: 0.002
There was 1 error:
1) test319(randoop.xmlsecurity.RandoopTest0)java.lang.NullPointerException
	at org.apache.xpath.XPathAPI.eval(XPathAPI.java:266)
	at org.apache.xpath.XPathAPI.selectNodeIterator(XPathAPI.java:164)
	at org.apache.xpath.XPathAPI.selectSingleNode(XPathAPI.java:125)
	at org.apache.xml.security.algorithms.JCEMapper.getKeyTypeFromURI(JCEMapper.java:329)
	at randoop.xmlsecurity.RandoopTest0.test319(RandoopTest0.java:4108)
	at sun.reflect.NativeMethodAccessorImpl.invoke0(Native Method)
	at sun.reflect.NativeMethodAccessorImpl.invoke(NativeMethodAccessorImpl.java:57)
	at sun.reflect.DelegatingMethodAccessorImpl.invoke(DelegatingMethodAccessorImpl.java:43)
	at edu.washington.cs.dt.util.TestRunnerWrapper.main(TestRunnerWrapper.java:56)

FAILURES!!!
Tests run: 1,  Failures: 0,  Errors: 1

.
Time: 0.091

OK (1 test)

.E
Time: 0
There was 1 error:
1) test132(randoop.xmlsecurity.RandoopTest1)java.lang.NullPointerException
	at org.apache.xpath.XPathAPI.eval(XPathAPI.java:266)
	at org.apache.xpath.XPathAPI.selectNodeIterator(XPathAPI.java:164)
	at org.apache.xpath.XPathAPI.selectSingleNode(XPathAPI.java:125)
	at org.apache.xml.security.algorithms.JCEMapper.getJCEIVAlgorithmFromURI(JCEMapper.java:415)
	at randoop.xmlsecurity.RandoopTest1.test132(RandoopTest1.java:2517)
	at sun.reflect.NativeMethodAccessorImpl.invoke0(Native Method)
	at sun.reflect.NativeMethodAccessorImpl.invoke(NativeMethodAccessorImpl.java:57)
	at sun.reflect.DelegatingMethodAccessorImpl.invoke(DelegatingMethodAccessorImpl.java:43)
	at edu.washington.cs.dt.util.TestRunnerWrapper.main(TestRunnerWrapper.java:56)

FAILURES!!!
Tests run: 1,  Failures: 0,  Errors: 1

.E
Time: 0
There was 1 error:
1) test302(randoop.xmlsecurity.RandoopTest0)java.lang.NullPointerException
	at org.apache.xpath.XPathAPI.eval(XPathAPI.java:266)
	at org.apache.xpath.XPathAPI.selectNodeIterator(XPathAPI.java:164)
	at org.apache.xpath.XPathAPI.selectSingleNode(XPathAPI.java:125)
	at org.apache.xml.security.algorithms.JCEMapper.getKeyTypeFromURI(JCEMapper.java:329)
	at randoop.xmlsecurity.RandoopTest0.test302(RandoopTest0.java:3876)
	at sun.reflect.NativeMethodAccessorImpl.invoke0(Native Method)
	at sun.reflect.NativeMethodAccessorImpl.invoke(NativeMethodAccessorImpl.java:57)
	at sun.reflect.DelegatingMethodAccessorImpl.invoke(DelegatingMethodAccessorImpl.java:43)
	at edu.washington.cs.dt.util.TestRunnerWrapper.main(TestRunnerWrapper.java:56)

FAILURES!!!
Tests run: 1,  Failures: 0,  Errors: 1

.F
Time: 0.004
There was 1 failure:
1) test241(randoop.xmlsecurity.RandoopTest0)junit.framework.AssertionFailedError: '0000: 01                                                 .
' != '0000: 01                                                 .
'
	at randoop.xmlsecurity.RandoopTest0.test241(RandoopTest0.java:3039)
	at sun.reflect.NativeMethodAccessorImpl.invoke0(Native Method)
	at sun.reflect.NativeMethodAccessorImpl.invoke(NativeMethodAccessorImpl.java:57)
	at sun.reflect.DelegatingMethodAccessorImpl.invoke(DelegatingMethodAccessorImpl.java:43)
	at edu.washington.cs.dt.util.TestRunnerWrapper.main(TestRunnerWrapper.java:56)

FAILURES!!!
Tests run: 1,  Failures: 1,  Errors: 0

.E
Time: 0
There was 1 error:
1) test375(randoop.xmlsecurity.RandoopTest0)java.lang.NullPointerException
	at org.apache.xml.security.keys.provider.ApacheKeyStore.engineIsCertificateEntry(ApacheKeyStore.java:294)
	at randoop.xmlsecurity.RandoopTest0.test375(RandoopTest0.java:4968)
	at sun.reflect.NativeMethodAccessorImpl.invoke0(Native Method)
	at sun.reflect.NativeMethodAccessorImpl.invoke(NativeMethodAccessorImpl.java:57)
	at sun.reflect.DelegatingMethodAccessorImpl.invoke(DelegatingMethodAccessorImpl.java:43)
	at edu.washington.cs.dt.util.TestRunnerWrapper.main(TestRunnerWrapper.java:56)

FAILURES!!!
Tests run: 1,  Failures: 0,  Errors: 1

.
Time: 0

OK (1 test)

.
Time: 0.007

OK (1 test)

.E
Time: 0
There was 1 error:
1) test216(randoop.xmlsecurity.RandoopTest0)java.lang.NullPointerException
	at org.apache.xml.security.Init.registerKeyInfoContentHandler(Init.java:663)
	at randoop.xmlsecurity.RandoopTest0.test216(RandoopTest0.java:2681)
	at sun.reflect.NativeMethodAccessorImpl.invoke0(Native Method)
	at sun.reflect.NativeMethodAccessorImpl.invoke(NativeMethodAccessorImpl.java:57)
	at sun.reflect.DelegatingMethodAccessorImpl.invoke(DelegatingMethodAccessorImpl.java:43)
	at edu.washington.cs.dt.util.TestRunnerWrapper.main(TestRunnerWrapper.java:56)

FAILURES!!!
Tests run: 1,  Failures: 0,  Errors: 1

.E
Time: 0.001
There was 1 error:
1) test377(randoop.xmlsecurity.RandoopTest0)java.lang.NullPointerException
	at org.apache.xpath.XPathAPI.eval(XPathAPI.java:266)
	at org.apache.xpath.XPathAPI.selectNodeIterator(XPathAPI.java:164)
	at org.apache.xpath.XPathAPI.selectSingleNode(XPathAPI.java:125)
	at org.apache.xml.security.algorithms.JCEMapper.getKeyLengthFromURI(JCEMapper.java:365)
	at randoop.xmlsecurity.RandoopTest0.test377(RandoopTest0.java:4987)
	at sun.reflect.NativeMethodAccessorImpl.invoke0(Native Method)
	at sun.reflect.NativeMethodAccessorImpl.invoke(NativeMethodAccessorImpl.java:57)
	at sun.reflect.DelegatingMethodAccessorImpl.invoke(DelegatingMethodAccessorImpl.java:43)
	at edu.washington.cs.dt.util.TestRunnerWrapper.main(TestRunnerWrapper.java:56)

FAILURES!!!
Tests run: 1,  Failures: 0,  Errors: 1

.
Time: 0

OK (1 test)

.
Time: 0

OK (1 test)

.
F
Time: 0.007
There was 1 failure:
1) test330(randoop.xmlsecurity.RandoopTest0)junit.framework.AssertionFailedError: 'You must initialize the xml-security library correctly before you use it. Call the static method "org.apache.xml.security.Init.init();" to do that before you use any functionality from that library.' != 'No message with ID " aa  a  " found in resource bundle "org/apache/xml/security/resource/xmlsecurity". Original Exception was a org.apache.xml.security.transforms.TransformationException and message No message with ID "" found in resource bundle "org/apache/xml/security/resource/xmlsecurity"'
	at randoop.xmlsecurity.RandoopTest0.test330(RandoopTest0.java:4311)
	at sun.reflect.NativeMethodAccessorImpl.invoke0(Native Method)
	at sun.reflect.NativeMethodAccessorImpl.invoke(NativeMethodAccessorImpl.java:57)
	at sun.reflect.DelegatingMethodAccessorImpl.invoke(DelegatingMethodAccessorImpl.java:43)
	at edu.washington.cs.dt.util.TestRunnerWrapper.main(TestRunnerWrapper.java:56)

FAILURES!!!
Tests run: 1,  Failures: 1,  Errors: 0

.E
Time: 0.001
There was 1 error:
1) test429(randoop.xmlsecurity.RandoopTest0)java.lang.NullPointerException
	at org.apache.xpath.XPathAPI.eval(XPathAPI.java:266)
	at org.apache.xpath.XPathAPI.selectNodeIterator(XPathAPI.java:164)
	at org.apache.xpath.XPathAPI.selectSingleNode(XPathAPI.java:125)
	at org.apache.xml.security.algorithms.JCEMapper.getProviderIsInClassPath(JCEMapper.java:157)
	at randoop.xmlsecurity.RandoopTest0.test429(RandoopTest0.java:5857)
	at sun.reflect.NativeMethodAccessorImpl.invoke0(Native Method)
	at sun.reflect.NativeMethodAccessorImpl.invoke(NativeMethodAccessorImpl.java:57)
	at sun.reflect.DelegatingMethodAccessorImpl.invoke(DelegatingMethodAccessorImpl.java:43)
	at edu.washington.cs.dt.util.TestRunnerWrapper.main(TestRunnerWrapper.java:56)

FAILURES!!!
Tests run: 1,  Failures: 0,  Errors: 1

.E
Time: 0
There was 1 error:
1) test259(randoop.xmlsecurity.RandoopTest0)java.lang.NullPointerException
	at org.apache.xml.security.keys.provider.ApacheKeyStore.engineAliases(ApacheKeyStore.java:285)
	at org.apache.xml.security.keys.provider.ApacheKeyStore.engineContainsAlias(ApacheKeyStore.java:233)
	at randoop.xmlsecurity.RandoopTest0.test259(RandoopTest0.java:3282)
	at sun.reflect.NativeMethodAccessorImpl.invoke0(Native Method)
	at sun.reflect.NativeMethodAccessorImpl.invoke(NativeMethodAccessorImpl.java:57)
	at sun.reflect.DelegatingMethodAccessorImpl.invoke(DelegatingMethodAccessorImpl.java:43)
	at edu.washington.cs.dt.util.TestRunnerWrapper.main(TestRunnerWrapper.java:56)

FAILURES!!!
Tests run: 1,  Failures: 0,  Errors: 1

.
Time: 0.004

OK (1 test)

.E
Time: 0.001
There was 1 error:
1) test172(randoop.xmlsecurity.RandoopTest0)java.lang.NullPointerException
	at org.apache.xml.security.algorithms.SignatureAlgorithm.register(SignatureAlgorithm.java:429)
	at randoop.xmlsecurity.RandoopTest0.test172(RandoopTest0.java:2128)
	at sun.reflect.NativeMethodAccessorImpl.invoke0(Native Method)
	at sun.reflect.NativeMethodAccessorImpl.invoke(NativeMethodAccessorImpl.java:57)
	at sun.reflect.DelegatingMethodAccessorImpl.invoke(DelegatingMethodAccessorImpl.java:43)
	at edu.washington.cs.dt.util.TestRunnerWrapper.main(TestRunnerWrapper.java:56)

FAILURES!!!
Tests run: 1,  Failures: 0,  Errors: 1

.
Time: 0.003

OK (1 test)

.E
Time: 0.005
There was 1 error:
1) test381(randoop.xmlsecurity.RandoopTest0)java.lang.NullPointerException
	at org.apache.xml.security.c14n.Canonicalizer.getImplementingClass(Canonicalizer.java:356)
	at org.apache.xml.security.c14n.Canonicalizer.register(Canonicalizer.java:168)
	at randoop.xmlsecurity.RandoopTest0.test381(RandoopTest0.java:5062)
	at sun.reflect.NativeMethodAccessorImpl.invoke0(Native Method)
	at sun.reflect.NativeMethodAccessorImpl.invoke(NativeMethodAccessorImpl.java:57)
	at sun.reflect.DelegatingMethodAccessorImpl.invoke(DelegatingMethodAccessorImpl.java:43)
	at edu.washington.cs.dt.util.TestRunnerWrapper.main(TestRunnerWrapper.java:56)

FAILURES!!!
Tests run: 1,  Failures: 0,  Errors: 1

.
Time: 0.001

OK (1 test)

.E
Time: 0.001
There was 1 error:
1) test103(randoop.xmlsecurity.RandoopTest0)java.lang.NullPointerException
	at org.apache.xpath.XPathAPI.eval(XPathAPI.java:266)
	at org.apache.xpath.XPathAPI.selectNodeIterator(XPathAPI.java:164)
	at org.apache.xpath.XPathAPI.selectSingleNode(XPathAPI.java:125)
	at org.apache.xml.security.algorithms.JCEMapper.getProviderIsInClassPath(JCEMapper.java:157)
	at org.apache.xml.security.algorithms.JCEMapper.translateURItoJCEID(JCEMapper.java:260)
	at randoop.xmlsecurity.RandoopTest0.test103(RandoopTest0.java:1286)
	at sun.reflect.NativeMethodAccessorImpl.invoke0(Native Method)
	at sun.reflect.NativeMethodAccessorImpl.invoke(NativeMethodAccessorImpl.java:57)
	at sun.reflect.DelegatingMethodAccessorImpl.invoke(DelegatingMethodAccessorImpl.java:43)
	at edu.washington.cs.dt.util.TestRunnerWrapper.main(TestRunnerWrapper.java:56)

FAILURES!!!
Tests run: 1,  Failures: 0,  Errors: 1

.E
Time: 0.007
There was 1 error:
1) test130(randoop.xmlsecurity.RandoopTest1)java.lang.NullPointerException
	at org.apache.xml.security.algorithms.encryption.implementations.BC.KeyWrapImpl_AES_BC.engineGetBlockSize(KeyWrapImpl_AES_BC.java:63)
	at randoop.xmlsecurity.RandoopTest1.test130(RandoopTest1.java:2492)
	at sun.reflect.NativeMethodAccessorImpl.invoke0(Native Method)
	at sun.reflect.NativeMethodAccessorImpl.invoke(NativeMethodAccessorImpl.java:57)
	at sun.reflect.DelegatingMethodAccessorImpl.invoke(DelegatingMethodAccessorImpl.java:43)
	at edu.washington.cs.dt.util.TestRunnerWrapper.main(TestRunnerWrapper.java:56)

FAILURES!!!
Tests run: 1,  Failures: 0,  Errors: 1

.
Time: 0.001

OK (1 test)

.E
Time: 0
There was 1 error:
1) test320(randoop.xmlsecurity.RandoopTest0)java.lang.NullPointerException
	at org.apache.xpath.XPathAPI.eval(XPathAPI.java:266)
	at org.apache.xpath.XPathAPI.selectNodeIterator(XPathAPI.java:164)
	at org.apache.xpath.XPathAPI.selectSingleNode(XPathAPI.java:125)
	at org.apache.xml.security.algorithms.JCEMapper.addProvider(JCEMapper.java:115)
	at randoop.xmlsecurity.RandoopTest0.test320(RandoopTest0.java:4120)
	at sun.reflect.NativeMethodAccessorImpl.invoke0(Native Method)
	at sun.reflect.NativeMethodAccessorImpl.invoke(NativeMethodAccessorImpl.java:57)
	at sun.reflect.DelegatingMethodAccessorImpl.invoke(DelegatingMethodAccessorImpl.java:43)
	at edu.washington.cs.dt.util.TestRunnerWrapper.main(TestRunnerWrapper.java:56)

FAILURES!!!
Tests run: 1,  Failures: 0,  Errors: 1

.E
Time: 0.018
There was 1 error:
1) test66(randoop.xmlsecurity.RandoopTest0)java.lang.NullPointerException
	at randoop.xmlsecurity.RandoopTest0.test66(RandoopTest0.java:755)
	at sun.reflect.NativeMethodAccessorImpl.invoke0(Native Method)
	at sun.reflect.NativeMethodAccessorImpl.invoke(NativeMethodAccessorImpl.java:57)
	at sun.reflect.DelegatingMethodAccessorImpl.invoke(DelegatingMethodAccessorImpl.java:43)
	at edu.washington.cs.dt.util.TestRunnerWrapper.main(TestRunnerWrapper.java:56)

FAILURES!!!
Tests run: 1,  Failures: 0,  Errors: 1

.
Time: 0.007

OK (1 test)

.F
Time: 0.017
There was 1 failure:
1) test46(randoop.xmlsecurity.RandoopTest1)junit.framework.AssertionFailedError: '0000: 30 30 30 30 3A 20 36 38   20 37 34 20 37 34 20 37  0000: 68 74 74 7
0010: 30 20 33 41 20 32 46 20   32 46 20 37 37 20 20 20  0 3A 2F 2F 77   
0020: 37 37 20 37 37 20 32 45   20 37 37 20 33 33 20 32  77 77 2E 77 33 2
0030: 45 20 36 46 20 37 32 20   20 68 74 74 70 3A 2F 2F  E 6F 72  http://
0040: 77 77 77 2E 77 33 2E 6F   72 0D 0A 30 30 31 30 3A  www.w3.or..0010:
0050: 20 36 37 20 32 46 20 33   32 20 33 30 20 33 30 20   67 2F 32 30 30 
0060: 33 31 20 32 46 20 33 30   20 20 20 33 34 20 32 46  31 2F 30   34 2F
0070: 20 37 38 20 36 44 20 36   43 20 36 35 20 36 45 20   78 6D 6C 65 6E 
0080: 36 33 20 20 67 2F 32 30   30 31 2F 30 34 2F 78 6D  63  g/2001/04/xm
0090: 6C 65 6E 63 0D 0A 30 30   32 30 3A 20 32 33 20 36  lenc..0020: 23 6
00A0: 31 20 36 35 20 37 33 20   33 31 20 33 39 20 33 32  1 65 73 31 39 32
00B0: 20 32 44 20 20 20 36 33   20 36 32 20 36 33 20 20   2D   63 62 63  
00C0: 20 20 20 20 20 20 20 20   20 20 20 20 20 20 20 23                 #
00D0: 61 65 73 31 39 32 2D 63   62 63 0D 0A              aes192-cbc..
' != '0000: 30 30 30 30 3A 20 36 38   20 37 34 20 37 34 20 37  0000: 68 74 74 7
0010: 30 20 33 41 20 32 46 20   32 46 20 37 37 20 20 20  0 3A 2F 2F 77   
0020: 37 37 20 37 37 20 32 45   20 37 37 20 33 33 20 32  77 77 2E 77 33 2
0030: 45 20 36 46 20 37 32 20   20 68 74 74 70 3A 2F 2F  E 6F 72  http://
0040: 77 77 77 2E 77 33 2E 6F   72 0D 0A 30 30 31 30 3A  www.w3.or..0010:
0050: 20 36 37 20 32 46 20 33   32 20 33 30 20 33 30 20   67 2F 32 30 30 
0060: 33 31 20 32 46 20 33 30   20 20 20 33 34 20 32 46  31 2F 30   34 2F
0070: 20 37 38 20 36 44 20 36   43 20 36 35 20 36 45 20   78 6D 6C 65 6E 
0080: 36 33 20 20 67 2F 32 30   30 31 2F 30 34 2F 78 6D  63  g/2001/04/xm
0090: 6C 65 6E 63 0D 0A 30 30   32 30 3A 20 32 33 20 36  lenc..0020: 23 6
00A0: 31 20 36 35 20 37 33 20   33 31 20 33 39 20 33 32  1 65 73 31 39 32
00B0: 20 32 44 20 20 20 36 33   20 36 32 20 36 33 20 20   2D   63 62 63  
00C0: 20 20 20 20 20 20 20 20   20 20 20 20 20 20 20 23                 #
00D0: 61 65 73 31 39 32 2D 63   62 63 0D 0A              aes192-cbc..
'
	at randoop.xmlsecurity.RandoopTest1.test46(RandoopTest1.java:957)
	at sun.reflect.NativeMethodAccessorImpl.invoke0(Native Method)
	at sun.reflect.NativeMethodAccessorImpl.invoke(NativeMethodAccessorImpl.java:57)
	at sun.reflect.DelegatingMethodAccessorImpl.invoke(DelegatingMethodAccessorImpl.java:43)
	at edu.washington.cs.dt.util.TestRunnerWrapper.main(TestRunnerWrapper.java:56)

FAILURES!!!
Tests run: 1,  Failures: 1,  Errors: 0

.E
Time: 0
There was 1 error:
1) test297(randoop.xmlsecurity.RandoopTest0)java.lang.NullPointerException
	at org.apache.xml.security.Init.registerKeyInfoContentHandler(Init.java:663)
	at randoop.xmlsecurity.RandoopTest0.test297(RandoopTest0.java:3823)
	at sun.reflect.NativeMethodAccessorImpl.invoke0(Native Method)
	at sun.reflect.NativeMethodAccessorImpl.invoke(NativeMethodAccessorImpl.java:57)
	at sun.reflect.DelegatingMethodAccessorImpl.invoke(DelegatingMethodAccessorImpl.java:43)
	at edu.washington.cs.dt.util.TestRunnerWrapper.main(TestRunnerWrapper.java:56)

FAILURES!!!
Tests run: 1,  Failures: 0,  Errors: 1

.E
Time: 0.008
There was 1 error:
1) test163(randoop.xmlsecurity.RandoopTest0)java.lang.NullPointerException
	at org.apache.xml.security.Init.registerKeyInfoContentHandler(Init.java:663)
	at randoop.xmlsecurity.RandoopTest0.test163(RandoopTest0.java:2011)
	at sun.reflect.NativeMethodAccessorImpl.invoke0(Native Method)
	at sun.reflect.NativeMethodAccessorImpl.invoke(NativeMethodAccessorImpl.java:57)
	at sun.reflect.DelegatingMethodAccessorImpl.invoke(DelegatingMethodAccessorImpl.java:43)
	at edu.washington.cs.dt.util.TestRunnerWrapper.main(TestRunnerWrapper.java:56)

FAILURES!!!
Tests run: 1,  Failures: 0,  Errors: 1

.
Time: 0

OK (1 test)

.
Time: 0.005

OK (1 test)

.
Time: 0

OK (1 test)

.E
Time: 0
There was 1 error:
1) test243(randoop.xmlsecurity.RandoopTest0)java.lang.NullPointerException
	at org.apache.xml.security.keys.provider.ApacheKeyStore.engineGetKey(ApacheKeyStore.java:320)
	at randoop.xmlsecurity.RandoopTest0.test243(RandoopTest0.java:3072)
	at sun.reflect.NativeMethodAccessorImpl.invoke0(Native Method)
	at sun.reflect.NativeMethodAccessorImpl.invoke(NativeMethodAccessorImpl.java:57)
	at sun.reflect.DelegatingMethodAccessorImpl.invoke(DelegatingMethodAccessorImpl.java:43)
	at edu.washington.cs.dt.util.TestRunnerWrapper.main(TestRunnerWrapper.java:56)

FAILURES!!!
Tests run: 1,  Failures: 0,  Errors: 1

.
Time: 0

OK (1 test)

.
Time: 0

OK (1 test)

.E
Time: 0
There was 1 error:
1) test390(randoop.xmlsecurity.RandoopTest0)java.lang.NullPointerException
	at org.apache.xml.security.keys.provider.ApacheKeyStore.engineGetCertificateChain(ApacheKeyStore.java:304)
	at randoop.xmlsecurity.RandoopTest0.test390(RandoopTest0.java:5184)
	at sun.reflect.NativeMethodAccessorImpl.invoke0(Native Method)
	at sun.reflect.NativeMethodAccessorImpl.invoke(NativeMethodAccessorImpl.java:57)
	at sun.reflect.DelegatingMethodAccessorImpl.invoke(DelegatingMethodAccessorImpl.java:43)
	at edu.washington.cs.dt.util.TestRunnerWrapper.main(TestRunnerWrapper.java:56)

FAILURES!!!
Tests run: 1,  Failures: 0,  Errors: 1

.
Time: 0

OK (1 test)

.
Time: 0

OK (1 test)

.E
Time: 0.007
There was 1 error:
1) test311(randoop.xmlsecurity.RandoopTest0)java.lang.NullPointerException
	at org.apache.xml.security.algorithms.encryption.implementations.BC.KeyWrapImpl_TRIPLEDES_BC.engineGetBlockSize(KeyWrapImpl_TRIPLEDES_BC.java:133)
	at randoop.xmlsecurity.RandoopTest0.test311(RandoopTest0.java:4021)
	at sun.reflect.NativeMethodAccessorImpl.invoke0(Native Method)
	at sun.reflect.NativeMethodAccessorImpl.invoke(NativeMethodAccessorImpl.java:57)
	at sun.reflect.DelegatingMethodAccessorImpl.invoke(DelegatingMethodAccessorImpl.java:43)
	at edu.washington.cs.dt.util.TestRunnerWrapper.main(TestRunnerWrapper.java:56)

FAILURES!!!
Tests run: 1,  Failures: 0,  Errors: 1

0-th run
Pass: 34, Fail: 6, Error: 27
{randoop.xmlsecurity.RandoopTest0.test2=PASS, randoop.xmlsecurity.RandoopTest0.test10=PASS, randoop.xmlsecurity.RandoopTest0.test18=PASS, randoop.xmlsecurity.RandoopTest0.test156=FAILURE, randoop.xmlsecurity.RandoopTest0.test21=PASS, randoop.xmlsecurity.RandoopTest0.test219=PASS, randoop.xmlsecurity.RandoopTest0.test22=FAILURE, randoop.xmlsecurity.RandoopTest0.test29=ERROR, randoop.xmlsecurity.RandoopTest0.test25=PASS, randoop.xmlsecurity.RandoopTest0.test34=PASS, randoop.xmlsecurity.RandoopTest0.test225=ERROR, randoop.xmlsecurity.RandoopTest0.test31=PASS, randoop.xmlsecurity.RandoopTest0.test47=PASS, randoop.xmlsecurity.RandoopTest0.test17=PASS, randoop.xmlsecurity.RandoopTest0.test40=PASS, randoop.xmlsecurity.RandoopTest0.test43=ERROR, randoop.xmlsecurity.RandoopTest0.test16=PASS, randoop.xmlsecurity.RandoopTest0.test45=PASS, randoop.xmlsecurity.RandoopTest0.test201=ERROR, randoop.xmlsecurity.RandoopTest1.test8=ERROR, randoop.xmlsecurity.RandoopTest0.test405=PASS, randoop.xmlsecurity.RandoopTest1.test162=ERROR, randoop.xmlsecurity.RandoopTest0.test51=ERROR, randoop.xmlsecurity.RandoopTest0.test158=PASS, randoop.xmlsecurity.RandoopTest0.test288=PASS, randoop.xmlsecurity.RandoopTest1.test99=FAILURE, randoop.xmlsecurity.RandoopTest0.test345=ERROR, randoop.xmlsecurity.RandoopTest0.test296=PASS, randoop.xmlsecurity.RandoopTest0.test319=ERROR, randoop.xmlsecurity.RandoopTest1.test28=PASS, randoop.xmlsecurity.RandoopTest1.test132=ERROR, randoop.xmlsecurity.RandoopTest0.test302=ERROR, randoop.xmlsecurity.RandoopTest0.test241=FAILURE, randoop.xmlsecurity.RandoopTest0.test375=ERROR, randoop.xmlsecurity.RandoopTest1.test35=PASS, randoop.xmlsecurity.RandoopTest0.test419=PASS, randoop.xmlsecurity.RandoopTest0.test216=ERROR, randoop.xmlsecurity.RandoopTest0.test377=ERROR, randoop.xmlsecurity.RandoopTest1.test2=PASS, randoop.xmlsecurity.RandoopTest0.test214=PASS, randoop.xmlsecurity.RandoopTest0.test330=FAILURE, randoop.xmlsecurity.RandoopTest0.test429=ERROR, randoop.xmlsecurity.RandoopTest0.test259=ERROR, randoop.xmlsecurity.RandoopTest0.test209=PASS, randoop.xmlsecurity.RandoopTest0.test172=ERROR, randoop.xmlsecurity.RandoopTest1.test128=PASS, randoop.xmlsecurity.RandoopTest0.test381=ERROR, randoop.xmlsecurity.RandoopTest0.test202=PASS, randoop.xmlsecurity.RandoopTest0.test103=ERROR, randoop.xmlsecurity.RandoopTest1.test130=ERROR, randoop.xmlsecurity.RandoopTest1.test32=PASS, randoop.xmlsecurity.RandoopTest0.test320=ERROR, randoop.xmlsecurity.RandoopTest0.test66=ERROR, randoop.xmlsecurity.RandoopTest1.test38=PASS, randoop.xmlsecurity.RandoopTest1.test46=FAILURE, randoop.xmlsecurity.RandoopTest0.test297=ERROR, randoop.xmlsecurity.RandoopTest0.test163=ERROR, randoop.xmlsecurity.RandoopTest0.test391=PASS, randoop.xmlsecurity.RandoopTest0.test75=PASS, randoop.xmlsecurity.RandoopTest0.test94=PASS, randoop.xmlsecurity.RandoopTest0.test243=ERROR, randoop.xmlsecurity.RandoopTest0.test281=PASS, randoop.xmlsecurity.RandoopTest0.test346=PASS, randoop.xmlsecurity.RandoopTest0.test390=ERROR, randoop.xmlsecurity.RandoopTest0.test444=PASS, randoop.xmlsecurity.RandoopTest0.test275=PASS, randoop.xmlsecurity.RandoopTest0.test311=ERROR}


